#
# A fatal error has been detected by the Java Runtime Environment:
#
#  EXCEPTION_ACCESS_VIOLATION (0xc0000005) at pc=0x00007ffa7ea74f76, pid=236, tid=12720
#
# JRE version: Java(TM) SE Runtime Environment 18.9 (11.0.8+10) (build 11.0.8+10-LTS)
# Java VM: Java HotSpot(TM) 64-Bit Server VM 18.9 (11.0.8+10-LTS, mixed mode, tiered, compressed oops, g1 gc, windows-amd64)
# Problematic frame:
# V  [jvm.dll+0x524f76]
#
# No core dump will be written. Minidumps are not enabled by default on client versions of Windows
#
# If you would like to submit a bug report, please visit:
#   https://bugreport.java.com/bugreport/crash.jsp
#

---------------  S U M M A R Y ------------

Command Line: -Dorg.gradle.native=false -javaagent:C:\Users\Administrator\AppData\Local\JetBrains\IntelliJIdea2020.1\testAgent\intellij-coverage-agent-1.0.508.jar=C:\Users\Administrator\AppData\Local\Temp\coverage7args -javaagent:build/tmp/expandedArchives/org.jacoco.agent-0.8.2.jar_2aca8b620b19ecd063f63feff8caaa38/jacocoagent.jar=destfile=build/jacoco/test.exec,append=true,inclnolocationclasses=false,dumponexit=true,output=file,jmx=false -Xmx512m -Dfile.encoding=UTF-8 -Duser.country=US -Duser.language=en -Duser.variant -ea worker.org.gradle.process.internal.worker.GradleWorkerMain 'Gradle Test Executor 17'

Host: Intel(R) Core(TM) i7-7700K CPU @ 4.20GHz, 8 cores, 15G,  Windows 10 , 64 bit Build 18362 (10.0.18362.1082)
Time: Sun Oct 11 16:56:59 2020 China Standard Time elapsed time: 0 seconds (0d 0h 0m 0s)

---------------  T H R E A D  ---------------

Current thread (0x00000199801fc800):  JavaThread "C2 CompilerThread1" daemon [_thread_in_native, id=12720, stack(0x00000090e9800000,0x00000090e9900000)]


Current CompileTask:
C2:    977 1318       4       org.jetbrains.coverage.org.objectweb.asm.Frame::execute (2318 bytes)

Stack: [0x00000090e9800000,0x00000090e9900000],  sp=0x00000090e98fa930,  free space=1002k
Native frames: (J=compiled Java code, j=interpreted, Vv=VM code, C=native code)
V  [jvm.dll+0x524f76]
V  [jvm.dll+0x5236ed]
V  [jvm.dll+0x2044ad]
V  [jvm.dll+0x1fe3fa]
V  [jvm.dll+0x1fb37f]
V  [jvm.dll+0x17e0fc]
V  [jvm.dll+0x20aaa4]
V  [jvm.dll+0x208b7b]
V  [jvm.dll+0x6ff90c]
V  [jvm.dll+0x6f845c]
V  [jvm.dll+0x600d66]
C  [ucrtbase.dll+0x20e82]
C  [KERNEL32.DLL+0x17bd4]
C  [ntdll.dll+0x6ce51]


siginfo: EXCEPTION_ACCESS_VIOLATION (0xc0000005), reading address 0x0000019b8afa5dd0


Register to memory mapping:

RIP=0x00007ffa7ea74f76 jvm.dll
RAX=0x0000019981d92cd8 points into unknown readable memory: 00 00 00 00 00 00 00 00
RBX=0x0000019981d93a78 points into unknown readable memory: 40 f6 d4 7e fa 7f 00 00
RCX=0x0000000081d92f80 is an unknown value
RDX=0x0000019981d93ac0 points into unknown readable memory: d8 2c d9 81 99 01 00 00
RSP=0x00000090e98fa930 is pointing into the stack for thread: 0x00000199801fc800
RBP=0x00000090e98fa990 is pointing into the stack for thread: 0x00000199801fc800
RSI=0x00000000000000c7 is an unknown value
RDI=0x0000000000000001 is an unknown value
R8 =0x0000019981d93ad0 points into unknown readable memory: d8 3c d9 81 99 01 00 00
R9 =0x0000019983959fd0 points into unknown readable memory: 02 00 00 00 00 00 00 00
R10=0x0000000000000001 is an unknown value
R11=0x0000019983959fd0 points into unknown readable memory: 02 00 00 00 00 00 00 00
R12=0x00000090e98fba01 is pointing into the stack for thread: 0x00000199801fc800
R13=0x0000019984ecc2f0 points into unknown readable memory: 30 f3 d4 7e fa 7f 00 00
R14=0x00000090e98faeb0 is pointing into the stack for thread: 0x00000199801fc800
R15=0x000000000000006d is an unknown value


Registers:
RAX=0x0000019981d92cd8, RBX=0x0000019981d93a78, RCX=0x0000000081d92f80, RDX=0x0000019981d93ac0
RSP=0x00000090e98fa930, RBP=0x00000090e98fa990, RSI=0x00000000000000c7, RDI=0x0000000000000001
R8 =0x0000019981d93ad0, R9 =0x0000019983959fd0, R10=0x0000000000000001, R11=0x0000019983959fd0
R12=0x00000090e98fba01, R13=0x0000019984ecc2f0, R14=0x00000090e98faeb0, R15=0x000000000000006d
RIP=0x00007ffa7ea74f76, EFLAGS=0x0000000000010287

Top of Stack: (sp=0x00000090e98fa930)
0x00000090e98fa930:   0000019984ecc2f0 00000000000000c7
0x00000090e98fa940:   00000090000000ac 0000019982d15678
0x00000090e98fa950:   000014310000006d 0000000000000000
0x00000090e98fa960:   0000019900000008 00000199852c5750
0x00000090e98fa970:   000001998021b310 00000199801f8178
0x00000090e98fa980:   0000000000000001 00000090e98fe650
0x00000090e98fa990:   00000090e98faaa0 00007ffa7ea736ed
0x00000090e98fa9a0:   0000019981d93a78 0000000000000000
0x00000090e98fa9b0:   00000090e98faeb0 0000000000000001
0x00000090e98fa9c0:   000001998021b310 00007ffa00004000
0x00000090e98fa9d0:   00000199853a1c70 0000000000000000
0x00000090e98fa9e0:   00007ffa7eddb460 000001998021b310
0x00000090e98fa9f0:   0000000000000002 00000199828dd910
0x00000090e98faa00:   000001998021b310 00000199828dd8c0
0x00000090e98faa10:   000000000020a368 00000199828dd910
0x00000090e98faa20:   00000199828e58a8 000001998021b310 

Instructions: (pc=0x00007ffa7ea74f76)
0x00007ffa7ea74f56:   81 00 75 46 48 8b 53 10 8b 43 20 4c 8d 04 c2 49
0x00007ffa7ea74f66:   3b d0 73 36 66 0f 1f 44 00 00 48 8b 02 8b 48 28
0x00007ffa7ea74f76:   41 8b 04 89 85 c0 74 0a a8 01 75 06 d1 e8 3b c6
0x00007ffa7ea74f86:   7c 0b 48 83 c2 08 49 3b d0 72 df eb 0d 48 8d 55 


Stack slot to memory mapping:
stack at sp + 0 slots: 0x0000019984ecc2f0 points into unknown readable memory: 30 f3 d4 7e fa 7f 00 00
stack at sp + 1 slots: 0x00000000000000c7 is an unknown value
stack at sp + 2 slots: 0x00000090000000ac is an unknown value
stack at sp + 3 slots: 0x0000019982d15678 points into unknown readable memory: 20 f2 76 82 99 01 00 00
stack at sp + 4 slots: 0x000014310000006d is an unknown value
stack at sp + 5 slots: 0x0 is NULL
stack at sp + 6 slots: 0x0000019900000008 is an unknown value
stack at sp + 7 slots: 0x00000199852c5750 points into unknown readable memory: 30 af 0d 80 99 01 00 00


---------------  P R O C E S S  ---------------

Threads class SMR info:
_java_thread_list=0x00000199813aa7d0, length=12, elements={
0x00000199e4305000, 0x0000019980028800, 0x0000019980029000, 0x0000019980092000,
0x0000019980093000, 0x0000019980096800, 0x00000199800a2800, 0x00000199800a8000,
0x00000199ff778800, 0x00000199801fc800, 0x00000199803b8000, 0x0000019980552000
}

Java Threads: ( => current thread )
  0x00000199e4305000 JavaThread "main" [_thread_in_Java, id=2904, stack(0x00000090e8900000,0x00000090e8a00000)]
  0x0000019980028800 JavaThread "Reference Handler" daemon [_thread_blocked, id=18700, stack(0x00000090e9000000,0x00000090e9100000)]
  0x0000019980029000 JavaThread "Finalizer" daemon [_thread_blocked, id=15576, stack(0x00000090e9100000,0x00000090e9200000)]
  0x0000019980092000 JavaThread "Signal Dispatcher" daemon [_thread_blocked, id=14188, stack(0x00000090e9200000,0x00000090e9300000)]
  0x0000019980093000 JavaThread "Attach Listener" daemon [_thread_blocked, id=13400, stack(0x00000090e9300000,0x00000090e9400000)]
  0x0000019980096800 JavaThread "C2 CompilerThread0" daemon [_thread_in_native, id=12012, stack(0x00000090e9400000,0x00000090e9500000)]
  0x00000199800a2800 JavaThread "C1 CompilerThread0" daemon [_thread_in_vm, id=13816, stack(0x00000090e9500000,0x00000090e9600000)]
  0x00000199800a8000 JavaThread "Sweeper thread" daemon [_thread_blocked, id=12296, stack(0x00000090e9600000,0x00000090e9700000)]
  0x00000199ff778800 JavaThread "Common-Cleaner" daemon [_thread_blocked, id=18820, stack(0x00000090e9700000,0x00000090e9800000)]
=>0x00000199801fc800 JavaThread "C2 CompilerThread1" daemon [_thread_in_native, id=12720, stack(0x00000090e9800000,0x00000090e9900000)]
  0x00000199803b8000 JavaThread "C2 CompilerThread2" daemon [_thread_in_native, id=6012, stack(0x00000090e9900000,0x00000090e9a00000)]
  0x0000019980552000 JavaThread "Service Thread" daemon [_thread_blocked, id=13948, stack(0x00000090e9a00000,0x00000090e9b00000)]

Other Threads:
  0x0000019980002800 VMThread "VM Thread" [stack: 0x00000090e8f00000,0x00000090e9000000] [id=19652]
  0x0000019980773800 WatcherThread [stack: 0x00000090e9b00000,0x00000090e9c00000] [id=7544]
  0x00000199e4319800 GCTaskThread "GC Thread#0" [stack: 0x00000090e8a00000,0x00000090e8b00000] [id=19292]
  0x0000019983db4800 GCTaskThread "GC Thread#1" [stack: 0x00000090e9c00000,0x00000090e9d00000] [id=17028]
  0x0000019982c65000 GCTaskThread "GC Thread#2" [stack: 0x00000090e9d00000,0x00000090e9e00000] [id=3024]
  0x0000019982cc9000 GCTaskThread "GC Thread#3" [stack: 0x00000090e9e00000,0x00000090e9f00000] [id=6248]
  0x000001998396a800 GCTaskThread "GC Thread#4" [stack: 0x00000090e9f00000,0x00000090ea000000] [id=5156]
  0x00000199805aa000 GCTaskThread "GC Thread#5" [stack: 0x00000090ea000000,0x00000090ea100000] [id=17996]
  0x00000199e432f000 ConcurrentGCThread "G1 Main Marker" [stack: 0x00000090e8b00000,0x00000090e8c00000] [id=20472]
  0x00000199e4330000 ConcurrentGCThread "G1 Conc#0" [stack: 0x00000090e8c00000,0x00000090e8d00000] [id=18484]
  0x00000199ff624800 ConcurrentGCThread "G1 Refine#0" [stack: 0x00000090e8d00000,0x00000090e8e00000] [id=15840]
  0x00000199ff625800 ConcurrentGCThread "G1 Young RemSet Sampling" [stack: 0x00000090e8e00000,0x00000090e8f00000] [id=3808]

Threads with active compile tasks:
C2 CompilerThread0   1028 1265       4       org.jacoco.agent.rt.internal_28bab1d.asm.SymbolTable::addConstantMemberReference (258 bytes)
C1 CompilerThread0   1028 1406       3       org.jacoco.agent.rt.internal_28bab1d.core.internal.flow.MethodProbesAdapter::jumpPopCount (123 bytes)
C2 CompilerThread1   1028 1318       4       org.jetbrains.coverage.org.objectweb.asm.Frame::execute (2318 bytes)
C2 CompilerThread2   1028 1353 %     4       org.jetbrains.coverage.org.objectweb.asm.ClassReader::readCode @ 1718 (5089 bytes)

VM state:not at safepoint (normal execution)

VM Mutex/Monitor currently owned by a thread: None

Heap address: 0x00000000e0000000, size: 512 MB, Compressed Oops mode: 32-bit
Narrow klass base: 0x0000000000000000, Narrow klass shift: 3
Compressed class space size: 1073741824 Address: 0x0000000100000000

Heap:
 garbage-first heap   total 262144K, used 42904K [0x00000000e0000000, 0x0000000100000000)
  region size 1024K, 40 young (40960K), 3 survivors (3072K)
 Metaspace       used 13997K, capacity 14227K, committed 14592K, reserved 1062912K
  class space    used 1326K, capacity 1410K, committed 1536K, reserved 1048576K
Heap Regions: E=young(eden), S=young(survivor), O=old, HS=humongous(starts), HC=humongous(continues), CS=collection set, F=free, A=archive, TAMS=top-at-mark-start (previous, next)
|   0|0x00000000e0000000, 0x00000000e0100000, 0x00000000e0100000|100%| O|  |TAMS 0x00000000e0000000, 0x00000000e0000000| Untracked 
|   1|0x00000000e0100000, 0x00000000e0200000, 0x00000000e0200000|100%| O|  |TAMS 0x00000000e0100000, 0x00000000e0100000| Untracked 
|   2|0x00000000e0200000, 0x00000000e02e6000, 0x00000000e0300000| 89%| O|  |TAMS 0x00000000e0200000, 0x00000000e0200000| Untracked 
|   3|0x00000000e0300000, 0x00000000e0300000, 0x00000000e0400000|  0%| F|  |TAMS 0x00000000e0300000, 0x00000000e0300000| Untracked 
|   4|0x00000000e0400000, 0x00000000e0400000, 0x00000000e0500000|  0%| F|  |TAMS 0x00000000e0400000, 0x00000000e0400000| Untracked 
|   5|0x00000000e0500000, 0x00000000e0500000, 0x00000000e0600000|  0%| F|  |TAMS 0x00000000e0500000, 0x00000000e0500000| Untracked 
|   6|0x00000000e0600000, 0x00000000e0600000, 0x00000000e0700000|  0%| F|  |TAMS 0x00000000e0600000, 0x00000000e0600000| Untracked 
|   7|0x00000000e0700000, 0x00000000e0700000, 0x00000000e0800000|  0%| F|  |TAMS 0x00000000e0700000, 0x00000000e0700000| Untracked 
|   8|0x00000000e0800000, 0x00000000e0800000, 0x00000000e0900000|  0%| F|  |TAMS 0x00000000e0800000, 0x00000000e0800000| Untracked 
|   9|0x00000000e0900000, 0x00000000e0900000, 0x00000000e0a00000|  0%| F|  |TAMS 0x00000000e0900000, 0x00000000e0900000| Untracked 
|  10|0x00000000e0a00000, 0x00000000e0a00000, 0x00000000e0b00000|  0%| F|  |TAMS 0x00000000e0a00000, 0x00000000e0a00000| Untracked 
|  11|0x00000000e0b00000, 0x00000000e0b00000, 0x00000000e0c00000|  0%| F|  |TAMS 0x00000000e0b00000, 0x00000000e0b00000| Untracked 
|  12|0x00000000e0c00000, 0x00000000e0c00000, 0x00000000e0d00000|  0%| F|  |TAMS 0x00000000e0c00000, 0x00000000e0c00000| Untracked 
|  13|0x00000000e0d00000, 0x00000000e0d00000, 0x00000000e0e00000|  0%| F|  |TAMS 0x00000000e0d00000, 0x00000000e0d00000| Untracked 
|  14|0x00000000e0e00000, 0x00000000e0e00000, 0x00000000e0f00000|  0%| F|  |TAMS 0x00000000e0e00000, 0x00000000e0e00000| Untracked 
|  15|0x00000000e0f00000, 0x00000000e0f00000, 0x00000000e1000000|  0%| F|  |TAMS 0x00000000e0f00000, 0x00000000e0f00000| Untracked 
|  16|0x00000000e1000000, 0x00000000e1000000, 0x00000000e1100000|  0%| F|  |TAMS 0x00000000e1000000, 0x00000000e1000000| Untracked 
|  17|0x00000000e1100000, 0x00000000e1100000, 0x00000000e1200000|  0%| F|  |TAMS 0x00000000e1100000, 0x00000000e1100000| Untracked 
|  18|0x00000000e1200000, 0x00000000e1200000, 0x00000000e1300000|  0%| F|  |TAMS 0x00000000e1200000, 0x00000000e1200000| Untracked 
|  19|0x00000000e1300000, 0x00000000e1300000, 0x00000000e1400000|  0%| F|  |TAMS 0x00000000e1300000, 0x00000000e1300000| Untracked 
|  20|0x00000000e1400000, 0x00000000e1400000, 0x00000000e1500000|  0%| F|  |TAMS 0x00000000e1400000, 0x00000000e1400000| Untracked 
|  21|0x00000000e1500000, 0x00000000e1500000, 0x00000000e1600000|  0%| F|  |TAMS 0x00000000e1500000, 0x00000000e1500000| Untracked 
|  22|0x00000000e1600000, 0x00000000e1600000, 0x00000000e1700000|  0%| F|  |TAMS 0x00000000e1600000, 0x00000000e1600000| Untracked 
|  23|0x00000000e1700000, 0x00000000e1700000, 0x00000000e1800000|  0%| F|  |TAMS 0x00000000e1700000, 0x00000000e1700000| Untracked 
|  24|0x00000000e1800000, 0x00000000e1800000, 0x00000000e1900000|  0%| F|  |TAMS 0x00000000e1800000, 0x00000000e1800000| Untracked 
|  25|0x00000000e1900000, 0x00000000e1900000, 0x00000000e1a00000|  0%| F|  |TAMS 0x00000000e1900000, 0x00000000e1900000| Untracked 
|  26|0x00000000e1a00000, 0x00000000e1a00000, 0x00000000e1b00000|  0%| F|  |TAMS 0x00000000e1a00000, 0x00000000e1a00000| Untracked 
|  27|0x00000000e1b00000, 0x00000000e1b00000, 0x00000000e1c00000|  0%| F|  |TAMS 0x00000000e1b00000, 0x00000000e1b00000| Untracked 
|  28|0x00000000e1c00000, 0x00000000e1c00000, 0x00000000e1d00000|  0%| F|  |TAMS 0x00000000e1c00000, 0x00000000e1c00000| Untracked 
|  29|0x00000000e1d00000, 0x00000000e1d00000, 0x00000000e1e00000|  0%| F|  |TAMS 0x00000000e1d00000, 0x00000000e1d00000| Untracked 
|  30|0x00000000e1e00000, 0x00000000e1e00000, 0x00000000e1f00000|  0%| F|  |TAMS 0x00000000e1e00000, 0x00000000e1e00000| Untracked 
|  31|0x00000000e1f00000, 0x00000000e1f00000, 0x00000000e2000000|  0%| F|  |TAMS 0x00000000e1f00000, 0x00000000e1f00000| Untracked 
|  32|0x00000000e2000000, 0x00000000e2000000, 0x00000000e2100000|  0%| F|  |TAMS 0x00000000e2000000, 0x00000000e2000000| Untracked 
|  33|0x00000000e2100000, 0x00000000e2100000, 0x00000000e2200000|  0%| F|  |TAMS 0x00000000e2100000, 0x00000000e2100000| Untracked 
|  34|0x00000000e2200000, 0x00000000e2200000, 0x00000000e2300000|  0%| F|  |TAMS 0x00000000e2200000, 0x00000000e2200000| Untracked 
|  35|0x00000000e2300000, 0x00000000e2300000, 0x00000000e2400000|  0%| F|  |TAMS 0x00000000e2300000, 0x00000000e2300000| Untracked 
|  36|0x00000000e2400000, 0x00000000e2400000, 0x00000000e2500000|  0%| F|  |TAMS 0x00000000e2400000, 0x00000000e2400000| Untracked 
|  37|0x00000000e2500000, 0x00000000e2500000, 0x00000000e2600000|  0%| F|  |TAMS 0x00000000e2500000, 0x00000000e2500000| Untracked 
|  38|0x00000000e2600000, 0x00000000e2600000, 0x00000000e2700000|  0%| F|  |TAMS 0x00000000e2600000, 0x00000000e2600000| Untracked 
|  39|0x00000000e2700000, 0x00000000e2700000, 0x00000000e2800000|  0%| F|  |TAMS 0x00000000e2700000, 0x00000000e2700000| Untracked 
|  40|0x00000000e2800000, 0x00000000e2800000, 0x00000000e2900000|  0%| F|  |TAMS 0x00000000e2800000, 0x00000000e2800000| Untracked 
|  41|0x00000000e2900000, 0x00000000e2900000, 0x00000000e2a00000|  0%| F|  |TAMS 0x00000000e2900000, 0x00000000e2900000| Untracked 
|  42|0x00000000e2a00000, 0x00000000e2a00000, 0x00000000e2b00000|  0%| F|  |TAMS 0x00000000e2a00000, 0x00000000e2a00000| Untracked 
|  43|0x00000000e2b00000, 0x00000000e2b00000, 0x00000000e2c00000|  0%| F|  |TAMS 0x00000000e2b00000, 0x00000000e2b00000| Untracked 
|  44|0x00000000e2c00000, 0x00000000e2c00000, 0x00000000e2d00000|  0%| F|  |TAMS 0x00000000e2c00000, 0x00000000e2c00000| Untracked 
|  45|0x00000000e2d00000, 0x00000000e2d00000, 0x00000000e2e00000|  0%| F|  |TAMS 0x00000000e2d00000, 0x00000000e2d00000| Untracked 
|  46|0x00000000e2e00000, 0x00000000e2e00000, 0x00000000e2f00000|  0%| F|  |TAMS 0x00000000e2e00000, 0x00000000e2e00000| Untracked 
|  47|0x00000000e2f00000, 0x00000000e2f00000, 0x00000000e3000000|  0%| F|  |TAMS 0x00000000e2f00000, 0x00000000e2f00000| Untracked 
|  48|0x00000000e3000000, 0x00000000e3000000, 0x00000000e3100000|  0%| F|  |TAMS 0x00000000e3000000, 0x00000000e3000000| Untracked 
|  49|0x00000000e3100000, 0x00000000e3100000, 0x00000000e3200000|  0%| F|  |TAMS 0x00000000e3100000, 0x00000000e3100000| Untracked 
|  50|0x00000000e3200000, 0x00000000e3200000, 0x00000000e3300000|  0%| F|  |TAMS 0x00000000e3200000, 0x00000000e3200000| Untracked 
|  51|0x00000000e3300000, 0x00000000e3300000, 0x00000000e3400000|  0%| F|  |TAMS 0x00000000e3300000, 0x00000000e3300000| Untracked 
|  52|0x00000000e3400000, 0x00000000e3400000, 0x00000000e3500000|  0%| F|  |TAMS 0x00000000e3400000, 0x00000000e3400000| Untracked 
|  53|0x00000000e3500000, 0x00000000e3500000, 0x00000000e3600000|  0%| F|  |TAMS 0x00000000e3500000, 0x00000000e3500000| Untracked 
|  54|0x00000000e3600000, 0x00000000e3600000, 0x00000000e3700000|  0%| F|  |TAMS 0x00000000e3600000, 0x00000000e3600000| Untracked 
|  55|0x00000000e3700000, 0x00000000e3700000, 0x00000000e3800000|  0%| F|  |TAMS 0x00000000e3700000, 0x00000000e3700000| Untracked 
|  56|0x00000000e3800000, 0x00000000e3800000, 0x00000000e3900000|  0%| F|  |TAMS 0x00000000e3800000, 0x00000000e3800000| Untracked 
|  57|0x00000000e3900000, 0x00000000e3900000, 0x00000000e3a00000|  0%| F|  |TAMS 0x00000000e3900000, 0x00000000e3900000| Untracked 
|  58|0x00000000e3a00000, 0x00000000e3a00000, 0x00000000e3b00000|  0%| F|  |TAMS 0x00000000e3a00000, 0x00000000e3a00000| Untracked 
|  59|0x00000000e3b00000, 0x00000000e3b00000, 0x00000000e3c00000|  0%| F|  |TAMS 0x00000000e3b00000, 0x00000000e3b00000| Untracked 
|  60|0x00000000e3c00000, 0x00000000e3c00000, 0x00000000e3d00000|  0%| F|  |TAMS 0x00000000e3c00000, 0x00000000e3c00000| Untracked 
|  61|0x00000000e3d00000, 0x00000000e3d00000, 0x00000000e3e00000|  0%| F|  |TAMS 0x00000000e3d00000, 0x00000000e3d00000| Untracked 
|  62|0x00000000e3e00000, 0x00000000e3e00000, 0x00000000e3f00000|  0%| F|  |TAMS 0x00000000e3e00000, 0x00000000e3e00000| Untracked 
|  63|0x00000000e3f00000, 0x00000000e3f00000, 0x00000000e4000000|  0%| F|  |TAMS 0x00000000e3f00000, 0x00000000e3f00000| Untracked 
|  64|0x00000000e4000000, 0x00000000e4000000, 0x00000000e4100000|  0%| F|  |TAMS 0x00000000e4000000, 0x00000000e4000000| Untracked 
|  65|0x00000000e4100000, 0x00000000e4100000, 0x00000000e4200000|  0%| F|  |TAMS 0x00000000e4100000, 0x00000000e4100000| Untracked 
|  66|0x00000000e4200000, 0x00000000e4200000, 0x00000000e4300000|  0%| F|  |TAMS 0x00000000e4200000, 0x00000000e4200000| Untracked 
|  67|0x00000000e4300000, 0x00000000e4300000, 0x00000000e4400000|  0%| F|  |TAMS 0x00000000e4300000, 0x00000000e4300000| Untracked 
|  68|0x00000000e4400000, 0x00000000e4400000, 0x00000000e4500000|  0%| F|  |TAMS 0x00000000e4400000, 0x00000000e4400000| Untracked 
|  69|0x00000000e4500000, 0x00000000e4500000, 0x00000000e4600000|  0%| F|  |TAMS 0x00000000e4500000, 0x00000000e4500000| Untracked 
|  70|0x00000000e4600000, 0x00000000e4600000, 0x00000000e4700000|  0%| F|  |TAMS 0x00000000e4600000, 0x00000000e4600000| Untracked 
|  71|0x00000000e4700000, 0x00000000e4700000, 0x00000000e4800000|  0%| F|  |TAMS 0x00000000e4700000, 0x00000000e4700000| Untracked 
|  72|0x00000000e4800000, 0x00000000e4800000, 0x00000000e4900000|  0%| F|  |TAMS 0x00000000e4800000, 0x00000000e4800000| Untracked 
|  73|0x00000000e4900000, 0x00000000e4900000, 0x00000000e4a00000|  0%| F|  |TAMS 0x00000000e4900000, 0x00000000e4900000| Untracked 
|  74|0x00000000e4a00000, 0x00000000e4a00000, 0x00000000e4b00000|  0%| F|  |TAMS 0x00000000e4a00000, 0x00000000e4a00000| Untracked 
|  75|0x00000000e4b00000, 0x00000000e4b00000, 0x00000000e4c00000|  0%| F|  |TAMS 0x00000000e4b00000, 0x00000000e4b00000| Untracked 
|  76|0x00000000e4c00000, 0x00000000e4c00000, 0x00000000e4d00000|  0%| F|  |TAMS 0x00000000e4c00000, 0x00000000e4c00000| Untracked 
|  77|0x00000000e4d00000, 0x00000000e4d00000, 0x00000000e4e00000|  0%| F|  |TAMS 0x00000000e4d00000, 0x00000000e4d00000| Untracked 
|  78|0x00000000e4e00000, 0x00000000e4e00000, 0x00000000e4f00000|  0%| F|  |TAMS 0x00000000e4e00000, 0x00000000e4e00000| Untracked 
|  79|0x00000000e4f00000, 0x00000000e4f00000, 0x00000000e5000000|  0%| F|  |TAMS 0x00000000e4f00000, 0x00000000e4f00000| Untracked 
|  80|0x00000000e5000000, 0x00000000e5000000, 0x00000000e5100000|  0%| F|  |TAMS 0x00000000e5000000, 0x00000000e5000000| Untracked 
|  81|0x00000000e5100000, 0x00000000e5100000, 0x00000000e5200000|  0%| F|  |TAMS 0x00000000e5100000, 0x00000000e5100000| Untracked 
|  82|0x00000000e5200000, 0x00000000e5200000, 0x00000000e5300000|  0%| F|  |TAMS 0x00000000e5200000, 0x00000000e5200000| Untracked 
|  83|0x00000000e5300000, 0x00000000e5300000, 0x00000000e5400000|  0%| F|  |TAMS 0x00000000e5300000, 0x00000000e5300000| Untracked 
|  84|0x00000000e5400000, 0x00000000e5400000, 0x00000000e5500000|  0%| F|  |TAMS 0x00000000e5400000, 0x00000000e5400000| Untracked 
|  85|0x00000000e5500000, 0x00000000e5500000, 0x00000000e5600000|  0%| F|  |TAMS 0x00000000e5500000, 0x00000000e5500000| Untracked 
|  86|0x00000000e5600000, 0x00000000e5600000, 0x00000000e5700000|  0%| F|  |TAMS 0x00000000e5600000, 0x00000000e5600000| Untracked 
|  87|0x00000000e5700000, 0x00000000e5700000, 0x00000000e5800000|  0%| F|  |TAMS 0x00000000e5700000, 0x00000000e5700000| Untracked 
|  88|0x00000000e5800000, 0x00000000e5800000, 0x00000000e5900000|  0%| F|  |TAMS 0x00000000e5800000, 0x00000000e5800000| Untracked 
|  89|0x00000000e5900000, 0x00000000e5900000, 0x00000000e5a00000|  0%| F|  |TAMS 0x00000000e5900000, 0x00000000e5900000| Untracked 
|  90|0x00000000e5a00000, 0x00000000e5a00000, 0x00000000e5b00000|  0%| F|  |TAMS 0x00000000e5a00000, 0x00000000e5a00000| Untracked 
|  91|0x00000000e5b00000, 0x00000000e5b00000, 0x00000000e5c00000|  0%| F|  |TAMS 0x00000000e5b00000, 0x00000000e5b00000| Untracked 
|  92|0x00000000e5c00000, 0x00000000e5c00000, 0x00000000e5d00000|  0%| F|  |TAMS 0x00000000e5c00000, 0x00000000e5c00000| Untracked 
|  93|0x00000000e5d00000, 0x00000000e5d00000, 0x00000000e5e00000|  0%| F|  |TAMS 0x00000000e5d00000, 0x00000000e5d00000| Untracked 
|  94|0x00000000e5e00000, 0x00000000e5e00000, 0x00000000e5f00000|  0%| F|  |TAMS 0x00000000e5e00000, 0x00000000e5e00000| Untracked 
|  95|0x00000000e5f00000, 0x00000000e5f00000, 0x00000000e6000000|  0%| F|  |TAMS 0x00000000e5f00000, 0x00000000e5f00000| Untracked 
|  96|0x00000000e6000000, 0x00000000e6000000, 0x00000000e6100000|  0%| F|  |TAMS 0x00000000e6000000, 0x00000000e6000000| Untracked 
|  97|0x00000000e6100000, 0x00000000e6100000, 0x00000000e6200000|  0%| F|  |TAMS 0x00000000e6100000, 0x00000000e6100000| Untracked 
|  98|0x00000000e6200000, 0x00000000e6200000, 0x00000000e6300000|  0%| F|  |TAMS 0x00000000e6200000, 0x00000000e6200000| Untracked 
|  99|0x00000000e6300000, 0x00000000e6300000, 0x00000000e6400000|  0%| F|  |TAMS 0x00000000e6300000, 0x00000000e6300000| Untracked 
| 100|0x00000000e6400000, 0x00000000e6400000, 0x00000000e6500000|  0%| F|  |TAMS 0x00000000e6400000, 0x00000000e6400000| Untracked 
| 101|0x00000000e6500000, 0x00000000e6500000, 0x00000000e6600000|  0%| F|  |TAMS 0x00000000e6500000, 0x00000000e6500000| Untracked 
| 102|0x00000000e6600000, 0x00000000e6600000, 0x00000000e6700000|  0%| F|  |TAMS 0x00000000e6600000, 0x00000000e6600000| Untracked 
| 103|0x00000000e6700000, 0x00000000e6700000, 0x00000000e6800000|  0%| F|  |TAMS 0x00000000e6700000, 0x00000000e6700000| Untracked 
| 104|0x00000000e6800000, 0x00000000e6800000, 0x00000000e6900000|  0%| F|  |TAMS 0x00000000e6800000, 0x00000000e6800000| Untracked 
| 105|0x00000000e6900000, 0x00000000e6900000, 0x00000000e6a00000|  0%| F|  |TAMS 0x00000000e6900000, 0x00000000e6900000| Untracked 
| 106|0x00000000e6a00000, 0x00000000e6a00000, 0x00000000e6b00000|  0%| F|  |TAMS 0x00000000e6a00000, 0x00000000e6a00000| Untracked 
| 107|0x00000000e6b00000, 0x00000000e6b00000, 0x00000000e6c00000|  0%| F|  |TAMS 0x00000000e6b00000, 0x00000000e6b00000| Untracked 
| 108|0x00000000e6c00000, 0x00000000e6c00000, 0x00000000e6d00000|  0%| F|  |TAMS 0x00000000e6c00000, 0x00000000e6c00000| Untracked 
| 109|0x00000000e6d00000, 0x00000000e6d00000, 0x00000000e6e00000|  0%| F|  |TAMS 0x00000000e6d00000, 0x00000000e6d00000| Untracked 
| 110|0x00000000e6e00000, 0x00000000e6e00000, 0x00000000e6f00000|  0%| F|  |TAMS 0x00000000e6e00000, 0x00000000e6e00000| Untracked 
| 111|0x00000000e6f00000, 0x00000000e6f00000, 0x00000000e7000000|  0%| F|  |TAMS 0x00000000e6f00000, 0x00000000e6f00000| Untracked 
| 112|0x00000000e7000000, 0x00000000e7000000, 0x00000000e7100000|  0%| F|  |TAMS 0x00000000e7000000, 0x00000000e7000000| Untracked 
| 113|0x00000000e7100000, 0x00000000e7100000, 0x00000000e7200000|  0%| F|  |TAMS 0x00000000e7100000, 0x00000000e7100000| Untracked 
| 114|0x00000000e7200000, 0x00000000e7200000, 0x00000000e7300000|  0%| F|  |TAMS 0x00000000e7200000, 0x00000000e7200000| Untracked 
| 115|0x00000000e7300000, 0x00000000e7300000, 0x00000000e7400000|  0%| F|  |TAMS 0x00000000e7300000, 0x00000000e7300000| Untracked 
| 116|0x00000000e7400000, 0x00000000e7400000, 0x00000000e7500000|  0%| F|  |TAMS 0x00000000e7400000, 0x00000000e7400000| Untracked 
| 117|0x00000000e7500000, 0x00000000e7500000, 0x00000000e7600000|  0%| F|  |TAMS 0x00000000e7500000, 0x00000000e7500000| Untracked 
| 118|0x00000000e7600000, 0x00000000e7600000, 0x00000000e7700000|  0%| F|  |TAMS 0x00000000e7600000, 0x00000000e7600000| Untracked 
| 119|0x00000000e7700000, 0x00000000e7700000, 0x00000000e7800000|  0%| F|  |TAMS 0x00000000e7700000, 0x00000000e7700000| Untracked 
| 120|0x00000000e7800000, 0x00000000e7800000, 0x00000000e7900000|  0%| F|  |TAMS 0x00000000e7800000, 0x00000000e7800000| Untracked 
| 121|0x00000000e7900000, 0x00000000e7900000, 0x00000000e7a00000|  0%| F|  |TAMS 0x00000000e7900000, 0x00000000e7900000| Untracked 
| 122|0x00000000e7a00000, 0x00000000e7a00000, 0x00000000e7b00000|  0%| F|  |TAMS 0x00000000e7a00000, 0x00000000e7a00000| Untracked 
| 123|0x00000000e7b00000, 0x00000000e7b00000, 0x00000000e7c00000|  0%| F|  |TAMS 0x00000000e7b00000, 0x00000000e7b00000| Untracked 
| 124|0x00000000e7c00000, 0x00000000e7c00000, 0x00000000e7d00000|  0%| F|  |TAMS 0x00000000e7c00000, 0x00000000e7c00000| Untracked 
| 125|0x00000000e7d00000, 0x00000000e7d00000, 0x00000000e7e00000|  0%| F|  |TAMS 0x00000000e7d00000, 0x00000000e7d00000| Untracked 
| 126|0x00000000e7e00000, 0x00000000e7e00000, 0x00000000e7f00000|  0%| F|  |TAMS 0x00000000e7e00000, 0x00000000e7e00000| Untracked 
| 127|0x00000000e7f00000, 0x00000000e7f00000, 0x00000000e8000000|  0%| F|  |TAMS 0x00000000e7f00000, 0x00000000e7f00000| Untracked 
| 128|0x00000000e8000000, 0x00000000e8000000, 0x00000000e8100000|  0%| F|  |TAMS 0x00000000e8000000, 0x00000000e8000000| Untracked 
| 129|0x00000000e8100000, 0x00000000e8100000, 0x00000000e8200000|  0%| F|  |TAMS 0x00000000e8100000, 0x00000000e8100000| Untracked 
| 130|0x00000000e8200000, 0x00000000e8200000, 0x00000000e8300000|  0%| F|  |TAMS 0x00000000e8200000, 0x00000000e8200000| Untracked 
| 131|0x00000000e8300000, 0x00000000e8300000, 0x00000000e8400000|  0%| F|  |TAMS 0x00000000e8300000, 0x00000000e8300000| Untracked 
| 132|0x00000000e8400000, 0x00000000e8400000, 0x00000000e8500000|  0%| F|  |TAMS 0x00000000e8400000, 0x00000000e8400000| Untracked 
| 133|0x00000000e8500000, 0x00000000e8500000, 0x00000000e8600000|  0%| F|  |TAMS 0x00000000e8500000, 0x00000000e8500000| Untracked 
| 134|0x00000000e8600000, 0x00000000e8600000, 0x00000000e8700000|  0%| F|  |TAMS 0x00000000e8600000, 0x00000000e8600000| Untracked 
| 135|0x00000000e8700000, 0x00000000e8700000, 0x00000000e8800000|  0%| F|  |TAMS 0x00000000e8700000, 0x00000000e8700000| Untracked 
| 136|0x00000000e8800000, 0x00000000e8800000, 0x00000000e8900000|  0%| F|  |TAMS 0x00000000e8800000, 0x00000000e8800000| Untracked 
| 137|0x00000000e8900000, 0x00000000e8900000, 0x00000000e8a00000|  0%| F|  |TAMS 0x00000000e8900000, 0x00000000e8900000| Untracked 
| 138|0x00000000e8a00000, 0x00000000e8a00000, 0x00000000e8b00000|  0%| F|  |TAMS 0x00000000e8a00000, 0x00000000e8a00000| Untracked 
| 139|0x00000000e8b00000, 0x00000000e8b00000, 0x00000000e8c00000|  0%| F|  |TAMS 0x00000000e8b00000, 0x00000000e8b00000| Untracked 
| 140|0x00000000e8c00000, 0x00000000e8c00000, 0x00000000e8d00000|  0%| F|  |TAMS 0x00000000e8c00000, 0x00000000e8c00000| Untracked 
| 141|0x00000000e8d00000, 0x00000000e8d00000, 0x00000000e8e00000|  0%| F|  |TAMS 0x00000000e8d00000, 0x00000000e8d00000| Untracked 
| 142|0x00000000e8e00000, 0x00000000e8e00000, 0x00000000e8f00000|  0%| F|  |TAMS 0x00000000e8e00000, 0x00000000e8e00000| Untracked 
| 143|0x00000000e8f00000, 0x00000000e8f00000, 0x00000000e9000000|  0%| F|  |TAMS 0x00000000e8f00000, 0x00000000e8f00000| Untracked 
| 144|0x00000000e9000000, 0x00000000e9000000, 0x00000000e9100000|  0%| F|  |TAMS 0x00000000e9000000, 0x00000000e9000000| Untracked 
| 145|0x00000000e9100000, 0x00000000e9100000, 0x00000000e9200000|  0%| F|  |TAMS 0x00000000e9100000, 0x00000000e9100000| Untracked 
| 146|0x00000000e9200000, 0x00000000e9200000, 0x00000000e9300000|  0%| F|  |TAMS 0x00000000e9200000, 0x00000000e9200000| Untracked 
| 147|0x00000000e9300000, 0x00000000e9300000, 0x00000000e9400000|  0%| F|  |TAMS 0x00000000e9300000, 0x00000000e9300000| Untracked 
| 148|0x00000000e9400000, 0x00000000e9400000, 0x00000000e9500000|  0%| F|  |TAMS 0x00000000e9400000, 0x00000000e9400000| Untracked 
| 149|0x00000000e9500000, 0x00000000e9500000, 0x00000000e9600000|  0%| F|  |TAMS 0x00000000e9500000, 0x00000000e9500000| Untracked 
| 150|0x00000000e9600000, 0x00000000e9600000, 0x00000000e9700000|  0%| F|  |TAMS 0x00000000e9600000, 0x00000000e9600000| Untracked 
| 151|0x00000000e9700000, 0x00000000e9700000, 0x00000000e9800000|  0%| F|  |TAMS 0x00000000e9700000, 0x00000000e9700000| Untracked 
| 152|0x00000000e9800000, 0x00000000e9800000, 0x00000000e9900000|  0%| F|  |TAMS 0x00000000e9800000, 0x00000000e9800000| Untracked 
| 153|0x00000000e9900000, 0x00000000e9900000, 0x00000000e9a00000|  0%| F|  |TAMS 0x00000000e9900000, 0x00000000e9900000| Untracked 
| 154|0x00000000e9a00000, 0x00000000e9a00000, 0x00000000e9b00000|  0%| F|  |TAMS 0x00000000e9a00000, 0x00000000e9a00000| Untracked 
| 155|0x00000000e9b00000, 0x00000000e9b00000, 0x00000000e9c00000|  0%| F|  |TAMS 0x00000000e9b00000, 0x00000000e9b00000| Untracked 
| 156|0x00000000e9c00000, 0x00000000e9c00000, 0x00000000e9d00000|  0%| F|  |TAMS 0x00000000e9c00000, 0x00000000e9c00000| Untracked 
| 157|0x00000000e9d00000, 0x00000000e9d00000, 0x00000000e9e00000|  0%| F|  |TAMS 0x00000000e9d00000, 0x00000000e9d00000| Untracked 
| 158|0x00000000e9e00000, 0x00000000e9e00000, 0x00000000e9f00000|  0%| F|  |TAMS 0x00000000e9e00000, 0x00000000e9e00000| Untracked 
| 159|0x00000000e9f00000, 0x00000000e9f00000, 0x00000000ea000000|  0%| F|  |TAMS 0x00000000e9f00000, 0x00000000e9f00000| Untracked 
| 160|0x00000000ea000000, 0x00000000ea000000, 0x00000000ea100000|  0%| F|  |TAMS 0x00000000ea000000, 0x00000000ea000000| Untracked 
| 161|0x00000000ea100000, 0x00000000ea100000, 0x00000000ea200000|  0%| F|  |TAMS 0x00000000ea100000, 0x00000000ea100000| Untracked 
| 162|0x00000000ea200000, 0x00000000ea200000, 0x00000000ea300000|  0%| F|  |TAMS 0x00000000ea200000, 0x00000000ea200000| Untracked 
| 163|0x00000000ea300000, 0x00000000ea300000, 0x00000000ea400000|  0%| F|  |TAMS 0x00000000ea300000, 0x00000000ea300000| Untracked 
| 164|0x00000000ea400000, 0x00000000ea400000, 0x00000000ea500000|  0%| F|  |TAMS 0x00000000ea400000, 0x00000000ea400000| Untracked 
| 165|0x00000000ea500000, 0x00000000ea500000, 0x00000000ea600000|  0%| F|  |TAMS 0x00000000ea500000, 0x00000000ea500000| Untracked 
| 166|0x00000000ea600000, 0x00000000ea600000, 0x00000000ea700000|  0%| F|  |TAMS 0x00000000ea600000, 0x00000000ea600000| Untracked 
| 167|0x00000000ea700000, 0x00000000ea700000, 0x00000000ea800000|  0%| F|  |TAMS 0x00000000ea700000, 0x00000000ea700000| Untracked 
| 168|0x00000000ea800000, 0x00000000ea800000, 0x00000000ea900000|  0%| F|  |TAMS 0x00000000ea800000, 0x00000000ea800000| Untracked 
| 169|0x00000000ea900000, 0x00000000ea900000, 0x00000000eaa00000|  0%| F|  |TAMS 0x00000000ea900000, 0x00000000ea900000| Untracked 
| 170|0x00000000eaa00000, 0x00000000eaa00000, 0x00000000eab00000|  0%| F|  |TAMS 0x00000000eaa00000, 0x00000000eaa00000| Untracked 
| 171|0x00000000eab00000, 0x00000000eab00000, 0x00000000eac00000|  0%| F|  |TAMS 0x00000000eab00000, 0x00000000eab00000| Untracked 
| 172|0x00000000eac00000, 0x00000000eac00000, 0x00000000ead00000|  0%| F|  |TAMS 0x00000000eac00000, 0x00000000eac00000| Untracked 
| 173|0x00000000ead00000, 0x00000000ead00000, 0x00000000eae00000|  0%| F|  |TAMS 0x00000000ead00000, 0x00000000ead00000| Untracked 
| 174|0x00000000eae00000, 0x00000000eae00000, 0x00000000eaf00000|  0%| F|  |TAMS 0x00000000eae00000, 0x00000000eae00000| Untracked 
| 175|0x00000000eaf00000, 0x00000000eaf00000, 0x00000000eb000000|  0%| F|  |TAMS 0x00000000eaf00000, 0x00000000eaf00000| Untracked 
| 176|0x00000000eb000000, 0x00000000eb000000, 0x00000000eb100000|  0%| F|  |TAMS 0x00000000eb000000, 0x00000000eb000000| Untracked 
| 177|0x00000000eb100000, 0x00000000eb100000, 0x00000000eb200000|  0%| F|  |TAMS 0x00000000eb100000, 0x00000000eb100000| Untracked 
| 178|0x00000000eb200000, 0x00000000eb200000, 0x00000000eb300000|  0%| F|  |TAMS 0x00000000eb200000, 0x00000000eb200000| Untracked 
| 179|0x00000000eb300000, 0x00000000eb300000, 0x00000000eb400000|  0%| F|  |TAMS 0x00000000eb300000, 0x00000000eb300000| Untracked 
| 180|0x00000000eb400000, 0x00000000eb400000, 0x00000000eb500000|  0%| F|  |TAMS 0x00000000eb400000, 0x00000000eb400000| Untracked 
| 181|0x00000000eb500000, 0x00000000eb500000, 0x00000000eb600000|  0%| F|  |TAMS 0x00000000eb500000, 0x00000000eb500000| Untracked 
| 182|0x00000000eb600000, 0x00000000eb600000, 0x00000000eb700000|  0%| F|  |TAMS 0x00000000eb600000, 0x00000000eb600000| Untracked 
| 183|0x00000000eb700000, 0x00000000eb700000, 0x00000000eb800000|  0%| F|  |TAMS 0x00000000eb700000, 0x00000000eb700000| Untracked 
| 184|0x00000000eb800000, 0x00000000eb800000, 0x00000000eb900000|  0%| F|  |TAMS 0x00000000eb800000, 0x00000000eb800000| Untracked 
| 185|0x00000000eb900000, 0x00000000eb900000, 0x00000000eba00000|  0%| F|  |TAMS 0x00000000eb900000, 0x00000000eb900000| Untracked 
| 186|0x00000000eba00000, 0x00000000eba00000, 0x00000000ebb00000|  0%| F|  |TAMS 0x00000000eba00000, 0x00000000eba00000| Untracked 
| 187|0x00000000ebb00000, 0x00000000ebb00000, 0x00000000ebc00000|  0%| F|  |TAMS 0x00000000ebb00000, 0x00000000ebb00000| Untracked 
| 188|0x00000000ebc00000, 0x00000000ebc00000, 0x00000000ebd00000|  0%| F|  |TAMS 0x00000000ebc00000, 0x00000000ebc00000| Untracked 
| 189|0x00000000ebd00000, 0x00000000ebd00000, 0x00000000ebe00000|  0%| F|  |TAMS 0x00000000ebd00000, 0x00000000ebd00000| Untracked 
| 190|0x00000000ebe00000, 0x00000000ebe00000, 0x00000000ebf00000|  0%| F|  |TAMS 0x00000000ebe00000, 0x00000000ebe00000| Untracked 
| 191|0x00000000ebf00000, 0x00000000ebf00000, 0x00000000ec000000|  0%| F|  |TAMS 0x00000000ebf00000, 0x00000000ebf00000| Untracked 
| 192|0x00000000ec000000, 0x00000000ec000000, 0x00000000ec100000|  0%| F|  |TAMS 0x00000000ec000000, 0x00000000ec000000| Untracked 
| 193|0x00000000ec100000, 0x00000000ec100000, 0x00000000ec200000|  0%| F|  |TAMS 0x00000000ec100000, 0x00000000ec100000| Untracked 
| 194|0x00000000ec200000, 0x00000000ec200000, 0x00000000ec300000|  0%| F|  |TAMS 0x00000000ec200000, 0x00000000ec200000| Untracked 
| 195|0x00000000ec300000, 0x00000000ec300000, 0x00000000ec400000|  0%| F|  |TAMS 0x00000000ec300000, 0x00000000ec300000| Untracked 
| 196|0x00000000ec400000, 0x00000000ec400000, 0x00000000ec500000|  0%| F|  |TAMS 0x00000000ec400000, 0x00000000ec400000| Untracked 
| 197|0x00000000ec500000, 0x00000000ec500000, 0x00000000ec600000|  0%| F|  |TAMS 0x00000000ec500000, 0x00000000ec500000| Untracked 
| 198|0x00000000ec600000, 0x00000000ec600000, 0x00000000ec700000|  0%| F|  |TAMS 0x00000000ec600000, 0x00000000ec600000| Untracked 
| 199|0x00000000ec700000, 0x00000000ec700000, 0x00000000ec800000|  0%| F|  |TAMS 0x00000000ec700000, 0x00000000ec700000| Untracked 
| 200|0x00000000ec800000, 0x00000000ec800000, 0x00000000ec900000|  0%| F|  |TAMS 0x00000000ec800000, 0x00000000ec800000| Untracked 
| 201|0x00000000ec900000, 0x00000000ec900000, 0x00000000eca00000|  0%| F|  |TAMS 0x00000000ec900000, 0x00000000ec900000| Untracked 
| 202|0x00000000eca00000, 0x00000000eca00000, 0x00000000ecb00000|  0%| F|  |TAMS 0x00000000eca00000, 0x00000000eca00000| Untracked 
| 203|0x00000000ecb00000, 0x00000000ecb00000, 0x00000000ecc00000|  0%| F|  |TAMS 0x00000000ecb00000, 0x00000000ecb00000| Untracked 
| 204|0x00000000ecc00000, 0x00000000ecc00000, 0x00000000ecd00000|  0%| F|  |TAMS 0x00000000ecc00000, 0x00000000ecc00000| Untracked 
| 205|0x00000000ecd00000, 0x00000000ecd00000, 0x00000000ece00000|  0%| F|  |TAMS 0x00000000ecd00000, 0x00000000ecd00000| Untracked 
| 206|0x00000000ece00000, 0x00000000ece00000, 0x00000000ecf00000|  0%| F|  |TAMS 0x00000000ece00000, 0x00000000ece00000| Untracked 
| 207|0x00000000ecf00000, 0x00000000ecf00000, 0x00000000ed000000|  0%| F|  |TAMS 0x00000000ecf00000, 0x00000000ecf00000| Untracked 
| 208|0x00000000ed000000, 0x00000000ed000000, 0x00000000ed100000|  0%| F|  |TAMS 0x00000000ed000000, 0x00000000ed000000| Untracked 
| 209|0x00000000ed100000, 0x00000000ed100000, 0x00000000ed200000|  0%| F|  |TAMS 0x00000000ed100000, 0x00000000ed100000| Untracked 
| 210|0x00000000ed200000, 0x00000000ed200000, 0x00000000ed300000|  0%| F|  |TAMS 0x00000000ed200000, 0x00000000ed200000| Untracked 
| 211|0x00000000ed300000, 0x00000000ed300000, 0x00000000ed400000|  0%| F|  |TAMS 0x00000000ed300000, 0x00000000ed300000| Untracked 
| 212|0x00000000ed400000, 0x00000000ed400000, 0x00000000ed500000|  0%| F|  |TAMS 0x00000000ed400000, 0x00000000ed400000| Untracked 
| 213|0x00000000ed500000, 0x00000000ed500000, 0x00000000ed600000|  0%| F|  |TAMS 0x00000000ed500000, 0x00000000ed500000| Untracked 
| 214|0x00000000ed600000, 0x00000000ed600000, 0x00000000ed700000|  0%| F|  |TAMS 0x00000000ed600000, 0x00000000ed600000| Untracked 
| 215|0x00000000ed700000, 0x00000000ed700000, 0x00000000ed800000|  0%| F|  |TAMS 0x00000000ed700000, 0x00000000ed700000| Untracked 
| 216|0x00000000ed800000, 0x00000000ed900000, 0x00000000ed900000|100%| E|  |TAMS 0x00000000ed800000, 0x00000000ed800000| Complete 
| 217|0x00000000ed900000, 0x00000000eda00000, 0x00000000eda00000|100%| E|CS|TAMS 0x00000000ed900000, 0x00000000ed900000| Complete 
| 218|0x00000000eda00000, 0x00000000edb00000, 0x00000000edb00000|100%| E|CS|TAMS 0x00000000eda00000, 0x00000000eda00000| Complete 
| 219|0x00000000edb00000, 0x00000000edc00000, 0x00000000edc00000|100%| E|CS|TAMS 0x00000000edb00000, 0x00000000edb00000| Complete 
| 220|0x00000000edc00000, 0x00000000edd00000, 0x00000000edd00000|100%| E|CS|TAMS 0x00000000edc00000, 0x00000000edc00000| Complete 
| 221|0x00000000edd00000, 0x00000000ede00000, 0x00000000ede00000|100%| E|CS|TAMS 0x00000000edd00000, 0x00000000edd00000| Complete 
| 222|0x00000000ede00000, 0x00000000edf00000, 0x00000000edf00000|100%| E|CS|TAMS 0x00000000ede00000, 0x00000000ede00000| Complete 
| 223|0x00000000edf00000, 0x00000000ee000000, 0x00000000ee000000|100%| E|CS|TAMS 0x00000000edf00000, 0x00000000edf00000| Complete 
| 224|0x00000000ee000000, 0x00000000ee100000, 0x00000000ee100000|100%| E|CS|TAMS 0x00000000ee000000, 0x00000000ee000000| Complete 
| 225|0x00000000ee100000, 0x00000000ee200000, 0x00000000ee200000|100%| E|CS|TAMS 0x00000000ee100000, 0x00000000ee100000| Complete 
| 226|0x00000000ee200000, 0x00000000ee300000, 0x00000000ee300000|100%| E|CS|TAMS 0x00000000ee200000, 0x00000000ee200000| Complete 
| 227|0x00000000ee300000, 0x00000000ee400000, 0x00000000ee400000|100%| E|CS|TAMS 0x00000000ee300000, 0x00000000ee300000| Complete 
| 228|0x00000000ee400000, 0x00000000ee500000, 0x00000000ee500000|100%| E|CS|TAMS 0x00000000ee400000, 0x00000000ee400000| Complete 
| 229|0x00000000ee500000, 0x00000000ee600000, 0x00000000ee600000|100%| S|CS|TAMS 0x00000000ee500000, 0x00000000ee500000| Complete 
| 230|0x00000000ee600000, 0x00000000ee700000, 0x00000000ee700000|100%| S|CS|TAMS 0x00000000ee600000, 0x00000000ee600000| Complete 
| 231|0x00000000ee700000, 0x00000000ee800000, 0x00000000ee800000|100%| S|CS|TAMS 0x00000000ee700000, 0x00000000ee700000| Complete 
| 232|0x00000000ee800000, 0x00000000ee900000, 0x00000000ee900000|100%| E|CS|TAMS 0x00000000ee800000, 0x00000000ee800000| Complete 
| 233|0x00000000ee900000, 0x00000000eea00000, 0x00000000eea00000|100%| E|CS|TAMS 0x00000000ee900000, 0x00000000ee900000| Complete 
| 234|0x00000000eea00000, 0x00000000eeb00000, 0x00000000eeb00000|100%| E|CS|TAMS 0x00000000eea00000, 0x00000000eea00000| Complete 
| 235|0x00000000eeb00000, 0x00000000eec00000, 0x00000000eec00000|100%| E|CS|TAMS 0x00000000eeb00000, 0x00000000eeb00000| Complete 
| 236|0x00000000eec00000, 0x00000000eed00000, 0x00000000eed00000|100%| E|CS|TAMS 0x00000000eec00000, 0x00000000eec00000| Complete 
| 237|0x00000000eed00000, 0x00000000eee00000, 0x00000000eee00000|100%| E|CS|TAMS 0x00000000eed00000, 0x00000000eed00000| Complete 
| 238|0x00000000eee00000, 0x00000000eef00000, 0x00000000eef00000|100%| E|CS|TAMS 0x00000000eee00000, 0x00000000eee00000| Complete 
| 239|0x00000000eef00000, 0x00000000ef000000, 0x00000000ef000000|100%| E|CS|TAMS 0x00000000eef00000, 0x00000000eef00000| Complete 
| 240|0x00000000ef000000, 0x00000000ef100000, 0x00000000ef100000|100%| E|CS|TAMS 0x00000000ef000000, 0x00000000ef000000| Complete 
| 241|0x00000000ef100000, 0x00000000ef200000, 0x00000000ef200000|100%| E|CS|TAMS 0x00000000ef100000, 0x00000000ef100000| Complete 
| 242|0x00000000ef200000, 0x00000000ef300000, 0x00000000ef300000|100%| E|CS|TAMS 0x00000000ef200000, 0x00000000ef200000| Complete 
| 243|0x00000000ef300000, 0x00000000ef400000, 0x00000000ef400000|100%| E|CS|TAMS 0x00000000ef300000, 0x00000000ef300000| Complete 
| 244|0x00000000ef400000, 0x00000000ef500000, 0x00000000ef500000|100%| E|CS|TAMS 0x00000000ef400000, 0x00000000ef400000| Complete 
| 245|0x00000000ef500000, 0x00000000ef600000, 0x00000000ef600000|100%| E|CS|TAMS 0x00000000ef500000, 0x00000000ef500000| Complete 
| 246|0x00000000ef600000, 0x00000000ef700000, 0x00000000ef700000|100%| E|CS|TAMS 0x00000000ef600000, 0x00000000ef600000| Complete 
| 247|0x00000000ef700000, 0x00000000ef800000, 0x00000000ef800000|100%| E|CS|TAMS 0x00000000ef700000, 0x00000000ef700000| Complete 
| 248|0x00000000ef800000, 0x00000000ef900000, 0x00000000ef900000|100%| E|CS|TAMS 0x00000000ef800000, 0x00000000ef800000| Complete 
| 249|0x00000000ef900000, 0x00000000efa00000, 0x00000000efa00000|100%| E|CS|TAMS 0x00000000ef900000, 0x00000000ef900000| Complete 
| 250|0x00000000efa00000, 0x00000000efb00000, 0x00000000efb00000|100%| E|CS|TAMS 0x00000000efa00000, 0x00000000efa00000| Complete 
| 251|0x00000000efb00000, 0x00000000efc00000, 0x00000000efc00000|100%| E|CS|TAMS 0x00000000efb00000, 0x00000000efb00000| Complete 
| 252|0x00000000efc00000, 0x00000000efd00000, 0x00000000efd00000|100%| E|CS|TAMS 0x00000000efc00000, 0x00000000efc00000| Complete 
| 253|0x00000000efd00000, 0x00000000efe00000, 0x00000000efe00000|100%| E|CS|TAMS 0x00000000efd00000, 0x00000000efd00000| Complete 
| 254|0x00000000efe00000, 0x00000000eff00000, 0x00000000eff00000|100%| E|CS|TAMS 0x00000000efe00000, 0x00000000efe00000| Complete 
| 255|0x00000000eff00000, 0x00000000f0000000, 0x00000000f0000000|100%| E|CS|TAMS 0x00000000eff00000, 0x00000000eff00000| Complete 

Card table byte_map: [0x00000199fbb30000,0x00000199fbc30000] _byte_map_base: 0x00000199fb430000

Marking Bits (Prev, Next): (CMBitMap*) 0x00000199e432c048, (CMBitMap*) 0x00000199e432c080
 Prev Bits: [0x00000199fbd30000, 0x00000199fc530000)
 Next Bits: [0x00000199fc530000, 0x00000199fcd30000)

Polling page: 0x00000199e22c0000

Metaspace:

Usage:
  Non-class:     12.58 MB capacity,    12.39 MB ( 98%) used,   176.20 KB (  1%) free+waste,    17.19 KB ( <1%) overhead. 
      Class:      1.38 MB capacity,     1.30 MB ( 94%) used,    73.23 KB (  5%) free+waste,     7.19 KB ( <1%) overhead. 
       Both:     13.96 MB capacity,    13.69 MB ( 98%) used,   249.44 KB (  2%) free+waste,    24.38 KB ( <1%) overhead. 

Virtual space:
  Non-class space:       14.00 MB reserved,      12.75 MB ( 91%) committed 
      Class space:        1.00 GB reserved,       1.50 MB ( <1%) committed 
             Both:        1.01 GB reserved,      14.25 MB (  1%) committed 

Chunk freelists:
   Non-Class:  5.88 KB
       Class:  3.75 KB
        Both:  9.63 KB

CodeHeap 'non-profiled nmethods': size=120000Kb used=847Kb max_used=847Kb free=119152Kb
 bounds [0x00000199f41d0000, 0x00000199f4440000, 0x00000199fb700000]
CodeHeap 'profiled nmethods': size=120000Kb used=8298Kb max_used=8298Kb free=111701Kb
 bounds [0x00000199ecca0000, 0x00000199ed4c0000, 0x00000199f41d0000]
CodeHeap 'non-nmethods': size=5760Kb used=1102Kb max_used=1147Kb free=4657Kb
 bounds [0x00000199ec700000, 0x00000199ec970000, 0x00000199ecca0000]
 total_blobs=1811 nmethods=1397 adapters=326
 compilation: enabled
              stopped_count=0, restarted_count=0
 full_count=0

Compilation events (10 events):
Event: 0.971 Thread 0x00000199800a2800 nmethod 1336 0x00000199ed431690 code [0x00000199ed4318a0, 0x00000199ed431f40]
Event: 0.971 Thread 0x00000199800a2800 1354       3       java.lang.ClassLoader::loadClass (7 bytes)
Event: 0.971 Thread 0x00000199800a2800 nmethod 1354 0x00000199ed432290 code [0x00000199ed432440, 0x00000199ed432670]
Event: 0.971 Thread 0x00000199800a2800 1293       3       org.jacoco.agent.rt.internal_28bab1d.asm.FieldVisitor::<init> (95 bytes)
Event: 0.972 Thread 0x00000199800a2800 nmethod 1293 0x00000199ed432710 code [0x00000199ed432b00, 0x00000199ed434c00]
Event: 0.972 Thread 0x00000199800a2800 1350       3       org.jacoco.agent.rt.internal_28bab1d.asm.tree.MethodNode::visitFrame (94 bytes)
Event: 0.972 Thread 0x00000199800a2800 nmethod 1350 0x00000199ed435590 code [0x00000199ed435940, 0x00000199ed4375b0]
Event: 0.972 Thread 0x00000199800a2800 1351       3       org.jacoco.agent.rt.internal_28bab1d.asm.tree.FrameNode::<init> (247 bytes)
Event: 0.974 Thread 0x00000199800a2800 nmethod 1351 0x00000199ed437f10 code [0x00000199ed438680, 0x00000199ed43d560]
Event: 0.975 Thread 0x00000199800a2800 1352       3       org.jacoco.agent.rt.internal_28bab1d.asm.commons.AnalyzerAdapter::visitFrame (248 bytes)

GC Heap History (2 events):
Event: 0.424 GC heap before
{Heap before GC invocations=0 (full 0):
 garbage-first heap   total 262144K, used 23552K [0x00000000e0000000, 0x0000000100000000)
  region size 1024K, 24 young (24576K), 0 survivors (0K)
 Metaspace       used 10282K, capacity 10411K, committed 10496K, reserved 1058816K
  class space    used 895K, capacity 953K, committed 1024K, reserved 1048576K
}
Event: 0.427 GC heap after
{Heap after GC invocations=1 (full 0):
 garbage-first heap   total 262144K, used 6040K [0x00000000e0000000, 0x0000000100000000)
  region size 1024K, 3 young (3072K), 3 survivors (3072K)
 Metaspace       used 10282K, capacity 10411K, committed 10496K, reserved 1058816K
  class space    used 895K, capacity 953K, committed 1024K, reserved 1048576K
}

Deoptimization events (10 events):
Event: 0.649 Thread 0x00000199e4305000 Uncommon trap: reason=unstable_if action=reinterpret pc=0x00000199f4230910 method=org.jacoco.agent.rt.internal_28bab1d.asm.Type.getType(Ljava/lang/String;II)Lorg/jacoco/agent/rt/internal_28bab1d/asm/Type; @ 18 c2
Event: 0.693 Thread 0x00000199e4305000 Uncommon trap: reason=unstable_if action=reinterpret pc=0x00000199f4250128 method=org.jetbrains.coverage.org.objectweb.asm.Frame.execute(IILorg/jetbrains/coverage/org/objectweb/asm/Symbol;Lorg/jetbrains/coverage/org/objectweb/asm/SymbolTable;)V @ 1 c2
Event: 0.744 Thread 0x00000199e4305000 Uncommon trap: reason=bimorphic_or_optimized_type_check action=maybe_recompile pc=0x00000199f41da014 method=java.util.AbstractCollection.isEmpty()Z @ 1 c2
Event: 0.744 Thread 0x00000199e4305000 Uncommon trap: reason=bimorphic_or_optimized_type_check action=maybe_recompile pc=0x00000199f41da014 method=java.util.AbstractCollection.isEmpty()Z @ 1 c2
Event: 0.744 Thread 0x00000199e4305000 Uncommon trap: reason=bimorphic_or_optimized_type_check action=maybe_recompile pc=0x00000199f41da014 method=java.util.AbstractCollection.isEmpty()Z @ 1 c2
Event: 0.745 Thread 0x00000199e4305000 Uncommon trap: reason=bimorphic_or_optimized_type_check action=maybe_recompile pc=0x00000199f41da014 method=java.util.AbstractCollection.isEmpty()Z @ 1 c2
Event: 0.818 Thread 0x00000199e4305000 Uncommon trap: reason=unstable_if action=reinterpret pc=0x00000199f4202b60 method=java.lang.String.startsWith(Ljava/lang/String;I)Z @ 1 c2
Event: 0.820 Thread 0x00000199e4305000 Uncommon trap: reason=unstable_if action=reinterpret pc=0x00000199f41ddc50 method=java.util.HashMap.putVal(ILjava/lang/Object;Ljava/lang/Object;ZZ)Ljava/lang/Object; @ 181 c2
Event: 0.847 Thread 0x00000199e4305000 Uncommon trap: reason=unstable_if action=reinterpret pc=0x00000199f42443d8 method=org.jetbrains.coverage.org.objectweb.asm.Frame.merge(Lorg/jetbrains/coverage/org/objectweb/asm/SymbolTable;I[II)Z @ 287 c2
Event: 0.906 Thread 0x00000199e4305000 Uncommon trap: reason=unstable_if action=reinterpret pc=0x00000199f42739d8 method=org.jacoco.agent.rt.internal_28bab1d.asm.commons.AnalyzerAdapter.execute(IILjava/lang/String;)V @ 53 c2

Classes redefined (0 events):
No events

Internal exceptions (4 events):
Event: 0.244 Thread 0x00000199e4305000 Exception <a 'java/lang/NoSuchMethodError'{0x00000000ef1443a8}: java.lang.invoke.DirectMethodHandle$Holder.invokeSpecialIFC(Ljava/lang/Object;Ljava/lang/Object;I)I> (0x00000000ef1443a8) thrown at [./open/src/hotspot/share/interpreter/linkResolver.cpp, lin
Event: 0.836 Thread 0x00000199e4305000 Exception <a 'java/lang/NoSuchMethodError'{0x00000000ee8ebfd8}: static Lorg/gradle/api/internal/tasks/testing/junitplatform/JUnitPlatformTestFramework$JUnitPlatformTestClassProcessorFactory;.<clinit>()V> (0x00000000ee8ebfd8) thrown at [./open/src/hotspot/
Event: 0.837 Thread 0x00000199e4305000 Exception <a 'java/lang/NoSuchMethodError'{0x00000000ee8f5cf0}: static Lorg/gradle/api/internal/tasks/testing/junit/AbstractJUnitSpec;.<clinit>()V> (0x00000000ee8f5cf0) thrown at [./open/src/hotspot/share/prims/jni.cpp, line 1362]
Event: 0.838 Thread 0x00000199e4305000 Exception <a 'java/lang/NoSuchMethodError'{0x00000000ee4001b8}: static Lorg/gradle/api/internal/tasks/testing/junitplatform/JUnitPlatformSpec;.<clinit>()V> (0x00000000ee4001b8) thrown at [./open/src/hotspot/share/prims/jni.cpp, line 1362]

Events (10 events):
Event: 0.969 loading class org/gradle/internal/dispatch/MethodInvocation
Event: 0.969 loading class org/gradle/internal/dispatch/MethodInvocation done
Event: 0.971 loading class org/gradle/internal/remote/internal/hub/MessageHub$ChannelDispatch
Event: 0.971 loading class org/gradle/internal/remote/internal/hub/MessageHub$ChannelDispatch done
Event: 0.972 loading class org/gradle/internal/remote/internal/hub/protocol/ChannelMessage
Event: 0.972 loading class org/gradle/internal/remote/internal/hub/protocol/ChannelMessage done
Event: 0.973 loading class org/gradle/internal/remote/internal/hub/protocol/ChannelIdentifier
Event: 0.973 loading class org/gradle/internal/remote/internal/hub/protocol/ChannelIdentifier done
Event: 0.974 loading class org/gradle/internal/concurrent/ThreadSafe
Event: 0.974 loading class org/gradle/internal/concurrent/ThreadSafe done


Dynamic libraries:
0x00007ff6968c0000 - 0x00007ff6968cf000 	C:\Program Files\Java\jdk-11.0.8\bin\java.exe
0x00007ffae3700000 - 0x00007ffae38f0000 	C:\WINDOWS\SYSTEM32\ntdll.dll
0x00007ffae2c60000 - 0x00007ffae2d12000 	C:\WINDOWS\System32\KERNEL32.DLL
0x00007ffae06f0000 - 0x00007ffae0995000 	C:\WINDOWS\System32\KERNELBASE.dll
0x00007ffae1390000 - 0x00007ffae148a000 	C:\WINDOWS\System32\ucrtbase.dll
0x00007ffad18a0000 - 0x00007ffad18b5000 	C:\Program Files\Java\jdk-11.0.8\bin\VCRUNTIME140.dll
0x00007ffad1900000 - 0x00007ffad1918000 	C:\Program Files\Java\jdk-11.0.8\bin\jli.dll
0x00007ffae3080000 - 0x00007ffae3123000 	C:\WINDOWS\System32\ADVAPI32.dll
0x00007ffae2930000 - 0x00007ffae29ce000 	C:\WINDOWS\System32\msvcrt.dll
0x00007ffae1ab0000 - 0x00007ffae1b47000 	C:\WINDOWS\System32\sechost.dll
0x00007ffae3130000 - 0x00007ffae3250000 	C:\WINDOWS\System32\RPCRT4.dll
0x00007ffae17b0000 - 0x00007ffae1945000 	C:\WINDOWS\System32\USER32.dll
0x00007ffae1600000 - 0x00007ffae1621000 	C:\WINDOWS\System32\win32u.dll
0x00007ffadfa10000 - 0x00007ffadfc94000 	C:\WINDOWS\WinSxS\amd64_microsoft.windows.common-controls_6595b64144ccf1df_6.0.18362.1082_none_9e8193e1e45b25c1\COMCTL32.dll
0x00007ffae2880000 - 0x00007ffae28a6000 	C:\WINDOWS\System32\GDI32.dll
0x00007ffae3380000 - 0x00007ffae36b5000 	C:\WINDOWS\System32\combase.dll
0x00007ffae11f0000 - 0x00007ffae1386000 	C:\WINDOWS\System32\gdi32full.dll
0x00007ffae1580000 - 0x00007ffae1600000 	C:\WINDOWS\System32\bcryptPrimitives.dll
0x00007ffae14e0000 - 0x00007ffae157e000 	C:\WINDOWS\System32\msvcp_win.dll
0x00007ffad7c80000 - 0x00007ffad7c8a000 	C:\WINDOWS\SYSTEM32\VERSION.dll
0x00007ffae2310000 - 0x00007ffae233e000 	C:\WINDOWS\System32\IMM32.DLL
0x00007ffac48b0000 - 0x00007ffac494b000 	C:\Program Files\Java\jdk-11.0.8\bin\msvcp140.dll
0x00007ffa7e550000 - 0x00007ffa7f036000 	C:\Program Files\Java\jdk-11.0.8\bin\server\jvm.dll
0x00007ffae2d20000 - 0x00007ffae2d28000 	C:\WINDOWS\System32\PSAPI.DLL
0x00007ffaddb30000 - 0x00007ffaddb54000 	C:\WINDOWS\SYSTEM32\WINMM.dll
0x00007ffacf930000 - 0x00007ffacf939000 	C:\WINDOWS\SYSTEM32\WSOCK32.dll
0x00007ffae2d30000 - 0x00007ffae2d9f000 	C:\WINDOWS\System32\WS2_32.dll
0x00007ffaddb00000 - 0x00007ffaddb2d000 	C:\WINDOWS\SYSTEM32\WINMMBASE.dll
0x00007ffae1490000 - 0x00007ffae14da000 	C:\WINDOWS\System32\cfgmgr32.dll
0x00007ffae05d0000 - 0x00007ffae05e1000 	C:\WINDOWS\System32\kernel.appcore.dll
0x00007ffad1980000 - 0x00007ffad1990000 	C:\Program Files\Java\jdk-11.0.8\bin\verify.dll
0x00007ffae00d0000 - 0x00007ffae02c4000 	C:\WINDOWS\SYSTEM32\DBGHELP.DLL
0x00007ffadfd40000 - 0x00007ffadfd6a000 	C:\WINDOWS\SYSTEM32\dbgcore.DLL
0x00007ffac4880000 - 0x00007ffac48a8000 	C:\Program Files\Java\jdk-11.0.8\bin\java.dll
0x00007ffad1890000 - 0x00007ffad189a000 	C:\Program Files\Java\jdk-11.0.8\bin\jimage.dll
0x00007ffac6890000 - 0x00007ffac689e000 	C:\Program Files\Java\jdk-11.0.8\bin\instrument.dll
0x00007ffac4860000 - 0x00007ffac4876000 	C:\Program Files\Java\jdk-11.0.8\bin\zip.dll
0x00007ffae1c20000 - 0x00007ffae2307000 	C:\WINDOWS\System32\SHELL32.dll
0x00007ffae32d0000 - 0x00007ffae3379000 	C:\WINDOWS\System32\shcore.dll
0x00007ffae0a70000 - 0x00007ffae11f0000 	C:\WINDOWS\System32\windows.storage.dll
0x00007ffae0660000 - 0x00007ffae0683000 	C:\WINDOWS\System32\profapi.dll
0x00007ffae0610000 - 0x00007ffae065a000 	C:\WINDOWS\System32\powrprof.dll
0x00007ffae05c0000 - 0x00007ffae05d0000 	C:\WINDOWS\System32\UMPDC.dll
0x00007ffae2fa0000 - 0x00007ffae2ff2000 	C:\WINDOWS\System32\shlwapi.dll
0x00007ffae09a0000 - 0x00007ffae09b7000 	C:\WINDOWS\System32\cryptsp.dll
0x00007ffac4840000 - 0x00007ffac4859000 	C:\Program Files\Java\jdk-11.0.8\bin\net.dll
0x00007ffad7630000 - 0x00007ffad7720000 	C:\WINDOWS\SYSTEM32\WINHTTP.dll
0x00007ffadf7b0000 - 0x00007ffadf817000 	C:\WINDOWS\system32\mswsock.dll
0x00007ffac4820000 - 0x00007ffac4832000 	C:\Program Files\Java\jdk-11.0.8\bin\nio.dll
0x00007ffacec00000 - 0x00007ffacec16000 	C:\WINDOWS\system32\napinsp.dll
0x00007ffacebe0000 - 0x00007ffacebfa000 	C:\WINDOWS\system32\pnrpnsp.dll
0x00007ffadf4e0000 - 0x00007ffadf5ab000 	C:\WINDOWS\SYSTEM32\DNSAPI.dll
0x00007ffae2e50000 - 0x00007ffae2e58000 	C:\WINDOWS\System32\NSI.dll
0x00007ffadf4a0000 - 0x00007ffadf4da000 	C:\WINDOWS\SYSTEM32\IPHLPAPI.DLL
0x00007ffacebd0000 - 0x00007ffacebde000 	C:\WINDOWS\System32\winrnr.dll
0x00007ffadc840000 - 0x00007ffadc85c000 	C:\WINDOWS\system32\NLAapi.dll
0x00007ffacebb0000 - 0x00007ffacebc5000 	C:\WINDOWS\system32\wshbth.dll
0x00007ffad75f0000 - 0x00007ffad75fa000 	C:\Windows\System32\rasadhlp.dll
0x00007ffad7890000 - 0x00007ffad7907000 	C:\WINDOWS\System32\fwpuclnt.dll
0x00007ffae1780000 - 0x00007ffae17a6000 	C:\WINDOWS\System32\bcrypt.dll

dbghelp: loaded successfully - version: 4.0.5 - missing functions: none
symbol engine: initialized successfully - sym options: 0x614 - pdb path: .;C:\Program Files\Java\jdk-11.0.8\bin;C:\WINDOWS\SYSTEM32;C:\WINDOWS\WinSxS\amd64_microsoft.windows.common-controls_6595b64144ccf1df_6.0.18362.1082_none_9e8193e1e45b25c1;C:\Program Files\Java\jdk-11.0.8\bin\server

VM Arguments:
jvm_args: -Dorg.gradle.native=false -javaagent:C:\Users\Administrator\AppData\Local\JetBrains\IntelliJIdea2020.1\testAgent\intellij-coverage-agent-1.0.508.jar=C:\Users\Administrator\AppData\Local\Temp\coverage7args -javaagent:build/tmp/expandedArchives/org.jacoco.agent-0.8.2.jar_2aca8b620b19ecd063f63feff8caaa38/jacocoagent.jar=destfile=build/jacoco/test.exec,append=true,inclnolocationclasses=false,dumponexit=true,output=file,jmx=false -Xmx512m -Dfile.encoding=UTF-8 -Duser.country=US -Duser.language=en -Duser.variant -ea 
java_command: worker.org.gradle.process.internal.worker.GradleWorkerMain 'Gradle Test Executor 17'
java_class_path (initial): C:\\Users\\Administrator\\.gradle\\caches\\5.2.1\\workerMain\\gradle-worker.jar;D:\\repo\\tp\\build\\classes\\java\\test;D:\\repo\\tp\\build\\resources\\test;D:\\repo\\tp\\build\\classes\\java\\main;D:\\repo\\tp\\build\\resources\\main;C:\\Users\\Administrator\\.gradle\\caches\\modules-2\\files-2.1\\org.openjfx\\javafx-fxml\\11\\d5ff9262ef49d166db658d15f37e3ecff38fde4b\\javafx-fxml-11-win.jar;C:\\Users\\Administrator\\.gradle\\caches\\modules-2\\files-2.1\\org.openjfx\\javafx-fxml\\11\\e0f5bb81e21054b59f2ebfa727d40a90ee0260d3\\javafx-fxml-11-mac.jar;C:\\Users\\Administrator\\.gradle\\caches\\modules-2\\files-2.1\\org.openjfx\\javafx-fxml\\11\\e7a757b580fc3e2e1a121768606c7836eef418c\\javafx-fxml-11-linux.jar;C:\\Users\\Administrator\\.gradle\\caches\\modules-2\\files-2.1\\org.openjfx\\javafx-controls\\11\\af8d24de44e16a19ae959028eb23a48c145fb682\\javafx-controls-11-win.jar;C:\\Users\\Administrator\\.gradle\\caches\\modules-2\\files-2.1\\org.openjfx\\javafx-controls\\11\\e3a24a14e8732abc6dc173f15872dc63e2a32e16\\javafx-controls-11-mac.jar;C:\\Users\\Administrator\\.gradle\\caches\\modules-2\\files-2.1\\org.openjfx\\javafx-controls\\11\\794488e3b1f4635d9a1b842bdc872a5eb8fd54ca\\javafx-controls-11-linux.jar;C:\\Users\\Administrator\\.gradle\\caches\\modules-2\\files-2.1\\org.openjfx\\javafx-controls\\11\\58d961774262ec972bf304e16c154a8e18c2050b\\javafx-controls-11.jar;C:\\Users\\Administrator\\.gradle\\caches\\modules-2\\files-2.1\\org.openjfx\\javafx-graphics\\11\\9345c7ea43dbcc73a62eca5332717b4ce617e6c6\\javafx-graphics-11-win.jar;C:\\Users\\Administrator\\.gradle\\caches\\modules-2\\files-2.1\\org.openjfx\\javafx-graphics\\11\\af47a6d3668d3ce1c61e1fe13c44471b6f8d469\\javafx-graphics-11-mac.jar;C:\\Users\\Administrator\\.gradle\\caches\\modules-2\\files-2.1\\org.openjfx\\javafx-graphics\\11\\4ab9edd8d481a420044c473fdb5718ccdd35c836\\javafx-graphics-11-linux.jar;C:\\Users\\Administrator\\.gradle\\caches\\modules-2\\files-2.1\\org.openjfx\\j
Launcher Type: SUN_STANDARD

[Global flags]
     intx CICompilerCount                          = 4                                         {product} {ergonomic}
     uint ConcGCThreads                            = 2                                         {product} {ergonomic}
     uint G1ConcRefinementThreads                  = 8                                         {product} {ergonomic}
   size_t G1HeapRegionSize                         = 1048576                                   {product} {ergonomic}
    uintx GCDrainStackTargetSize                   = 64                                        {product} {ergonomic}
   size_t InitialHeapSize                          = 268435456                                 {product} {ergonomic}
   size_t MarkStackSize                            = 4194304                                   {product} {ergonomic}
   size_t MaxHeapSize                              = 536870912                                 {product} {command line}
   size_t MaxNewSize                               = 321912832                                 {product} {ergonomic}
   size_t MinHeapDeltaBytes                        = 1048576                                   {product} {ergonomic}
    uintx NonNMethodCodeHeapSize                   = 5836300                                {pd product} {ergonomic}
    uintx NonProfiledCodeHeapSize                  = 122910970                              {pd product} {ergonomic}
    uintx ProfiledCodeHeapSize                     = 122910970                              {pd product} {ergonomic}
    uintx ReservedCodeCacheSize                    = 251658240                              {pd product} {ergonomic}
     bool SegmentedCodeCache                       = true                                      {product} {ergonomic}
     bool UseCompressedClassPointers               = true                                 {lp64_product} {ergonomic}
     bool UseCompressedOops                        = true                                 {lp64_product} {ergonomic}
     bool UseG1GC                                  = true                                      {product} {ergonomic}
     bool UseLargePagesIndividualAllocation        = false                                  {pd product} {ergonomic}

Logging:
Log output configuration:
 #0: stdout all=warning uptime,level,tags
 #1: stderr all=off uptime,level,tags

Environment Variables:
JAVA_HOME=C:\Program Files\Java\jdk-11.0.8
JRE_HOME=C:\Program Files\Java\jre1.8.0_251
PATH=C:\Program Files\Common Files\Oracle\Java\javapath;D:\Program Files\VanDyke Software\Clients\;C:\Program Files (x86)\Common Files\Intel\Shared Libraries\redist\intel64\compiler;C:\Program Files (x86)\Common Files\Oracle\Java\javapath;C:\Program Files\Java\jdk-11.0.8\bin;C:\windows\system32;C:\windows;C:\windows\System32\Wbem;C:\windows\System32\WindowsPowerShell\v1.0\;C:\windows\System32\OpenSSH\;C:\Program Files (x86)\NVIDIA Corporation\PhysX\Common;C:\Program Files\NVIDIA Corporation\NVIDIA NvDLISR;C:\Program Files (x86)\Vim\vim82;C:\WINDOWS\system32;C:\WINDOWS;C:\WINDOWS\System32\Wbem;C:\WINDOWS\System32\WindowsPowerShell\v1.0\;C:\WINDOWS\System32\OpenSSH\;D:\mysql-8.0.20-winx64\bin\;D:\apache-maven-3.3.9\bin;D:\Program Files\PuTTY\;C:\Program Files\nodejs\;C:\Program Files\Git\cmd;C:\Program Files\dotnet\;C:\Program Files\Microsoft SQL Server\130\Tools\Binn\;C:\Program Files\Microsoft SQL Server\Client SDK\ODBC\170\Tools\Binn\;C:\Users\Administrator\AppData\Local\Programs\Python\Python37\Scripts\;C:\Users\Administrator\AppData\Local\Programs\Python\Python37\;C:\Users\Administrator\AppData\Local\Microsoft\WindowsApps;D:\Program Files (x86)\Microsoft VS Code\bin;C:\Users\Administrator\AppData\Roaming\npm;C:\Program Files (x86)\SSH Communications Security\SSH Secure Shell;C:\Users\Administrator\.dotnet\tools;D:\Program Files (x86)\mingw64\bin;
USERNAME=Administrator
OS=Windows_NT
PROCESSOR_IDENTIFIER=Intel64 Family 6 Model 158 Stepping 9, GenuineIntel



---------------  S Y S T E M  ---------------

OS: Windows 10 , 64 bit Build 18362 (10.0.18362.1082)

CPU:total 8 (initial active 8) (4 cores per cpu, 2 threads per core) family 6 model 158 stepping 9, cmov, cx8, fxsr, mmx, sse, sse2, sse3, ssse3, sse4.1, sse4.2, popcnt, avx, avx2, aes, clmul, erms, rtm, 3dnowpref, lzcnt, ht, tsc, tscinvbit, bmi1, bmi2, adx, fma

Memory: 4k page, system-wide physical 16314M (7670M free)
TotalPageFile size 18407M (AvailPageFile size 3667M)
current process WorkingSet (physical memory assigned to process): 170M, peak: 172M
current process commit charge ("private bytes"): 423M, peak: 425M

vm_info: Java HotSpot(TM) 64-Bit Server VM (11.0.8+10-LTS) for windows-amd64 JRE (11.0.8+10-LTS), built on Jun 16 2020 05:53:08 by "mach5one" with unknown MS VC++:1916

END.
