#
# A fatal error has been detected by the Java Runtime Environment:
#
#  EXCEPTION_ACCESS_VIOLATION (0xc0000005) at pc=0x00007ffa7e7228ef, pid=17324, tid=18036
#
# JRE version: Java(TM) SE Runtime Environment 18.9 (11.0.8+10) (build 11.0.8+10-LTS)
# Java VM: Java HotSpot(TM) 64-Bit Server VM 18.9 (11.0.8+10-LTS, mixed mode, tiered, compressed oops, g1 gc, windows-amd64)
# Problematic frame:
# V  [jvm.dll+0x1d28ef]
#
# No core dump will be written. Minidumps are not enabled by default on client versions of Windows
#
# If you would like to submit a bug report, please visit:
#   https://bugreport.java.com/bugreport/crash.jsp
#

---------------  S U M M A R Y ------------

Command Line: -Dorg.gradle.native=false -javaagent:C:\Users\Administrator\AppData\Local\JetBrains\IntelliJIdea2020.1\testAgent\intellij-coverage-agent-1.0.508.jar=C:\Users\Administrator\AppData\Local\Temp\coverage1415args -javaagent:build/tmp/expandedArchives/org.jacoco.agent-0.8.2.jar_2aca8b620b19ecd063f63feff8caaa38/jacocoagent.jar=destfile=build/jacoco/test.exec,append=true,inclnolocationclasses=false,dumponexit=true,output=file,jmx=false -Xmx512m -Dfile.encoding=UTF-8 -Duser.country=US -Duser.language=en -Duser.variant -ea worker.org.gradle.process.internal.worker.GradleWorkerMain 'Gradle Test Executor 94'

Host: Intel(R) Core(TM) i7-7700K CPU @ 4.20GHz, 8 cores, 15G,  Windows 10 , 64 bit Build 18362 (10.0.18362.1082)
Time: Sun Oct 11 19:41:20 2020 China Standard Time elapsed time: 0 seconds (0d 0h 0m 0s)

---------------  T H R E A D  ---------------

Current thread (0x0000026afce22800):  JavaThread "C2 CompilerThread2" daemon [_thread_in_native, id=18036, stack(0x0000006f19500000,0x0000006f19600000)]


Current CompileTask:
C2:    421  655       4       org.jetbrains.coverage.org.objectweb.asm.Label::accept (65 bytes)

Stack: [0x0000006f19500000,0x0000006f19600000],  sp=0x0000006f195fba50,  free space=1006k
Native frames: (J=compiled Java code, j=interpreted, Vv=VM code, C=native code)
V  [jvm.dll+0x1d28ef]
V  [jvm.dll+0x1d2b26]
V  [jvm.dll+0x192e77]
V  [jvm.dll+0x1fc3f2]
V  [jvm.dll+0x1fb49f]
V  [jvm.dll+0x17e0fc]
V  [jvm.dll+0x20aaa4]
V  [jvm.dll+0x208b7b]
V  [jvm.dll+0x6ff90c]
V  [jvm.dll+0x6f845c]
V  [jvm.dll+0x600d66]
C  [ucrtbase.dll+0x20e82]
C  [KERNEL32.DLL+0x17bd4]
C  [ntdll.dll+0x6ce51]


siginfo: EXCEPTION_ACCESS_VIOLATION (0xc0000005), reading address 0x0000000000000018


Register to memory mapping:

RIP=0x00007ffa7e7228ef jvm.dll
RAX=0x0000006f195fbf40 is pointing into the stack for thread: 0x0000026afce22800
RBX=0x0000006f195fbbd0 is pointing into the stack for thread: 0x0000026afce22800
RCX=0x0000006f195fbbd0 is pointing into the stack for thread: 0x0000026afce22800
RDX=0x0000000000000001 is an unknown value
RSP=0x0000006f195fba50 is pointing into the stack for thread: 0x0000026afce22800
RBP=0x0000026afe1a9a80 points into unknown readable memory: 20 3b d5 7e fa 7f 00 00
RSI=0x0000006f195fc028 is pointing into the stack for thread: 0x0000026afce22800
RDI=0x0 is NULL
R8 =0x00007ffa7ed67f40 jvm.dll
R9 =0x0000000000000010 is an unknown value
R10=0x0000026afdfb0190 points into unknown readable memory: 80 1d 6a ff 6a 02 00 00
R11=0x0000006f195fb9d0 is pointing into the stack for thread: 0x0000026afce22800
R12=0x0000026afcb0fcb8 points into unknown readable memory: e3 70 24 fa 00 03 00 88
R13=0x0000006f195fbbd0 is pointing into the stack for thread: 0x0000026afce22800
R14=0x0000000000000001 is an unknown value
R15=0x0 is NULL


Registers:
RAX=0x0000006f195fbf40, RBX=0x0000006f195fbbd0, RCX=0x0000006f195fbbd0, RDX=0x0000000000000001
RSP=0x0000006f195fba50, RBP=0x0000026afe1a9a80, RSI=0x0000006f195fc028, RDI=0x0000000000000000
R8 =0x00007ffa7ed67f40, R9 =0x0000000000000010, R10=0x0000026afdfb0190, R11=0x0000006f195fb9d0
R12=0x0000026afcb0fcb8, R13=0x0000006f195fbbd0, R14=0x0000000000000001, R15=0x0000000000000000
RIP=0x00007ffa7e7228ef, EFLAGS=0x0000000000010202

Top of Stack: (sp=0x0000006f195fba50)
0x0000006f195fba50:   0000026a00000344 0000006f195fbbd0
0x0000006f195fba60:   0000026afcb0f8e0 0000000000000001
0x0000006f195fba70:   00000000000003d8 0000026afcb0f8d0
0x0000006f195fba80:   00000000000002b0 00007ffa7e722b26
0x0000006f195fba90:   0000026afcb0f8e0 0000006f195fbbd0
0x0000006f195fbaa0:   0000006f195fbbc0 0000006f195fc028
0x0000006f195fbab0:   0000000000000000 00007ffa7e6e2e77
0x0000006f195fbac0:   0000006f195fbf40 0000006f195fc028
0x0000006f195fbad0:   0000026afcb0fcb8 00000000000003d8
0x0000006f195fbae0:   0000026adeadbe00 0000006f195fc0d0
0x0000006f195fbaf0:   0000000000000006 0000026afcb0f8d0
0x0000006f195fbb00:   0000026a805b82e0 0000026a805be8f0
0x0000006f195fbb10:   0000026a805c02c8 00000000001188c8
0x0000006f195fbb20:   00000000000003d8 0000026afcb0f8d0
0x0000006f195fbb30:   00007ffa7ed50000 0000000000000000
0x0000006f195fbb40:   0000026a00000002 0000026afee6e300 

Instructions: (pc=0x00007ffa7e7228ef)
0x00007ffa7e7228cf:   86 a5 00 00 00 0f 1f 40 00 0f 1f 84 00 00 00 00
0x00007ffa7e7228df:   00 48 8b 45 40 41 8b d6 4a 8b 3c f8 49 8b 45 18
0x00007ffa7e7228ef:   44 8b 4f 18 48 8b 48 48 4c 8b 51 78 0f 1f 44 00
0x00007ffa7e7228ff:   00 45 85 c9 74 09 48 8b 47 20 48 8b 00 eb 02 33 


Stack slot to memory mapping:
stack at sp + 0 slots: 0x0000026a00000344 is an unknown value
stack at sp + 1 slots: 0x0000006f195fbbd0 is pointing into the stack for thread: 0x0000026afce22800
stack at sp + 2 slots: 0x0000026afcb0f8e0 points into unknown readable memory: 60 b4 dd 7e fa 7f 00 00
stack at sp + 3 slots: 0x0000000000000001 is an unknown value
stack at sp + 4 slots: 0x00000000000003d8 is an unknown value
stack at sp + 5 slots: 0x0000026afcb0f8d0 points into unknown readable memory: 20 03 06 fe 6a 02 00 00
stack at sp + 6 slots: 0x00000000000002b0 is an unknown value
stack at sp + 7 slots: 0x00007ffa7e722b26 jvm.dll


---------------  P R O C E S S  ---------------

Threads class SMR info:
_java_thread_list=0x0000026afd0b4ec0, length=12, elements={
0x0000026ae0d85000, 0x0000026afca37800, 0x0000026afca5b800, 0x0000026afcac1000,
0x0000026afcac2800, 0x0000026afcac5800, 0x0000026afcaca000, 0x0000026afcacb000,
0x0000026afcc50800, 0x0000026afcc58800, 0x0000026afce22800, 0x0000026afd124800
}

Java Threads: ( => current thread )
  0x0000026ae0d85000 JavaThread "main" [_thread_in_Java, id=18672, stack(0x0000006f18500000,0x0000006f18600000)]
  0x0000026afca37800 JavaThread "Reference Handler" daemon [_thread_blocked, id=4008, stack(0x0000006f18c00000,0x0000006f18d00000)]
  0x0000026afca5b800 JavaThread "Finalizer" daemon [_thread_blocked, id=19548, stack(0x0000006f18d00000,0x0000006f18e00000)]
  0x0000026afcac1000 JavaThread "Signal Dispatcher" daemon [_thread_blocked, id=16784, stack(0x0000006f18e00000,0x0000006f18f00000)]
  0x0000026afcac2800 JavaThread "Attach Listener" daemon [_thread_blocked, id=9896, stack(0x0000006f18f00000,0x0000006f19000000)]
  0x0000026afcac5800 JavaThread "C2 CompilerThread0" daemon [_thread_in_native, id=20220, stack(0x0000006f19000000,0x0000006f19100000)]
  0x0000026afcaca000 JavaThread "C1 CompilerThread0" daemon [_thread_in_native, id=19224, stack(0x0000006f19100000,0x0000006f19200000)]
  0x0000026afcacb000 JavaThread "Sweeper thread" daemon [_thread_blocked, id=16396, stack(0x0000006f19200000,0x0000006f19300000)]
  0x0000026afcc50800 JavaThread "Common-Cleaner" daemon [_thread_blocked, id=12980, stack(0x0000006f19300000,0x0000006f19400000)]
  0x0000026afcc58800 JavaThread "C2 CompilerThread1" daemon [_thread_in_native, id=16904, stack(0x0000006f19400000,0x0000006f19500000)]
=>0x0000026afce22800 JavaThread "C2 CompilerThread2" daemon [_thread_in_native, id=18036, stack(0x0000006f19500000,0x0000006f19600000)]
  0x0000026afd124800 JavaThread "Service Thread" daemon [_thread_blocked, id=4828, stack(0x0000006f19600000,0x0000006f19700000)]

Other Threads:
  0x0000026afc227800 VMThread "VM Thread" [stack: 0x0000006f18b00000,0x0000006f18c00000] [id=16344]
  0x0000026afdf87000 WatcherThread [stack: 0x0000006f19700000,0x0000006f19800000] [id=12244]
  0x0000026ae0d9b800 GCTaskThread "GC Thread#0" [stack: 0x0000006f18600000,0x0000006f18700000] [id=8148]
  0x0000026afde06000 GCTaskThread "GC Thread#1" [stack: 0x0000006f19800000,0x0000006f19900000] [id=13884]
  0x0000026afdfaf800 GCTaskThread "GC Thread#2" [stack: 0x0000006f19900000,0x0000006f19a00000] [id=15820]
  0x0000026a802ea800 GCTaskThread "GC Thread#3" [stack: 0x0000006f19a00000,0x0000006f19b00000] [id=8868]
  0x0000026afe0f0000 GCTaskThread "GC Thread#4" [stack: 0x0000006f19b00000,0x0000006f19c00000] [id=13520]
  0x0000026a800a4000 GCTaskThread "GC Thread#5" [stack: 0x0000006f19c00000,0x0000006f19d00000] [id=16912]
  0x0000026ae0dae000 ConcurrentGCThread "G1 Main Marker" [stack: 0x0000006f18700000,0x0000006f18800000] [id=3128]
  0x0000026ae0daf800 ConcurrentGCThread "G1 Conc#0" [stack: 0x0000006f18800000,0x0000006f18900000] [id=8168]
  0x0000026afc092800 ConcurrentGCThread "G1 Refine#0" [stack: 0x0000006f18900000,0x0000006f18a00000] [id=9936]
  0x0000026afc093800 ConcurrentGCThread "G1 Young RemSet Sampling" [stack: 0x0000006f18a00000,0x0000006f18b00000] [id=17892]

Threads with active compile tasks:
C2 CompilerThread0    468  657 %     4       org.jetbrains.coverage.org.objectweb.asm.ClassReader::readCode @ 2165 (5089 bytes)
C1 CompilerThread0    468  851       3       org.jacoco.agent.rt.internal_28bab1d.asm.commons.AnalyzerAdapter::pushDescriptor (441 bytes)
C2 CompilerThread1    468  828       4       org.jacoco.agent.rt.internal_28bab1d.asm.Type::getArgumentTypes (308 bytes)
C2 CompilerThread2    468  655       4       org.jetbrains.coverage.org.objectweb.asm.Label::accept (65 bytes)

VM state:not at safepoint (normal execution)

VM Mutex/Monitor currently owned by a thread: None

Heap address: 0x00000000e0000000, size: 512 MB, Compressed Oops mode: 32-bit
Narrow klass base: 0x0000000000000000, Narrow klass shift: 3
Compressed class space size: 1073741824 Address: 0x0000000100000000

Heap:
 garbage-first heap   total 262144K, used 5998K [0x00000000e0000000, 0x0000000100000000)
  region size 1024K, 4 young (4096K), 3 survivors (3072K)
 Metaspace       used 10349K, capacity 10549K, committed 10752K, reserved 1058816K
  class space    used 903K, capacity 959K, committed 1024K, reserved 1048576K
Heap Regions: E=young(eden), S=young(survivor), O=old, HS=humongous(starts), HC=humongous(continues), CS=collection set, F=free, A=archive, TAMS=top-at-mark-start (previous, next)
|   0|0x00000000e0000000, 0x00000000e0100000, 0x00000000e0100000|100%| O|  |TAMS 0x00000000e0000000, 0x00000000e0000000| Untracked 
|   1|0x00000000e0100000, 0x00000000e0200000, 0x00000000e0200000|100%| O|  |TAMS 0x00000000e0100000, 0x00000000e0100000| Untracked 
|   2|0x00000000e0200000, 0x00000000e02db800, 0x00000000e0300000| 85%| O|  |TAMS 0x00000000e0200000, 0x00000000e0200000| Untracked 
|   3|0x00000000e0300000, 0x00000000e0300000, 0x00000000e0400000|  0%| F|  |TAMS 0x00000000e0300000, 0x00000000e0300000| Untracked 
|   4|0x00000000e0400000, 0x00000000e0400000, 0x00000000e0500000|  0%| F|  |TAMS 0x00000000e0400000, 0x00000000e0400000| Untracked 
|   5|0x00000000e0500000, 0x00000000e0500000, 0x00000000e0600000|  0%| F|  |TAMS 0x00000000e0500000, 0x00000000e0500000| Untracked 
|   6|0x00000000e0600000, 0x00000000e0600000, 0x00000000e0700000|  0%| F|  |TAMS 0x00000000e0600000, 0x00000000e0600000| Untracked 
|   7|0x00000000e0700000, 0x00000000e0700000, 0x00000000e0800000|  0%| F|  |TAMS 0x00000000e0700000, 0x00000000e0700000| Untracked 
|   8|0x00000000e0800000, 0x00000000e0800000, 0x00000000e0900000|  0%| F|  |TAMS 0x00000000e0800000, 0x00000000e0800000| Untracked 
|   9|0x00000000e0900000, 0x00000000e0900000, 0x00000000e0a00000|  0%| F|  |TAMS 0x00000000e0900000, 0x00000000e0900000| Untracked 
|  10|0x00000000e0a00000, 0x00000000e0a00000, 0x00000000e0b00000|  0%| F|  |TAMS 0x00000000e0a00000, 0x00000000e0a00000| Untracked 
|  11|0x00000000e0b00000, 0x00000000e0b00000, 0x00000000e0c00000|  0%| F|  |TAMS 0x00000000e0b00000, 0x00000000e0b00000| Untracked 
|  12|0x00000000e0c00000, 0x00000000e0c00000, 0x00000000e0d00000|  0%| F|  |TAMS 0x00000000e0c00000, 0x00000000e0c00000| Untracked 
|  13|0x00000000e0d00000, 0x00000000e0d00000, 0x00000000e0e00000|  0%| F|  |TAMS 0x00000000e0d00000, 0x00000000e0d00000| Untracked 
|  14|0x00000000e0e00000, 0x00000000e0e00000, 0x00000000e0f00000|  0%| F|  |TAMS 0x00000000e0e00000, 0x00000000e0e00000| Untracked 
|  15|0x00000000e0f00000, 0x00000000e0f00000, 0x00000000e1000000|  0%| F|  |TAMS 0x00000000e0f00000, 0x00000000e0f00000| Untracked 
|  16|0x00000000e1000000, 0x00000000e1000000, 0x00000000e1100000|  0%| F|  |TAMS 0x00000000e1000000, 0x00000000e1000000| Untracked 
|  17|0x00000000e1100000, 0x00000000e1100000, 0x00000000e1200000|  0%| F|  |TAMS 0x00000000e1100000, 0x00000000e1100000| Untracked 
|  18|0x00000000e1200000, 0x00000000e1200000, 0x00000000e1300000|  0%| F|  |TAMS 0x00000000e1200000, 0x00000000e1200000| Untracked 
|  19|0x00000000e1300000, 0x00000000e1300000, 0x00000000e1400000|  0%| F|  |TAMS 0x00000000e1300000, 0x00000000e1300000| Untracked 
|  20|0x00000000e1400000, 0x00000000e1400000, 0x00000000e1500000|  0%| F|  |TAMS 0x00000000e1400000, 0x00000000e1400000| Untracked 
|  21|0x00000000e1500000, 0x00000000e1500000, 0x00000000e1600000|  0%| F|  |TAMS 0x00000000e1500000, 0x00000000e1500000| Untracked 
|  22|0x00000000e1600000, 0x00000000e1600000, 0x00000000e1700000|  0%| F|  |TAMS 0x00000000e1600000, 0x00000000e1600000| Untracked 
|  23|0x00000000e1700000, 0x00000000e1700000, 0x00000000e1800000|  0%| F|  |TAMS 0x00000000e1700000, 0x00000000e1700000| Untracked 
|  24|0x00000000e1800000, 0x00000000e1800000, 0x00000000e1900000|  0%| F|  |TAMS 0x00000000e1800000, 0x00000000e1800000| Untracked 
|  25|0x00000000e1900000, 0x00000000e1900000, 0x00000000e1a00000|  0%| F|  |TAMS 0x00000000e1900000, 0x00000000e1900000| Untracked 
|  26|0x00000000e1a00000, 0x00000000e1a00000, 0x00000000e1b00000|  0%| F|  |TAMS 0x00000000e1a00000, 0x00000000e1a00000| Untracked 
|  27|0x00000000e1b00000, 0x00000000e1b00000, 0x00000000e1c00000|  0%| F|  |TAMS 0x00000000e1b00000, 0x00000000e1b00000| Untracked 
|  28|0x00000000e1c00000, 0x00000000e1c00000, 0x00000000e1d00000|  0%| F|  |TAMS 0x00000000e1c00000, 0x00000000e1c00000| Untracked 
|  29|0x00000000e1d00000, 0x00000000e1d00000, 0x00000000e1e00000|  0%| F|  |TAMS 0x00000000e1d00000, 0x00000000e1d00000| Untracked 
|  30|0x00000000e1e00000, 0x00000000e1e00000, 0x00000000e1f00000|  0%| F|  |TAMS 0x00000000e1e00000, 0x00000000e1e00000| Untracked 
|  31|0x00000000e1f00000, 0x00000000e1f00000, 0x00000000e2000000|  0%| F|  |TAMS 0x00000000e1f00000, 0x00000000e1f00000| Untracked 
|  32|0x00000000e2000000, 0x00000000e2000000, 0x00000000e2100000|  0%| F|  |TAMS 0x00000000e2000000, 0x00000000e2000000| Untracked 
|  33|0x00000000e2100000, 0x00000000e2100000, 0x00000000e2200000|  0%| F|  |TAMS 0x00000000e2100000, 0x00000000e2100000| Untracked 
|  34|0x00000000e2200000, 0x00000000e2200000, 0x00000000e2300000|  0%| F|  |TAMS 0x00000000e2200000, 0x00000000e2200000| Untracked 
|  35|0x00000000e2300000, 0x00000000e2300000, 0x00000000e2400000|  0%| F|  |TAMS 0x00000000e2300000, 0x00000000e2300000| Untracked 
|  36|0x00000000e2400000, 0x00000000e2400000, 0x00000000e2500000|  0%| F|  |TAMS 0x00000000e2400000, 0x00000000e2400000| Untracked 
|  37|0x00000000e2500000, 0x00000000e2500000, 0x00000000e2600000|  0%| F|  |TAMS 0x00000000e2500000, 0x00000000e2500000| Untracked 
|  38|0x00000000e2600000, 0x00000000e2600000, 0x00000000e2700000|  0%| F|  |TAMS 0x00000000e2600000, 0x00000000e2600000| Untracked 
|  39|0x00000000e2700000, 0x00000000e2700000, 0x00000000e2800000|  0%| F|  |TAMS 0x00000000e2700000, 0x00000000e2700000| Untracked 
|  40|0x00000000e2800000, 0x00000000e2800000, 0x00000000e2900000|  0%| F|  |TAMS 0x00000000e2800000, 0x00000000e2800000| Untracked 
|  41|0x00000000e2900000, 0x00000000e2900000, 0x00000000e2a00000|  0%| F|  |TAMS 0x00000000e2900000, 0x00000000e2900000| Untracked 
|  42|0x00000000e2a00000, 0x00000000e2a00000, 0x00000000e2b00000|  0%| F|  |TAMS 0x00000000e2a00000, 0x00000000e2a00000| Untracked 
|  43|0x00000000e2b00000, 0x00000000e2b00000, 0x00000000e2c00000|  0%| F|  |TAMS 0x00000000e2b00000, 0x00000000e2b00000| Untracked 
|  44|0x00000000e2c00000, 0x00000000e2c00000, 0x00000000e2d00000|  0%| F|  |TAMS 0x00000000e2c00000, 0x00000000e2c00000| Untracked 
|  45|0x00000000e2d00000, 0x00000000e2d00000, 0x00000000e2e00000|  0%| F|  |TAMS 0x00000000e2d00000, 0x00000000e2d00000| Untracked 
|  46|0x00000000e2e00000, 0x00000000e2e00000, 0x00000000e2f00000|  0%| F|  |TAMS 0x00000000e2e00000, 0x00000000e2e00000| Untracked 
|  47|0x00000000e2f00000, 0x00000000e2f00000, 0x00000000e3000000|  0%| F|  |TAMS 0x00000000e2f00000, 0x00000000e2f00000| Untracked 
|  48|0x00000000e3000000, 0x00000000e3000000, 0x00000000e3100000|  0%| F|  |TAMS 0x00000000e3000000, 0x00000000e3000000| Untracked 
|  49|0x00000000e3100000, 0x00000000e3100000, 0x00000000e3200000|  0%| F|  |TAMS 0x00000000e3100000, 0x00000000e3100000| Untracked 
|  50|0x00000000e3200000, 0x00000000e3200000, 0x00000000e3300000|  0%| F|  |TAMS 0x00000000e3200000, 0x00000000e3200000| Untracked 
|  51|0x00000000e3300000, 0x00000000e3300000, 0x00000000e3400000|  0%| F|  |TAMS 0x00000000e3300000, 0x00000000e3300000| Untracked 
|  52|0x00000000e3400000, 0x00000000e3400000, 0x00000000e3500000|  0%| F|  |TAMS 0x00000000e3400000, 0x00000000e3400000| Untracked 
|  53|0x00000000e3500000, 0x00000000e3500000, 0x00000000e3600000|  0%| F|  |TAMS 0x00000000e3500000, 0x00000000e3500000| Untracked 
|  54|0x00000000e3600000, 0x00000000e3600000, 0x00000000e3700000|  0%| F|  |TAMS 0x00000000e3600000, 0x00000000e3600000| Untracked 
|  55|0x00000000e3700000, 0x00000000e3700000, 0x00000000e3800000|  0%| F|  |TAMS 0x00000000e3700000, 0x00000000e3700000| Untracked 
|  56|0x00000000e3800000, 0x00000000e3800000, 0x00000000e3900000|  0%| F|  |TAMS 0x00000000e3800000, 0x00000000e3800000| Untracked 
|  57|0x00000000e3900000, 0x00000000e3900000, 0x00000000e3a00000|  0%| F|  |TAMS 0x00000000e3900000, 0x00000000e3900000| Untracked 
|  58|0x00000000e3a00000, 0x00000000e3a00000, 0x00000000e3b00000|  0%| F|  |TAMS 0x00000000e3a00000, 0x00000000e3a00000| Untracked 
|  59|0x00000000e3b00000, 0x00000000e3b00000, 0x00000000e3c00000|  0%| F|  |TAMS 0x00000000e3b00000, 0x00000000e3b00000| Untracked 
|  60|0x00000000e3c00000, 0x00000000e3c00000, 0x00000000e3d00000|  0%| F|  |TAMS 0x00000000e3c00000, 0x00000000e3c00000| Untracked 
|  61|0x00000000e3d00000, 0x00000000e3d00000, 0x00000000e3e00000|  0%| F|  |TAMS 0x00000000e3d00000, 0x00000000e3d00000| Untracked 
|  62|0x00000000e3e00000, 0x00000000e3e00000, 0x00000000e3f00000|  0%| F|  |TAMS 0x00000000e3e00000, 0x00000000e3e00000| Untracked 
|  63|0x00000000e3f00000, 0x00000000e3f00000, 0x00000000e4000000|  0%| F|  |TAMS 0x00000000e3f00000, 0x00000000e3f00000| Untracked 
|  64|0x00000000e4000000, 0x00000000e4000000, 0x00000000e4100000|  0%| F|  |TAMS 0x00000000e4000000, 0x00000000e4000000| Untracked 
|  65|0x00000000e4100000, 0x00000000e4100000, 0x00000000e4200000|  0%| F|  |TAMS 0x00000000e4100000, 0x00000000e4100000| Untracked 
|  66|0x00000000e4200000, 0x00000000e4200000, 0x00000000e4300000|  0%| F|  |TAMS 0x00000000e4200000, 0x00000000e4200000| Untracked 
|  67|0x00000000e4300000, 0x00000000e4300000, 0x00000000e4400000|  0%| F|  |TAMS 0x00000000e4300000, 0x00000000e4300000| Untracked 
|  68|0x00000000e4400000, 0x00000000e4400000, 0x00000000e4500000|  0%| F|  |TAMS 0x00000000e4400000, 0x00000000e4400000| Untracked 
|  69|0x00000000e4500000, 0x00000000e4500000, 0x00000000e4600000|  0%| F|  |TAMS 0x00000000e4500000, 0x00000000e4500000| Untracked 
|  70|0x00000000e4600000, 0x00000000e4600000, 0x00000000e4700000|  0%| F|  |TAMS 0x00000000e4600000, 0x00000000e4600000| Untracked 
|  71|0x00000000e4700000, 0x00000000e4700000, 0x00000000e4800000|  0%| F|  |TAMS 0x00000000e4700000, 0x00000000e4700000| Untracked 
|  72|0x00000000e4800000, 0x00000000e4800000, 0x00000000e4900000|  0%| F|  |TAMS 0x00000000e4800000, 0x00000000e4800000| Untracked 
|  73|0x00000000e4900000, 0x00000000e4900000, 0x00000000e4a00000|  0%| F|  |TAMS 0x00000000e4900000, 0x00000000e4900000| Untracked 
|  74|0x00000000e4a00000, 0x00000000e4a00000, 0x00000000e4b00000|  0%| F|  |TAMS 0x00000000e4a00000, 0x00000000e4a00000| Untracked 
|  75|0x00000000e4b00000, 0x00000000e4b00000, 0x00000000e4c00000|  0%| F|  |TAMS 0x00000000e4b00000, 0x00000000e4b00000| Untracked 
|  76|0x00000000e4c00000, 0x00000000e4c00000, 0x00000000e4d00000|  0%| F|  |TAMS 0x00000000e4c00000, 0x00000000e4c00000| Untracked 
|  77|0x00000000e4d00000, 0x00000000e4d00000, 0x00000000e4e00000|  0%| F|  |TAMS 0x00000000e4d00000, 0x00000000e4d00000| Untracked 
|  78|0x00000000e4e00000, 0x00000000e4e00000, 0x00000000e4f00000|  0%| F|  |TAMS 0x00000000e4e00000, 0x00000000e4e00000| Untracked 
|  79|0x00000000e4f00000, 0x00000000e4f00000, 0x00000000e5000000|  0%| F|  |TAMS 0x00000000e4f00000, 0x00000000e4f00000| Untracked 
|  80|0x00000000e5000000, 0x00000000e5000000, 0x00000000e5100000|  0%| F|  |TAMS 0x00000000e5000000, 0x00000000e5000000| Untracked 
|  81|0x00000000e5100000, 0x00000000e5100000, 0x00000000e5200000|  0%| F|  |TAMS 0x00000000e5100000, 0x00000000e5100000| Untracked 
|  82|0x00000000e5200000, 0x00000000e5200000, 0x00000000e5300000|  0%| F|  |TAMS 0x00000000e5200000, 0x00000000e5200000| Untracked 
|  83|0x00000000e5300000, 0x00000000e5300000, 0x00000000e5400000|  0%| F|  |TAMS 0x00000000e5300000, 0x00000000e5300000| Untracked 
|  84|0x00000000e5400000, 0x00000000e5400000, 0x00000000e5500000|  0%| F|  |TAMS 0x00000000e5400000, 0x00000000e5400000| Untracked 
|  85|0x00000000e5500000, 0x00000000e5500000, 0x00000000e5600000|  0%| F|  |TAMS 0x00000000e5500000, 0x00000000e5500000| Untracked 
|  86|0x00000000e5600000, 0x00000000e5600000, 0x00000000e5700000|  0%| F|  |TAMS 0x00000000e5600000, 0x00000000e5600000| Untracked 
|  87|0x00000000e5700000, 0x00000000e5700000, 0x00000000e5800000|  0%| F|  |TAMS 0x00000000e5700000, 0x00000000e5700000| Untracked 
|  88|0x00000000e5800000, 0x00000000e5800000, 0x00000000e5900000|  0%| F|  |TAMS 0x00000000e5800000, 0x00000000e5800000| Untracked 
|  89|0x00000000e5900000, 0x00000000e5900000, 0x00000000e5a00000|  0%| F|  |TAMS 0x00000000e5900000, 0x00000000e5900000| Untracked 
|  90|0x00000000e5a00000, 0x00000000e5a00000, 0x00000000e5b00000|  0%| F|  |TAMS 0x00000000e5a00000, 0x00000000e5a00000| Untracked 
|  91|0x00000000e5b00000, 0x00000000e5b00000, 0x00000000e5c00000|  0%| F|  |TAMS 0x00000000e5b00000, 0x00000000e5b00000| Untracked 
|  92|0x00000000e5c00000, 0x00000000e5c00000, 0x00000000e5d00000|  0%| F|  |TAMS 0x00000000e5c00000, 0x00000000e5c00000| Untracked 
|  93|0x00000000e5d00000, 0x00000000e5d00000, 0x00000000e5e00000|  0%| F|  |TAMS 0x00000000e5d00000, 0x00000000e5d00000| Untracked 
|  94|0x00000000e5e00000, 0x00000000e5e00000, 0x00000000e5f00000|  0%| F|  |TAMS 0x00000000e5e00000, 0x00000000e5e00000| Untracked 
|  95|0x00000000e5f00000, 0x00000000e5f00000, 0x00000000e6000000|  0%| F|  |TAMS 0x00000000e5f00000, 0x00000000e5f00000| Untracked 
|  96|0x00000000e6000000, 0x00000000e6000000, 0x00000000e6100000|  0%| F|  |TAMS 0x00000000e6000000, 0x00000000e6000000| Untracked 
|  97|0x00000000e6100000, 0x00000000e6100000, 0x00000000e6200000|  0%| F|  |TAMS 0x00000000e6100000, 0x00000000e6100000| Untracked 
|  98|0x00000000e6200000, 0x00000000e6200000, 0x00000000e6300000|  0%| F|  |TAMS 0x00000000e6200000, 0x00000000e6200000| Untracked 
|  99|0x00000000e6300000, 0x00000000e6300000, 0x00000000e6400000|  0%| F|  |TAMS 0x00000000e6300000, 0x00000000e6300000| Untracked 
| 100|0x00000000e6400000, 0x00000000e6400000, 0x00000000e6500000|  0%| F|  |TAMS 0x00000000e6400000, 0x00000000e6400000| Untracked 
| 101|0x00000000e6500000, 0x00000000e6500000, 0x00000000e6600000|  0%| F|  |TAMS 0x00000000e6500000, 0x00000000e6500000| Untracked 
| 102|0x00000000e6600000, 0x00000000e6600000, 0x00000000e6700000|  0%| F|  |TAMS 0x00000000e6600000, 0x00000000e6600000| Untracked 
| 103|0x00000000e6700000, 0x00000000e6700000, 0x00000000e6800000|  0%| F|  |TAMS 0x00000000e6700000, 0x00000000e6700000| Untracked 
| 104|0x00000000e6800000, 0x00000000e6800000, 0x00000000e6900000|  0%| F|  |TAMS 0x00000000e6800000, 0x00000000e6800000| Untracked 
| 105|0x00000000e6900000, 0x00000000e6900000, 0x00000000e6a00000|  0%| F|  |TAMS 0x00000000e6900000, 0x00000000e6900000| Untracked 
| 106|0x00000000e6a00000, 0x00000000e6a00000, 0x00000000e6b00000|  0%| F|  |TAMS 0x00000000e6a00000, 0x00000000e6a00000| Untracked 
| 107|0x00000000e6b00000, 0x00000000e6b00000, 0x00000000e6c00000|  0%| F|  |TAMS 0x00000000e6b00000, 0x00000000e6b00000| Untracked 
| 108|0x00000000e6c00000, 0x00000000e6c00000, 0x00000000e6d00000|  0%| F|  |TAMS 0x00000000e6c00000, 0x00000000e6c00000| Untracked 
| 109|0x00000000e6d00000, 0x00000000e6d00000, 0x00000000e6e00000|  0%| F|  |TAMS 0x00000000e6d00000, 0x00000000e6d00000| Untracked 
| 110|0x00000000e6e00000, 0x00000000e6e00000, 0x00000000e6f00000|  0%| F|  |TAMS 0x00000000e6e00000, 0x00000000e6e00000| Untracked 
| 111|0x00000000e6f00000, 0x00000000e6f00000, 0x00000000e7000000|  0%| F|  |TAMS 0x00000000e6f00000, 0x00000000e6f00000| Untracked 
| 112|0x00000000e7000000, 0x00000000e7000000, 0x00000000e7100000|  0%| F|  |TAMS 0x00000000e7000000, 0x00000000e7000000| Untracked 
| 113|0x00000000e7100000, 0x00000000e7100000, 0x00000000e7200000|  0%| F|  |TAMS 0x00000000e7100000, 0x00000000e7100000| Untracked 
| 114|0x00000000e7200000, 0x00000000e7200000, 0x00000000e7300000|  0%| F|  |TAMS 0x00000000e7200000, 0x00000000e7200000| Untracked 
| 115|0x00000000e7300000, 0x00000000e7300000, 0x00000000e7400000|  0%| F|  |TAMS 0x00000000e7300000, 0x00000000e7300000| Untracked 
| 116|0x00000000e7400000, 0x00000000e7400000, 0x00000000e7500000|  0%| F|  |TAMS 0x00000000e7400000, 0x00000000e7400000| Untracked 
| 117|0x00000000e7500000, 0x00000000e7500000, 0x00000000e7600000|  0%| F|  |TAMS 0x00000000e7500000, 0x00000000e7500000| Untracked 
| 118|0x00000000e7600000, 0x00000000e7600000, 0x00000000e7700000|  0%| F|  |TAMS 0x00000000e7600000, 0x00000000e7600000| Untracked 
| 119|0x00000000e7700000, 0x00000000e7700000, 0x00000000e7800000|  0%| F|  |TAMS 0x00000000e7700000, 0x00000000e7700000| Untracked 
| 120|0x00000000e7800000, 0x00000000e7800000, 0x00000000e7900000|  0%| F|  |TAMS 0x00000000e7800000, 0x00000000e7800000| Untracked 
| 121|0x00000000e7900000, 0x00000000e7900000, 0x00000000e7a00000|  0%| F|  |TAMS 0x00000000e7900000, 0x00000000e7900000| Untracked 
| 122|0x00000000e7a00000, 0x00000000e7a00000, 0x00000000e7b00000|  0%| F|  |TAMS 0x00000000e7a00000, 0x00000000e7a00000| Untracked 
| 123|0x00000000e7b00000, 0x00000000e7b00000, 0x00000000e7c00000|  0%| F|  |TAMS 0x00000000e7b00000, 0x00000000e7b00000| Untracked 
| 124|0x00000000e7c00000, 0x00000000e7c00000, 0x00000000e7d00000|  0%| F|  |TAMS 0x00000000e7c00000, 0x00000000e7c00000| Untracked 
| 125|0x00000000e7d00000, 0x00000000e7d00000, 0x00000000e7e00000|  0%| F|  |TAMS 0x00000000e7d00000, 0x00000000e7d00000| Untracked 
| 126|0x00000000e7e00000, 0x00000000e7e00000, 0x00000000e7f00000|  0%| F|  |TAMS 0x00000000e7e00000, 0x00000000e7e00000| Untracked 
| 127|0x00000000e7f00000, 0x00000000e7f00000, 0x00000000e8000000|  0%| F|  |TAMS 0x00000000e7f00000, 0x00000000e7f00000| Untracked 
| 128|0x00000000e8000000, 0x00000000e8000000, 0x00000000e8100000|  0%| F|  |TAMS 0x00000000e8000000, 0x00000000e8000000| Untracked 
| 129|0x00000000e8100000, 0x00000000e8100000, 0x00000000e8200000|  0%| F|  |TAMS 0x00000000e8100000, 0x00000000e8100000| Untracked 
| 130|0x00000000e8200000, 0x00000000e8200000, 0x00000000e8300000|  0%| F|  |TAMS 0x00000000e8200000, 0x00000000e8200000| Untracked 
| 131|0x00000000e8300000, 0x00000000e8300000, 0x00000000e8400000|  0%| F|  |TAMS 0x00000000e8300000, 0x00000000e8300000| Untracked 
| 132|0x00000000e8400000, 0x00000000e8400000, 0x00000000e8500000|  0%| F|  |TAMS 0x00000000e8400000, 0x00000000e8400000| Untracked 
| 133|0x00000000e8500000, 0x00000000e8500000, 0x00000000e8600000|  0%| F|  |TAMS 0x00000000e8500000, 0x00000000e8500000| Untracked 
| 134|0x00000000e8600000, 0x00000000e8600000, 0x00000000e8700000|  0%| F|  |TAMS 0x00000000e8600000, 0x00000000e8600000| Untracked 
| 135|0x00000000e8700000, 0x00000000e8700000, 0x00000000e8800000|  0%| F|  |TAMS 0x00000000e8700000, 0x00000000e8700000| Untracked 
| 136|0x00000000e8800000, 0x00000000e8800000, 0x00000000e8900000|  0%| F|  |TAMS 0x00000000e8800000, 0x00000000e8800000| Untracked 
| 137|0x00000000e8900000, 0x00000000e8900000, 0x00000000e8a00000|  0%| F|  |TAMS 0x00000000e8900000, 0x00000000e8900000| Untracked 
| 138|0x00000000e8a00000, 0x00000000e8a00000, 0x00000000e8b00000|  0%| F|  |TAMS 0x00000000e8a00000, 0x00000000e8a00000| Untracked 
| 139|0x00000000e8b00000, 0x00000000e8b00000, 0x00000000e8c00000|  0%| F|  |TAMS 0x00000000e8b00000, 0x00000000e8b00000| Untracked 
| 140|0x00000000e8c00000, 0x00000000e8c00000, 0x00000000e8d00000|  0%| F|  |TAMS 0x00000000e8c00000, 0x00000000e8c00000| Untracked 
| 141|0x00000000e8d00000, 0x00000000e8d00000, 0x00000000e8e00000|  0%| F|  |TAMS 0x00000000e8d00000, 0x00000000e8d00000| Untracked 
| 142|0x00000000e8e00000, 0x00000000e8e00000, 0x00000000e8f00000|  0%| F|  |TAMS 0x00000000e8e00000, 0x00000000e8e00000| Untracked 
| 143|0x00000000e8f00000, 0x00000000e8f00000, 0x00000000e9000000|  0%| F|  |TAMS 0x00000000e8f00000, 0x00000000e8f00000| Untracked 
| 144|0x00000000e9000000, 0x00000000e9000000, 0x00000000e9100000|  0%| F|  |TAMS 0x00000000e9000000, 0x00000000e9000000| Untracked 
| 145|0x00000000e9100000, 0x00000000e9100000, 0x00000000e9200000|  0%| F|  |TAMS 0x00000000e9100000, 0x00000000e9100000| Untracked 
| 146|0x00000000e9200000, 0x00000000e9200000, 0x00000000e9300000|  0%| F|  |TAMS 0x00000000e9200000, 0x00000000e9200000| Untracked 
| 147|0x00000000e9300000, 0x00000000e9300000, 0x00000000e9400000|  0%| F|  |TAMS 0x00000000e9300000, 0x00000000e9300000| Untracked 
| 148|0x00000000e9400000, 0x00000000e9400000, 0x00000000e9500000|  0%| F|  |TAMS 0x00000000e9400000, 0x00000000e9400000| Untracked 
| 149|0x00000000e9500000, 0x00000000e9500000, 0x00000000e9600000|  0%| F|  |TAMS 0x00000000e9500000, 0x00000000e9500000| Untracked 
| 150|0x00000000e9600000, 0x00000000e9600000, 0x00000000e9700000|  0%| F|  |TAMS 0x00000000e9600000, 0x00000000e9600000| Untracked 
| 151|0x00000000e9700000, 0x00000000e9700000, 0x00000000e9800000|  0%| F|  |TAMS 0x00000000e9700000, 0x00000000e9700000| Untracked 
| 152|0x00000000e9800000, 0x00000000e9800000, 0x00000000e9900000|  0%| F|  |TAMS 0x00000000e9800000, 0x00000000e9800000| Untracked 
| 153|0x00000000e9900000, 0x00000000e9900000, 0x00000000e9a00000|  0%| F|  |TAMS 0x00000000e9900000, 0x00000000e9900000| Untracked 
| 154|0x00000000e9a00000, 0x00000000e9a00000, 0x00000000e9b00000|  0%| F|  |TAMS 0x00000000e9a00000, 0x00000000e9a00000| Untracked 
| 155|0x00000000e9b00000, 0x00000000e9b00000, 0x00000000e9c00000|  0%| F|  |TAMS 0x00000000e9b00000, 0x00000000e9b00000| Untracked 
| 156|0x00000000e9c00000, 0x00000000e9c00000, 0x00000000e9d00000|  0%| F|  |TAMS 0x00000000e9c00000, 0x00000000e9c00000| Untracked 
| 157|0x00000000e9d00000, 0x00000000e9d00000, 0x00000000e9e00000|  0%| F|  |TAMS 0x00000000e9d00000, 0x00000000e9d00000| Untracked 
| 158|0x00000000e9e00000, 0x00000000e9e00000, 0x00000000e9f00000|  0%| F|  |TAMS 0x00000000e9e00000, 0x00000000e9e00000| Untracked 
| 159|0x00000000e9f00000, 0x00000000e9f00000, 0x00000000ea000000|  0%| F|  |TAMS 0x00000000e9f00000, 0x00000000e9f00000| Untracked 
| 160|0x00000000ea000000, 0x00000000ea000000, 0x00000000ea100000|  0%| F|  |TAMS 0x00000000ea000000, 0x00000000ea000000| Untracked 
| 161|0x00000000ea100000, 0x00000000ea100000, 0x00000000ea200000|  0%| F|  |TAMS 0x00000000ea100000, 0x00000000ea100000| Untracked 
| 162|0x00000000ea200000, 0x00000000ea200000, 0x00000000ea300000|  0%| F|  |TAMS 0x00000000ea200000, 0x00000000ea200000| Untracked 
| 163|0x00000000ea300000, 0x00000000ea300000, 0x00000000ea400000|  0%| F|  |TAMS 0x00000000ea300000, 0x00000000ea300000| Untracked 
| 164|0x00000000ea400000, 0x00000000ea400000, 0x00000000ea500000|  0%| F|  |TAMS 0x00000000ea400000, 0x00000000ea400000| Untracked 
| 165|0x00000000ea500000, 0x00000000ea500000, 0x00000000ea600000|  0%| F|  |TAMS 0x00000000ea500000, 0x00000000ea500000| Untracked 
| 166|0x00000000ea600000, 0x00000000ea600000, 0x00000000ea700000|  0%| F|  |TAMS 0x00000000ea600000, 0x00000000ea600000| Untracked 
| 167|0x00000000ea700000, 0x00000000ea700000, 0x00000000ea800000|  0%| F|  |TAMS 0x00000000ea700000, 0x00000000ea700000| Untracked 
| 168|0x00000000ea800000, 0x00000000ea800000, 0x00000000ea900000|  0%| F|  |TAMS 0x00000000ea800000, 0x00000000ea800000| Untracked 
| 169|0x00000000ea900000, 0x00000000ea900000, 0x00000000eaa00000|  0%| F|  |TAMS 0x00000000ea900000, 0x00000000ea900000| Untracked 
| 170|0x00000000eaa00000, 0x00000000eaa00000, 0x00000000eab00000|  0%| F|  |TAMS 0x00000000eaa00000, 0x00000000eaa00000| Untracked 
| 171|0x00000000eab00000, 0x00000000eab00000, 0x00000000eac00000|  0%| F|  |TAMS 0x00000000eab00000, 0x00000000eab00000| Untracked 
| 172|0x00000000eac00000, 0x00000000eac00000, 0x00000000ead00000|  0%| F|  |TAMS 0x00000000eac00000, 0x00000000eac00000| Untracked 
| 173|0x00000000ead00000, 0x00000000ead00000, 0x00000000eae00000|  0%| F|  |TAMS 0x00000000ead00000, 0x00000000ead00000| Untracked 
| 174|0x00000000eae00000, 0x00000000eae00000, 0x00000000eaf00000|  0%| F|  |TAMS 0x00000000eae00000, 0x00000000eae00000| Untracked 
| 175|0x00000000eaf00000, 0x00000000eaf00000, 0x00000000eb000000|  0%| F|  |TAMS 0x00000000eaf00000, 0x00000000eaf00000| Untracked 
| 176|0x00000000eb000000, 0x00000000eb000000, 0x00000000eb100000|  0%| F|  |TAMS 0x00000000eb000000, 0x00000000eb000000| Untracked 
| 177|0x00000000eb100000, 0x00000000eb100000, 0x00000000eb200000|  0%| F|  |TAMS 0x00000000eb100000, 0x00000000eb100000| Untracked 
| 178|0x00000000eb200000, 0x00000000eb200000, 0x00000000eb300000|  0%| F|  |TAMS 0x00000000eb200000, 0x00000000eb200000| Untracked 
| 179|0x00000000eb300000, 0x00000000eb300000, 0x00000000eb400000|  0%| F|  |TAMS 0x00000000eb300000, 0x00000000eb300000| Untracked 
| 180|0x00000000eb400000, 0x00000000eb400000, 0x00000000eb500000|  0%| F|  |TAMS 0x00000000eb400000, 0x00000000eb400000| Untracked 
| 181|0x00000000eb500000, 0x00000000eb500000, 0x00000000eb600000|  0%| F|  |TAMS 0x00000000eb500000, 0x00000000eb500000| Untracked 
| 182|0x00000000eb600000, 0x00000000eb600000, 0x00000000eb700000|  0%| F|  |TAMS 0x00000000eb600000, 0x00000000eb600000| Untracked 
| 183|0x00000000eb700000, 0x00000000eb700000, 0x00000000eb800000|  0%| F|  |TAMS 0x00000000eb700000, 0x00000000eb700000| Untracked 
| 184|0x00000000eb800000, 0x00000000eb800000, 0x00000000eb900000|  0%| F|  |TAMS 0x00000000eb800000, 0x00000000eb800000| Untracked 
| 185|0x00000000eb900000, 0x00000000eb900000, 0x00000000eba00000|  0%| F|  |TAMS 0x00000000eb900000, 0x00000000eb900000| Untracked 
| 186|0x00000000eba00000, 0x00000000eba00000, 0x00000000ebb00000|  0%| F|  |TAMS 0x00000000eba00000, 0x00000000eba00000| Untracked 
| 187|0x00000000ebb00000, 0x00000000ebb00000, 0x00000000ebc00000|  0%| F|  |TAMS 0x00000000ebb00000, 0x00000000ebb00000| Untracked 
| 188|0x00000000ebc00000, 0x00000000ebc00000, 0x00000000ebd00000|  0%| F|  |TAMS 0x00000000ebc00000, 0x00000000ebc00000| Untracked 
| 189|0x00000000ebd00000, 0x00000000ebd00000, 0x00000000ebe00000|  0%| F|  |TAMS 0x00000000ebd00000, 0x00000000ebd00000| Untracked 
| 190|0x00000000ebe00000, 0x00000000ebe00000, 0x00000000ebf00000|  0%| F|  |TAMS 0x00000000ebe00000, 0x00000000ebe00000| Untracked 
| 191|0x00000000ebf00000, 0x00000000ebf00000, 0x00000000ec000000|  0%| F|  |TAMS 0x00000000ebf00000, 0x00000000ebf00000| Untracked 
| 192|0x00000000ec000000, 0x00000000ec000000, 0x00000000ec100000|  0%| F|  |TAMS 0x00000000ec000000, 0x00000000ec000000| Untracked 
| 193|0x00000000ec100000, 0x00000000ec100000, 0x00000000ec200000|  0%| F|  |TAMS 0x00000000ec100000, 0x00000000ec100000| Untracked 
| 194|0x00000000ec200000, 0x00000000ec200000, 0x00000000ec300000|  0%| F|  |TAMS 0x00000000ec200000, 0x00000000ec200000| Untracked 
| 195|0x00000000ec300000, 0x00000000ec300000, 0x00000000ec400000|  0%| F|  |TAMS 0x00000000ec300000, 0x00000000ec300000| Untracked 
| 196|0x00000000ec400000, 0x00000000ec400000, 0x00000000ec500000|  0%| F|  |TAMS 0x00000000ec400000, 0x00000000ec400000| Untracked 
| 197|0x00000000ec500000, 0x00000000ec500000, 0x00000000ec600000|  0%| F|  |TAMS 0x00000000ec500000, 0x00000000ec500000| Untracked 
| 198|0x00000000ec600000, 0x00000000ec600000, 0x00000000ec700000|  0%| F|  |TAMS 0x00000000ec600000, 0x00000000ec600000| Untracked 
| 199|0x00000000ec700000, 0x00000000ec700000, 0x00000000ec800000|  0%| F|  |TAMS 0x00000000ec700000, 0x00000000ec700000| Untracked 
| 200|0x00000000ec800000, 0x00000000ec800000, 0x00000000ec900000|  0%| F|  |TAMS 0x00000000ec800000, 0x00000000ec800000| Untracked 
| 201|0x00000000ec900000, 0x00000000ec900000, 0x00000000eca00000|  0%| F|  |TAMS 0x00000000ec900000, 0x00000000ec900000| Untracked 
| 202|0x00000000eca00000, 0x00000000eca00000, 0x00000000ecb00000|  0%| F|  |TAMS 0x00000000eca00000, 0x00000000eca00000| Untracked 
| 203|0x00000000ecb00000, 0x00000000ecb00000, 0x00000000ecc00000|  0%| F|  |TAMS 0x00000000ecb00000, 0x00000000ecb00000| Untracked 
| 204|0x00000000ecc00000, 0x00000000ecc00000, 0x00000000ecd00000|  0%| F|  |TAMS 0x00000000ecc00000, 0x00000000ecc00000| Untracked 
| 205|0x00000000ecd00000, 0x00000000ecd00000, 0x00000000ece00000|  0%| F|  |TAMS 0x00000000ecd00000, 0x00000000ecd00000| Untracked 
| 206|0x00000000ece00000, 0x00000000ece00000, 0x00000000ecf00000|  0%| F|  |TAMS 0x00000000ece00000, 0x00000000ece00000| Untracked 
| 207|0x00000000ecf00000, 0x00000000ecf00000, 0x00000000ed000000|  0%| F|  |TAMS 0x00000000ecf00000, 0x00000000ecf00000| Untracked 
| 208|0x00000000ed000000, 0x00000000ed000000, 0x00000000ed100000|  0%| F|  |TAMS 0x00000000ed000000, 0x00000000ed000000| Untracked 
| 209|0x00000000ed100000, 0x00000000ed100000, 0x00000000ed200000|  0%| F|  |TAMS 0x00000000ed100000, 0x00000000ed100000| Untracked 
| 210|0x00000000ed200000, 0x00000000ed200000, 0x00000000ed300000|  0%| F|  |TAMS 0x00000000ed200000, 0x00000000ed200000| Untracked 
| 211|0x00000000ed300000, 0x00000000ed300000, 0x00000000ed400000|  0%| F|  |TAMS 0x00000000ed300000, 0x00000000ed300000| Untracked 
| 212|0x00000000ed400000, 0x00000000ed400000, 0x00000000ed500000|  0%| F|  |TAMS 0x00000000ed400000, 0x00000000ed400000| Untracked 
| 213|0x00000000ed500000, 0x00000000ed500000, 0x00000000ed600000|  0%| F|  |TAMS 0x00000000ed500000, 0x00000000ed500000| Untracked 
| 214|0x00000000ed600000, 0x00000000ed600000, 0x00000000ed700000|  0%| F|  |TAMS 0x00000000ed600000, 0x00000000ed600000| Untracked 
| 215|0x00000000ed700000, 0x00000000ed700000, 0x00000000ed800000|  0%| F|  |TAMS 0x00000000ed700000, 0x00000000ed700000| Untracked 
| 216|0x00000000ed800000, 0x00000000ed800000, 0x00000000ed900000|  0%| F|  |TAMS 0x00000000ed800000, 0x00000000ed800000| Untracked 
| 217|0x00000000ed900000, 0x00000000ed900000, 0x00000000eda00000|  0%| F|  |TAMS 0x00000000ed900000, 0x00000000ed900000| Untracked 
| 218|0x00000000eda00000, 0x00000000eda00000, 0x00000000edb00000|  0%| F|  |TAMS 0x00000000eda00000, 0x00000000eda00000| Untracked 
| 219|0x00000000edb00000, 0x00000000edb00000, 0x00000000edc00000|  0%| F|  |TAMS 0x00000000edb00000, 0x00000000edb00000| Untracked 
| 220|0x00000000edc00000, 0x00000000edc00000, 0x00000000edd00000|  0%| F|  |TAMS 0x00000000edc00000, 0x00000000edc00000| Untracked 
| 221|0x00000000edd00000, 0x00000000edd00000, 0x00000000ede00000|  0%| F|  |TAMS 0x00000000edd00000, 0x00000000edd00000| Untracked 
| 222|0x00000000ede00000, 0x00000000ede00000, 0x00000000edf00000|  0%| F|  |TAMS 0x00000000ede00000, 0x00000000ede00000| Untracked 
| 223|0x00000000edf00000, 0x00000000edf00000, 0x00000000ee000000|  0%| F|  |TAMS 0x00000000edf00000, 0x00000000edf00000| Untracked 
| 224|0x00000000ee000000, 0x00000000ee000000, 0x00000000ee100000|  0%| F|  |TAMS 0x00000000ee000000, 0x00000000ee000000| Untracked 
| 225|0x00000000ee100000, 0x00000000ee100000, 0x00000000ee200000|  0%| F|  |TAMS 0x00000000ee100000, 0x00000000ee100000| Untracked 
| 226|0x00000000ee200000, 0x00000000ee200000, 0x00000000ee300000|  0%| F|  |TAMS 0x00000000ee200000, 0x00000000ee200000| Untracked 
| 227|0x00000000ee300000, 0x00000000ee300000, 0x00000000ee400000|  0%| F|  |TAMS 0x00000000ee300000, 0x00000000ee300000| Untracked 
| 228|0x00000000ee400000, 0x00000000ee400000, 0x00000000ee500000|  0%| F|  |TAMS 0x00000000ee400000, 0x00000000ee400000| Untracked 
| 229|0x00000000ee500000, 0x00000000ee600000, 0x00000000ee600000|100%| S|CS|TAMS 0x00000000ee500000, 0x00000000ee500000| Complete 
| 230|0x00000000ee600000, 0x00000000ee700000, 0x00000000ee700000|100%| S|CS|TAMS 0x00000000ee600000, 0x00000000ee600000| Complete 
| 231|0x00000000ee700000, 0x00000000ee800000, 0x00000000ee800000|100%| S|CS|TAMS 0x00000000ee700000, 0x00000000ee700000| Complete 
| 232|0x00000000ee800000, 0x00000000ee800000, 0x00000000ee900000|  0%| F|  |TAMS 0x00000000ee800000, 0x00000000ee800000| Untracked 
| 233|0x00000000ee900000, 0x00000000ee900000, 0x00000000eea00000|  0%| F|  |TAMS 0x00000000ee900000, 0x00000000ee900000| Untracked 
| 234|0x00000000eea00000, 0x00000000eea00000, 0x00000000eeb00000|  0%| F|  |TAMS 0x00000000eea00000, 0x00000000eea00000| Untracked 
| 235|0x00000000eeb00000, 0x00000000eeb00000, 0x00000000eec00000|  0%| F|  |TAMS 0x00000000eeb00000, 0x00000000eeb00000| Untracked 
| 236|0x00000000eec00000, 0x00000000eec00000, 0x00000000eed00000|  0%| F|  |TAMS 0x00000000eec00000, 0x00000000eec00000| Untracked 
| 237|0x00000000eed00000, 0x00000000eed00000, 0x00000000eee00000|  0%| F|  |TAMS 0x00000000eed00000, 0x00000000eed00000| Untracked 
| 238|0x00000000eee00000, 0x00000000eee00000, 0x00000000eef00000|  0%| F|  |TAMS 0x00000000eee00000, 0x00000000eee00000| Untracked 
| 239|0x00000000eef00000, 0x00000000eef00000, 0x00000000ef000000|  0%| F|  |TAMS 0x00000000eef00000, 0x00000000eef00000| Untracked 
| 240|0x00000000ef000000, 0x00000000ef000000, 0x00000000ef100000|  0%| F|  |TAMS 0x00000000ef000000, 0x00000000ef000000| Untracked 
| 241|0x00000000ef100000, 0x00000000ef100000, 0x00000000ef200000|  0%| F|  |TAMS 0x00000000ef100000, 0x00000000ef100000| Untracked 
| 242|0x00000000ef200000, 0x00000000ef200000, 0x00000000ef300000|  0%| F|  |TAMS 0x00000000ef200000, 0x00000000ef200000| Untracked 
| 243|0x00000000ef300000, 0x00000000ef300000, 0x00000000ef400000|  0%| F|  |TAMS 0x00000000ef300000, 0x00000000ef300000| Untracked 
| 244|0x00000000ef400000, 0x00000000ef400000, 0x00000000ef500000|  0%| F|  |TAMS 0x00000000ef400000, 0x00000000ef400000| Untracked 
| 245|0x00000000ef500000, 0x00000000ef500000, 0x00000000ef600000|  0%| F|  |TAMS 0x00000000ef500000, 0x00000000ef500000| Untracked 
| 246|0x00000000ef600000, 0x00000000ef600000, 0x00000000ef700000|  0%| F|  |TAMS 0x00000000ef600000, 0x00000000ef600000| Untracked 
| 247|0x00000000ef700000, 0x00000000ef700000, 0x00000000ef800000|  0%| F|  |TAMS 0x00000000ef700000, 0x00000000ef700000| Untracked 
| 248|0x00000000ef800000, 0x00000000ef800000, 0x00000000ef900000|  0%| F|  |TAMS 0x00000000ef800000, 0x00000000ef800000| Untracked 
| 249|0x00000000ef900000, 0x00000000ef900000, 0x00000000efa00000|  0%| F|  |TAMS 0x00000000ef900000, 0x00000000ef900000| Untracked 
| 250|0x00000000efa00000, 0x00000000efa00000, 0x00000000efb00000|  0%| F|  |TAMS 0x00000000efa00000, 0x00000000efa00000| Untracked 
| 251|0x00000000efb00000, 0x00000000efb00000, 0x00000000efc00000|  0%| F|  |TAMS 0x00000000efb00000, 0x00000000efb00000| Untracked 
| 252|0x00000000efc00000, 0x00000000efc00000, 0x00000000efd00000|  0%| F|  |TAMS 0x00000000efc00000, 0x00000000efc00000| Untracked 
| 253|0x00000000efd00000, 0x00000000efd00000, 0x00000000efe00000|  0%| F|  |TAMS 0x00000000efd00000, 0x00000000efd00000| Untracked 
| 254|0x00000000efe00000, 0x00000000efe00000, 0x00000000eff00000|  0%| F|  |TAMS 0x00000000efe00000, 0x00000000efe00000| Untracked 
| 255|0x00000000eff00000, 0x00000000f0000000, 0x00000000f0000000|100%| E|  |TAMS 0x00000000eff00000, 0x00000000eff00000| Complete 

Card table byte_map: [0x0000026af85b0000,0x0000026af86b0000] _byte_map_base: 0x0000026af7eb0000

Marking Bits (Prev, Next): (CMBitMap*) 0x0000026ae0dab5b8, (CMBitMap*) 0x0000026ae0dab5f0
 Prev Bits: [0x0000026af87b0000, 0x0000026af8fb0000)
 Next Bits: [0x0000026af8fb0000, 0x0000026af97b0000)

Polling page: 0x0000026aded40000

Metaspace:

Usage:
  Non-class:      9.37 MB capacity,     9.23 MB ( 99%) used,   128.72 KB (  1%) free+waste,    10.25 KB ( <1%) overhead. 
      Class:    959.00 KB capacity,   903.75 KB ( 94%) used,    51.06 KB (  5%) free+waste,     4.19 KB ( <1%) overhead. 
       Both:     10.30 MB capacity,    10.11 MB ( 98%) used,   179.78 KB (  2%) free+waste,    14.44 KB ( <1%) overhead. 

Virtual space:
  Non-class space:       10.00 MB reserved,       9.50 MB ( 95%) committed 
      Class space:        1.00 GB reserved,       1.00 MB ( <1%) committed 
             Both:        1.01 GB reserved,      10.50 MB (  1%) committed 

Chunk freelists:
   Non-Class:  1.25 KB
       Class:  128 bytes
        Both:  1.38 KB

CodeHeap 'non-profiled nmethods': size=120000Kb used=323Kb max_used=323Kb free=119676Kb
 bounds [0x0000026af0c50000, 0x0000026af0ec0000, 0x0000026af8180000]
CodeHeap 'profiled nmethods': size=120000Kb used=2944Kb max_used=2944Kb free=117055Kb
 bounds [0x0000026ae9720000, 0x0000026ae9a10000, 0x0000026af0c50000]
CodeHeap 'non-nmethods': size=5760Kb used=1088Kb max_used=1120Kb free=4671Kb
 bounds [0x0000026ae9180000, 0x0000026ae93f0000, 0x0000026ae9720000]
 total_blobs=1250 nmethods=858 adapters=304
 compilation: enabled
              stopped_count=0, restarted_count=0
 full_count=0

Compilation events (10 events):
Event: 0.415 Thread 0x0000026afcaca000 nmethod 809 0x0000026ae998c890 code [0x0000026ae998cc40, 0x0000026ae998e870]
Event: 0.415 Thread 0x0000026afcaca000  815       3       org.jetbrains.coverage.org.objectweb.asm.MethodWriter::visitMethodInsn (191 bytes)
Event: 0.416 Thread 0x0000026afcaca000 nmethod 815 0x0000026ae998f090 code [0x0000026ae998f2e0, 0x0000026ae998fb50]
Event: 0.416 Thread 0x0000026afcaca000  817       3       org.jetbrains.coverage.org.objectweb.asm.SymbolTable::addType (81 bytes)
Event: 0.416 Thread 0x0000026afcaca000 nmethod 817 0x0000026ae998ff10 code [0x0000026ae9990120, 0x0000026ae9990760]
Event: 0.416 Thread 0x0000026afcaca000  813       3       org.jetbrains.coverage.org.objectweb.asm.MethodWriter::visitAbstractType (8 bytes)
Event: 0.416 Thread 0x0000026afcaca000 nmethod 813 0x0000026ae9990a90 code [0x0000026ae9990c40, 0x0000026ae9990dd8]
Event: 0.416 Thread 0x0000026afcaca000  812       3       org.jetbrains.coverage.org.objectweb.asm.Frame::getLocal (46 bytes)
Event: 0.416 Thread 0x0000026afcaca000 nmethod 812 0x0000026ae9990e90 code [0x0000026ae9991040, 0x0000026ae9991298]
Event: 0.416 Thread 0x0000026afcaca000  814       3       org.jetbrains.coverage.org.objectweb.asm.Frame::pop (53 bytes)

GC Heap History (0 events):
No events

Deoptimization events (10 events):
Event: 0.121 Thread 0x0000026ae0d85000 Uncommon trap: reason=unstable_if action=reinterpret pc=0x0000026af0c51390 method=java.lang.String.isLatin1()Z @ 10 c2
Event: 0.257 Thread 0x0000026ae0d85000 Uncommon trap: reason=unstable_if action=reinterpret pc=0x0000026af0c81714 method=org.jetbrains.coverage.org.objectweb.asm.MethodWriter.visitLabel(Lorg/jetbrains/coverage/org/objectweb/asm/Label;)V @ 42 c2
Event: 0.258 Thread 0x0000026ae0d85000 Uncommon trap: reason=unstable_if action=reinterpret pc=0x0000026af0c7b518 method=org.jetbrains.coverage.org.objectweb.asm.MethodWriter.visitVarInsn(II)V @ 116 c2
Event: 0.258 Thread 0x0000026ae0d85000 Uncommon trap: reason=unstable_if action=reinterpret pc=0x0000026af0c7dc58 method=org.jetbrains.coverage.org.objectweb.asm.MethodWriter.visitVarInsn(II)V @ 116 c2
Event: 0.348 Thread 0x0000026ae0d85000 Uncommon trap: reason=profile_predicate action=maybe_recompile pc=0x0000026af0c855b4 method=java.lang.StringLatin1.indexOf([BI[BII)I @ 18 c2
Event: 0.348 Thread 0x0000026ae0d85000 Uncommon trap: reason=profile_predicate action=maybe_recompile pc=0x0000026af0c855b4 method=java.lang.StringLatin1.indexOf([BI[BII)I @ 18 c2
Event: 0.348 Thread 0x0000026ae0d85000 Uncommon trap: reason=profile_predicate action=maybe_recompile pc=0x0000026af0c855b4 method=java.lang.StringLatin1.indexOf([BI[BII)I @ 18 c2
Event: 0.348 Thread 0x0000026ae0d85000 Uncommon trap: reason=profile_predicate action=maybe_recompile pc=0x0000026af0c855b4 method=java.lang.StringLatin1.indexOf([BI[BII)I @ 18 c2
Event: 0.351 Thread 0x0000026ae0d85000 Uncommon trap: reason=unstable_if action=reinterpret pc=0x0000026af0c833e4 method=java.lang.StringLatin1.indexOf([BI[BII)I @ 91 c2
Event: 0.413 Thread 0x0000026ae0d85000 Uncommon trap: reason=unstable_if action=reinterpret pc=0x0000026af0c96e18 method=org.jetbrains.coverage.org.objectweb.asm.MethodWriter.visitMethodInsn(ILjava/lang/String;Ljava/lang/String;Ljava/lang/String;Z)V @ 89 c2

Classes redefined (0 events):
No events

Internal exceptions (1 events):
Event: 0.252 Thread 0x0000026ae0d85000 Exception <a 'java/lang/NoSuchMethodError'{0x00000000ef145be8}: java.lang.invoke.DirectMethodHandle$Holder.invokeSpecialIFC(Ljava/lang/Object;Ljava/lang/Object;I)I> (0x00000000ef145be8) thrown at [./open/src/hotspot/share/interpreter/linkResolver.cpp, lin

Events (10 events):
Event: 0.406 loading class java/nio/DirectByteBuffer$Deallocator done
Event: 0.407 loading class sun/nio/ch/IOStatus
Event: 0.407 loading class sun/nio/ch/IOStatus done
Event: 0.412 loading class worker/org/gradle/internal/classloader/FilteringClassLoader$TrieSet
Event: 0.412 loading class worker/org/gradle/internal/classloader/FilteringClassLoader$TrieSet done
Event: 0.413 Thread 0x0000026ae0d85000 Uncommon trap: trap_request=0xffffff4d fr.pc=0x0000026af0c96e18 relative=0x0000000000003818
Event: 0.413 Thread 0x0000026ae0d85000 DEOPT PACKING pc=0x0000026af0c96e18 sp=0x0000006f185fca80
Event: 0.413 Thread 0x0000026ae0d85000 DEOPT UNPACKING pc=0x0000026ae91a8f2f sp=0x0000006f185fca88 mode 2
Event: 0.414 loading class worker/org/gradle/internal/util/Trie
Event: 0.414 loading class worker/org/gradle/internal/util/Trie done


Dynamic libraries:
0x00007ff6968c0000 - 0x00007ff6968cf000 	C:\Program Files\Java\jdk-11.0.8\bin\java.exe
0x00007ffae3700000 - 0x00007ffae38f0000 	C:\WINDOWS\SYSTEM32\ntdll.dll
0x00007ffae2c60000 - 0x00007ffae2d12000 	C:\WINDOWS\System32\KERNEL32.DLL
0x00007ffae06f0000 - 0x00007ffae0995000 	C:\WINDOWS\System32\KERNELBASE.dll
0x00007ffae1390000 - 0x00007ffae148a000 	C:\WINDOWS\System32\ucrtbase.dll
0x00007ffad1900000 - 0x00007ffad1918000 	C:\Program Files\Java\jdk-11.0.8\bin\jli.dll
0x00007ffad18a0000 - 0x00007ffad18b5000 	C:\Program Files\Java\jdk-11.0.8\bin\VCRUNTIME140.dll
0x00007ffae3080000 - 0x00007ffae3123000 	C:\WINDOWS\System32\ADVAPI32.dll
0x00007ffae2930000 - 0x00007ffae29ce000 	C:\WINDOWS\System32\msvcrt.dll
0x00007ffae1ab0000 - 0x00007ffae1b47000 	C:\WINDOWS\System32\sechost.dll
0x00007ffae3130000 - 0x00007ffae3250000 	C:\WINDOWS\System32\RPCRT4.dll
0x00007ffae17b0000 - 0x00007ffae1945000 	C:\WINDOWS\System32\USER32.dll
0x00007ffae1600000 - 0x00007ffae1621000 	C:\WINDOWS\System32\win32u.dll
0x00007ffae2880000 - 0x00007ffae28a6000 	C:\WINDOWS\System32\GDI32.dll
0x00007ffadfa10000 - 0x00007ffadfc94000 	C:\WINDOWS\WinSxS\amd64_microsoft.windows.common-controls_6595b64144ccf1df_6.0.18362.1082_none_9e8193e1e45b25c1\COMCTL32.dll
0x00007ffae11f0000 - 0x00007ffae1386000 	C:\WINDOWS\System32\gdi32full.dll
0x00007ffae3380000 - 0x00007ffae36b5000 	C:\WINDOWS\System32\combase.dll
0x00007ffae14e0000 - 0x00007ffae157e000 	C:\WINDOWS\System32\msvcp_win.dll
0x00007ffae1580000 - 0x00007ffae1600000 	C:\WINDOWS\System32\bcryptPrimitives.dll
0x00007ffad7c80000 - 0x00007ffad7c8a000 	C:\WINDOWS\SYSTEM32\VERSION.dll
0x00007ffae2310000 - 0x00007ffae233e000 	C:\WINDOWS\System32\IMM32.DLL
0x00007ffac48b0000 - 0x00007ffac494b000 	C:\Program Files\Java\jdk-11.0.8\bin\msvcp140.dll
0x00007ffa7e550000 - 0x00007ffa7f036000 	C:\Program Files\Java\jdk-11.0.8\bin\server\jvm.dll
0x00007ffae2d20000 - 0x00007ffae2d28000 	C:\WINDOWS\System32\PSAPI.DLL
0x00007ffacf930000 - 0x00007ffacf939000 	C:\WINDOWS\SYSTEM32\WSOCK32.dll
0x00007ffaddb30000 - 0x00007ffaddb54000 	C:\WINDOWS\SYSTEM32\WINMM.dll
0x00007ffae2d30000 - 0x00007ffae2d9f000 	C:\WINDOWS\System32\WS2_32.dll
0x00007ffaddb00000 - 0x00007ffaddb2d000 	C:\WINDOWS\SYSTEM32\winmmbase.dll
0x00007ffae1490000 - 0x00007ffae14da000 	C:\WINDOWS\System32\cfgmgr32.dll
0x00007ffae05d0000 - 0x00007ffae05e1000 	C:\WINDOWS\System32\kernel.appcore.dll
0x00007ffad1980000 - 0x00007ffad1990000 	C:\Program Files\Java\jdk-11.0.8\bin\verify.dll
0x00007ffae00d0000 - 0x00007ffae02c4000 	C:\WINDOWS\SYSTEM32\DBGHELP.DLL
0x00007ffadfd40000 - 0x00007ffadfd6a000 	C:\WINDOWS\SYSTEM32\dbgcore.DLL
0x00007ffac4880000 - 0x00007ffac48a8000 	C:\Program Files\Java\jdk-11.0.8\bin\java.dll
0x00007ffad1890000 - 0x00007ffad189a000 	C:\Program Files\Java\jdk-11.0.8\bin\jimage.dll
0x00007ffad1970000 - 0x00007ffad197e000 	C:\Program Files\Java\jdk-11.0.8\bin\instrument.dll
0x00007ffac4860000 - 0x00007ffac4876000 	C:\Program Files\Java\jdk-11.0.8\bin\zip.dll
0x00007ffae1c20000 - 0x00007ffae2307000 	C:\WINDOWS\System32\SHELL32.dll
0x00007ffae32d0000 - 0x00007ffae3379000 	C:\WINDOWS\System32\shcore.dll
0x00007ffae0a70000 - 0x00007ffae11f0000 	C:\WINDOWS\System32\windows.storage.dll
0x00007ffae0660000 - 0x00007ffae0683000 	C:\WINDOWS\System32\profapi.dll
0x00007ffae0610000 - 0x00007ffae065a000 	C:\WINDOWS\System32\powrprof.dll
0x00007ffae05c0000 - 0x00007ffae05d0000 	C:\WINDOWS\System32\UMPDC.dll
0x00007ffae2fa0000 - 0x00007ffae2ff2000 	C:\WINDOWS\System32\shlwapi.dll
0x00007ffae09a0000 - 0x00007ffae09b7000 	C:\WINDOWS\System32\cryptsp.dll
0x00007ffac4840000 - 0x00007ffac4859000 	C:\Program Files\Java\jdk-11.0.8\bin\net.dll
0x00007ffad7630000 - 0x00007ffad7720000 	C:\WINDOWS\SYSTEM32\WINHTTP.dll
0x00007ffadf7b0000 - 0x00007ffadf817000 	C:\WINDOWS\system32\mswsock.dll
0x00007ffac4820000 - 0x00007ffac4832000 	C:\Program Files\Java\jdk-11.0.8\bin\nio.dll
0x00007ffacec00000 - 0x00007ffacec16000 	C:\WINDOWS\system32\napinsp.dll
0x00007ffacebe0000 - 0x00007ffacebfa000 	C:\WINDOWS\system32\pnrpnsp.dll
0x00007ffadf4e0000 - 0x00007ffadf5ab000 	C:\WINDOWS\SYSTEM32\DNSAPI.dll
0x00007ffae2e50000 - 0x00007ffae2e58000 	C:\WINDOWS\System32\NSI.dll
0x00007ffadf4a0000 - 0x00007ffadf4da000 	C:\WINDOWS\SYSTEM32\IPHLPAPI.DLL
0x00007ffacebd0000 - 0x00007ffacebde000 	C:\WINDOWS\System32\winrnr.dll
0x00007ffadc840000 - 0x00007ffadc85c000 	C:\WINDOWS\system32\NLAapi.dll
0x00007ffacebb0000 - 0x00007ffacebc5000 	C:\WINDOWS\system32\wshbth.dll
0x00007ffad75f0000 - 0x00007ffad75fa000 	C:\Windows\System32\rasadhlp.dll
0x00007ffad7890000 - 0x00007ffad7907000 	C:\WINDOWS\System32\fwpuclnt.dll
0x00007ffae1780000 - 0x00007ffae17a6000 	C:\WINDOWS\System32\bcrypt.dll

dbghelp: loaded successfully - version: 4.0.5 - missing functions: none
symbol engine: initialized successfully - sym options: 0x614 - pdb path: .;C:\Program Files\Java\jdk-11.0.8\bin;C:\WINDOWS\SYSTEM32;C:\WINDOWS\WinSxS\amd64_microsoft.windows.common-controls_6595b64144ccf1df_6.0.18362.1082_none_9e8193e1e45b25c1;C:\Program Files\Java\jdk-11.0.8\bin\server

VM Arguments:
jvm_args: -Dorg.gradle.native=false -javaagent:C:\Users\Administrator\AppData\Local\JetBrains\IntelliJIdea2020.1\testAgent\intellij-coverage-agent-1.0.508.jar=C:\Users\Administrator\AppData\Local\Temp\coverage1415args -javaagent:build/tmp/expandedArchives/org.jacoco.agent-0.8.2.jar_2aca8b620b19ecd063f63feff8caaa38/jacocoagent.jar=destfile=build/jacoco/test.exec,append=true,inclnolocationclasses=false,dumponexit=true,output=file,jmx=false -Xmx512m -Dfile.encoding=UTF-8 -Duser.country=US -Duser.language=en -Duser.variant -ea 
java_command: worker.org.gradle.process.internal.worker.GradleWorkerMain 'Gradle Test Executor 94'
java_class_path (initial): C:\\Users\\Administrator\\.gradle\\caches\\5.2.1\\workerMain\\gradle-worker.jar;D:\\repo\\tp\\build\\classes\\java\\test;D:\\repo\\tp\\build\\resources\\test;D:\\repo\\tp\\build\\classes\\java\\main;D:\\repo\\tp\\build\\resources\\main;C:\\Users\\Administrator\\.gradle\\caches\\modules-2\\files-2.1\\org.openjfx\\javafx-fxml\\11\\d5ff9262ef49d166db658d15f37e3ecff38fde4b\\javafx-fxml-11-win.jar;C:\\Users\\Administrator\\.gradle\\caches\\modules-2\\files-2.1\\org.openjfx\\javafx-fxml\\11\\e0f5bb81e21054b59f2ebfa727d40a90ee0260d3\\javafx-fxml-11-mac.jar;C:\\Users\\Administrator\\.gradle\\caches\\modules-2\\files-2.1\\org.openjfx\\javafx-fxml\\11\\e7a757b580fc3e2e1a121768606c7836eef418c\\javafx-fxml-11-linux.jar;C:\\Users\\Administrator\\.gradle\\caches\\modules-2\\files-2.1\\org.openjfx\\javafx-controls\\11\\af8d24de44e16a19ae959028eb23a48c145fb682\\javafx-controls-11-win.jar;C:\\Users\\Administrator\\.gradle\\caches\\modules-2\\files-2.1\\org.openjfx\\javafx-controls\\11\\e3a24a14e8732abc6dc173f15872dc63e2a32e16\\javafx-controls-11-mac.jar;C:\\Users\\Administrator\\.gradle\\caches\\modules-2\\files-2.1\\org.openjfx\\javafx-controls\\11\\794488e3b1f4635d9a1b842bdc872a5eb8fd54ca\\javafx-controls-11-linux.jar;C:\\Users\\Administrator\\.gradle\\caches\\modules-2\\files-2.1\\org.openjfx\\javafx-controls\\11\\58d961774262ec972bf304e16c154a8e18c2050b\\javafx-controls-11.jar;C:\\Users\\Administrator\\.gradle\\caches\\modules-2\\files-2.1\\org.openjfx\\javafx-graphics\\11\\9345c7ea43dbcc73a62eca5332717b4ce617e6c6\\javafx-graphics-11-win.jar;C:\\Users\\Administrator\\.gradle\\caches\\modules-2\\files-2.1\\org.openjfx\\javafx-graphics\\11\\af47a6d3668d3ce1c61e1fe13c44471b6f8d469\\javafx-graphics-11-mac.jar;C:\\Users\\Administrator\\.gradle\\caches\\modules-2\\files-2.1\\org.openjfx\\javafx-graphics\\11\\4ab9edd8d481a420044c473fdb5718ccdd35c836\\javafx-graphics-11-linux.jar;C:\\Users\\Administrator\\.gradle\\caches\\modules-2\\files-2.1\\org.openjfx\\j
Launcher Type: SUN_STANDARD

[Global flags]
     intx CICompilerCount                          = 4                                         {product} {ergonomic}
     uint ConcGCThreads                            = 2                                         {product} {ergonomic}
     uint G1ConcRefinementThreads                  = 8                                         {product} {ergonomic}
   size_t G1HeapRegionSize                         = 1048576                                   {product} {ergonomic}
    uintx GCDrainStackTargetSize                   = 64                                        {product} {ergonomic}
   size_t InitialHeapSize                          = 268435456                                 {product} {ergonomic}
   size_t MarkStackSize                            = 4194304                                   {product} {ergonomic}
   size_t MaxHeapSize                              = 536870912                                 {product} {command line}
   size_t MaxNewSize                               = 321912832                                 {product} {ergonomic}
   size_t MinHeapDeltaBytes                        = 1048576                                   {product} {ergonomic}
    uintx NonNMethodCodeHeapSize                   = 5836300                                {pd product} {ergonomic}
    uintx NonProfiledCodeHeapSize                  = 122910970                              {pd product} {ergonomic}
    uintx ProfiledCodeHeapSize                     = 122910970                              {pd product} {ergonomic}
    uintx ReservedCodeCacheSize                    = 251658240                              {pd product} {ergonomic}
     bool SegmentedCodeCache                       = true                                      {product} {ergonomic}
     bool UseCompressedClassPointers               = true                                 {lp64_product} {ergonomic}
     bool UseCompressedOops                        = true                                 {lp64_product} {ergonomic}
     bool UseG1GC                                  = true                                      {product} {ergonomic}
     bool UseLargePagesIndividualAllocation        = false                                  {pd product} {ergonomic}

Logging:
Log output configuration:
 #0: stdout all=warning uptime,level,tags
 #1: stderr all=off uptime,level,tags

Environment Variables:
JAVA_HOME=C:\Program Files\Java\jdk-11.0.8
JRE_HOME=C:\Program Files\Java\jre1.8.0_251
PATH=C:\Program Files\Common Files\Oracle\Java\javapath;D:\Program Files\VanDyke Software\Clients\;C:\Program Files (x86)\Common Files\Intel\Shared Libraries\redist\intel64\compiler;C:\Program Files (x86)\Common Files\Oracle\Java\javapath;C:\Program Files\Java\jdk-11.0.8\bin;C:\windows\system32;C:\windows;C:\windows\System32\Wbem;C:\windows\System32\WindowsPowerShell\v1.0\;C:\windows\System32\OpenSSH\;C:\Program Files (x86)\NVIDIA Corporation\PhysX\Common;C:\Program Files\NVIDIA Corporation\NVIDIA NvDLISR;C:\Program Files (x86)\Vim\vim82;C:\WINDOWS\system32;C:\WINDOWS;C:\WINDOWS\System32\Wbem;C:\WINDOWS\System32\WindowsPowerShell\v1.0\;C:\WINDOWS\System32\OpenSSH\;D:\mysql-8.0.20-winx64\bin\;D:\apache-maven-3.3.9\bin;D:\Program Files\PuTTY\;C:\Program Files\nodejs\;C:\Program Files\Git\cmd;C:\Program Files\dotnet\;C:\Program Files\Microsoft SQL Server\130\Tools\Binn\;C:\Program Files\Microsoft SQL Server\Client SDK\ODBC\170\Tools\Binn\;C:\Users\Administrator\AppData\Local\Programs\Python\Python37\Scripts\;C:\Users\Administrator\AppData\Local\Programs\Python\Python37\;C:\Users\Administrator\AppData\Local\Microsoft\WindowsApps;D:\Program Files (x86)\Microsoft VS Code\bin;C:\Users\Administrator\AppData\Roaming\npm;C:\Program Files (x86)\SSH Communications Security\SSH Secure Shell;C:\Users\Administrator\.dotnet\tools;D:\Program Files (x86)\mingw64\bin;
USERNAME=Administrator
OS=Windows_NT
PROCESSOR_IDENTIFIER=Intel64 Family 6 Model 158 Stepping 9, GenuineIntel



---------------  S Y S T E M  ---------------

OS: Windows 10 , 64 bit Build 18362 (10.0.18362.1082)

CPU:total 8 (initial active 8) (4 cores per cpu, 2 threads per core) family 6 model 158 stepping 9, cmov, cx8, fxsr, mmx, sse, sse2, sse3, ssse3, sse4.1, sse4.2, popcnt, avx, avx2, aes, clmul, erms, rtm, 3dnowpref, lzcnt, ht, tsc, tscinvbit, bmi1, bmi2, adx, fma

Memory: 4k page, system-wide physical 16314M (6987M free)
TotalPageFile size 18407M (AvailPageFile size 2717M)
current process WorkingSet (physical memory assigned to process): 127M, peak: 127M
current process commit charge ("private bytes"): 394M, peak: 394M

vm_info: Java HotSpot(TM) 64-Bit Server VM (11.0.8+10-LTS) for windows-amd64 JRE (11.0.8+10-LTS), built on Jun 16 2020 05:53:08 by "mach5one" with unknown MS VC++:1916

END.
