#
# A fatal error has been detected by the Java Runtime Environment:
#
#  EXCEPTION_ACCESS_VIOLATION (0xc0000005) at pc=0x00007ffa7e802d20, pid=16072, tid=13876
#
# JRE version: Java(TM) SE Runtime Environment 18.9 (11.0.8+10) (build 11.0.8+10-LTS)
# Java VM: Java HotSpot(TM) 64-Bit Server VM 18.9 (11.0.8+10-LTS, mixed mode, tiered, compressed oops, g1 gc, windows-amd64)
# Problematic frame:
# V  [jvm.dll+0x2b2d20]
#
# No core dump will be written. Minidumps are not enabled by default on client versions of Windows
#
# If you would like to submit a bug report, please visit:
#   https://bugreport.java.com/bugreport/crash.jsp
#

---------------  S U M M A R Y ------------

Command Line: -Dorg.gradle.native=false -javaagent:C:\Users\Administrator\AppData\Local\JetBrains\IntelliJIdea2020.1\testAgent\intellij-coverage-agent-1.0.508.jar=C:\Users\Administrator\AppData\Local\Temp\coverage10args -javaagent:build/tmp/expandedArchives/org.jacoco.agent-0.8.2.jar_2aca8b620b19ecd063f63feff8caaa38/jacocoagent.jar=destfile=build/jacoco/test.exec,append=true,inclnolocationclasses=false,dumponexit=true,output=file,jmx=false -Xmx512m -Dfile.encoding=UTF-8 -Duser.country=US -Duser.language=en -Duser.variant -ea worker.org.gradle.process.internal.worker.GradleWorkerMain 'Gradle Test Executor 16'

Host: Intel(R) Core(TM) i7-7700K CPU @ 4.20GHz, 8 cores, 15G,  Windows 10 , 64 bit Build 18362 (10.0.18362.1082)
Time: Sun Oct 11 16:56:37 2020 China Standard Time elapsed time: 1 seconds (0d 0h 0m 1s)

---------------  T H R E A D  ---------------

Current thread (0x000001e8680fc000):  JavaThread "C2 CompilerThread2" daemon [_thread_in_native, id=13876, stack(0x0000008895f00000,0x0000008896000000)]


Current CompileTask:
C2:   1283 1560 %     4       org.jetbrains.coverage.org.objectweb.asm.ClassReader::readCode @ 71 (5089 bytes)

Stack: [0x0000008895f00000,0x0000008896000000],  sp=0x0000008895ffb030,  free space=1004k
Native frames: (J=compiled Java code, j=interpreted, Vv=VM code, C=native code)
V  [jvm.dll+0x2b2d20]
V  [jvm.dll+0x2b2fd6]
V  [jvm.dll+0x523966]
V  [jvm.dll+0x1fdf63]
V  [jvm.dll+0x1fb37f]
V  [jvm.dll+0x17e0fc]
V  [jvm.dll+0x20aaa4]
V  [jvm.dll+0x208b7b]
V  [jvm.dll+0x6ff90c]
V  [jvm.dll+0x6f845c]
V  [jvm.dll+0x600d66]
C  [ucrtbase.dll+0x20e82]
C  [KERNEL32.DLL+0x17bd4]
C  [ntdll.dll+0x6ce51]


siginfo: EXCEPTION_ACCESS_VIOLATION (0xc0000005), reading address 0x000001e800000013


Register to memory mapping:

RIP=0x00007ffa7e802d20 jvm.dll
RAX=0x000001e800000003 is an unknown value
RBX=0x000001e86b266a10 points into unknown readable memory: 48 83 d9 7e fa 7f 00 00
RCX=0x000001e86a432b50 points into unknown readable memory: 03 00 00 00 e8 01 00 00
RDX=0x000001e86d020d50 points into unknown readable memory: 10 6a 26 6b e8 01 00 00
RSP=0x0000008895ffb030 is pointing into the stack for thread: 0x000001e8680fc000
RBP=0x0000008895ffb0a0 is pointing into the stack for thread: 0x000001e8680fc000
RSI=0x0000000000000001 is an unknown value
RDI=0x000001e86a432b50 points into unknown readable memory: 03 00 00 00 e8 01 00 00
R8 =0x0000000004000000 is an unknown value
R9 =0x0000000000001179 is an unknown value
R10=0x000001e86ca13d40 points into unknown readable memory: 01 00 00 00 00 00 00 00
R11=0x000001e86ca16f80 points into unknown readable memory: ce 08 70 06 00 00 00 00
R12=0x000001e86e398190 points into unknown readable memory: 01 00 00 00 ff ff ff ff
R13=0x0000008895ffc1c0 is pointing into the stack for thread: 0x000001e8680fc000
R14=0x0000000000000390 is an unknown value
R15=0x0000008895ffb120 is pointing into the stack for thread: 0x000001e8680fc000


Registers:
RAX=0x000001e800000003, RBX=0x000001e86b266a10, RCX=0x000001e86a432b50, RDX=0x000001e86d020d50
RSP=0x0000008895ffb030, RBP=0x0000008895ffb0a0, RSI=0x0000000000000001, RDI=0x000001e86a432b50
R8 =0x0000000004000000, R9 =0x0000000000001179, R10=0x000001e86ca13d40, R11=0x000001e86ca16f80
R12=0x000001e86e398190, R13=0x0000008895ffc1c0, R14=0x0000000000000390, R15=0x0000008895ffb120
RIP=0x00007ffa7e802d20, EFLAGS=0x0000000000010202

Top of Stack: (sp=0x0000008895ffb030)
0x0000008895ffb030:   000001e86881d460 000001e86d00f050
0x0000008895ffb040:   0000000000000000 0000000000000000
0x0000008895ffb050:   000001e86d020d58 000001e86b266a10
0x0000008895ffb060:   000005c50000006c 0000000000000000
0x0000008895ffb070:   0000000000000008 000001e86ca13d50
0x0000008895ffb080:   000001e86e398190 000001e86ca91230
0x0000008895ffb090:   000001e86ca83c50 0000008895ffc1c0
0x0000008895ffb0a0:   000001e868023a30 000001e8680b2c18
0x0000008895ffb0b0:   000001e86d00f050 00007ffa7e802fd6
0x0000008895ffb0c0:   000001e86d00f050 0000000000000000
0x0000008895ffb0d0:   000001e869475420 000001e86e398190
0x0000008895ffb0e0:   000000000000d5d0 0000000000000000
0x0000008895ffb0f0:   000001e86d00f050 000001e868023a30
0x0000008895ffb100:   000001e86ca83c50 000001e86ca91230
0x0000008895ffb110:   00000000001a9108 000001e86ca91230
0x0000008895ffb120:   00007ffa7eddb460 000001e868023a30 

Instructions: (pc=0x00007ffa7e802d20)
0x00007ffa7e802d00:   38 0f 1f 40 00 66 66 66 0f 1f 84 00 00 00 00 00
0x00007ffa7e802d10:   48 8b 43 10 ff ce 48 8b 3c f0 48 8b cf 48 8b 07
0x00007ffa7e802d20:   ff 50 10 84 c0 0f 84 12 01 00 00 8b 4f 28 41 3b
0x00007ffa7e802d30:   4d 28 0f 83 05 01 00 00 49 8b 45 30 44 8b c9 48 


Stack slot to memory mapping:
stack at sp + 0 slots: 0x000001e86881d460 points into unknown readable memory: 40 f6 d4 7e fa 7f 00 00
stack at sp + 1 slots: 0x000001e86d00f050 points into unknown readable memory: 00 00 00 00 00 00 00 00
stack at sp + 2 slots: 0x0 is NULL
stack at sp + 3 slots: 0x0 is NULL
stack at sp + 4 slots: 0x000001e86d020d58 points into unknown readable memory: 90 03 00 00 01 00 00 00
stack at sp + 5 slots: 0x000001e86b266a10 points into unknown readable memory: 48 83 d9 7e fa 7f 00 00
stack at sp + 6 slots: 0x000005c50000006c is an unknown value
stack at sp + 7 slots: 0x0 is NULL


---------------  P R O C E S S  ---------------

Threads class SMR info:
_java_thread_list=0x000001e8698b7ba0, length=15, elements={
0x000001e84c0c3000, 0x000001e867da0800, 0x000001e867dac000, 0x000001e867e11000,
0x000001e867e12000, 0x000001e867e16800, 0x000001e867e26000, 0x000001e867e28000,
0x000001e867536800, 0x000001e867fb2000, 0x000001e8680fc000, 0x000001e8689c0800,
0x000001e86f65b800, 0x000001e86b0e3000, 0x000001e86e432000
}

Java Threads: ( => current thread )
  0x000001e84c0c3000 JavaThread "main" [_thread_blocked, id=18516, stack(0x0000008894f00000,0x0000008895000000)]
  0x000001e867da0800 JavaThread "Reference Handler" daemon [_thread_blocked, id=7324, stack(0x0000008895600000,0x0000008895700000)]
  0x000001e867dac000 JavaThread "Finalizer" daemon [_thread_blocked, id=11128, stack(0x0000008895700000,0x0000008895800000)]
  0x000001e867e11000 JavaThread "Signal Dispatcher" daemon [_thread_blocked, id=10636, stack(0x0000008895800000,0x0000008895900000)]
  0x000001e867e12000 JavaThread "Attach Listener" daemon [_thread_blocked, id=3084, stack(0x0000008895900000,0x0000008895a00000)]
  0x000001e867e16800 JavaThread "C2 CompilerThread0" daemon [_thread_in_native, id=11496, stack(0x0000008895a00000,0x0000008895b00000)]
  0x000001e867e26000 JavaThread "C1 CompilerThread0" daemon [_thread_in_native, id=10856, stack(0x0000008895b00000,0x0000008895c00000)]
  0x000001e867e28000 JavaThread "Sweeper thread" daemon [_thread_in_vm, id=10664, stack(0x0000008895c00000,0x0000008895d00000)]
  0x000001e867536800 JavaThread "Common-Cleaner" daemon [_thread_blocked, id=3632, stack(0x0000008895d00000,0x0000008895e00000)]
  0x000001e867fb2000 JavaThread "C2 CompilerThread1" daemon [_thread_in_native, id=19588, stack(0x0000008895e00000,0x0000008895f00000)]
=>0x000001e8680fc000 JavaThread "C2 CompilerThread2" daemon [_thread_in_native, id=13876, stack(0x0000008895f00000,0x0000008896000000)]
  0x000001e8689c0800 JavaThread "Service Thread" daemon [_thread_blocked, id=2196, stack(0x0000008896000000,0x0000008896100000)]
  0x000001e86f65b800 JavaThread "Test worker" [_thread_in_Java, id=17732, stack(0x0000008896800000,0x0000008896900000)]
  0x000001e86b0e3000 JavaThread "/127.0.0.1:52039 to /127.0.0.1:52038 workers Thread 2" [_thread_blocked, id=1496, stack(0x0000008896900000,0x0000008896a00000)]
  0x000001e86e432000 JavaThread "/127.0.0.1:52039 to /127.0.0.1:52038 workers Thread 3" [_thread_in_native, id=12136, stack(0x0000008896a00000,0x0000008896b00000)]

Other Threads:
  0x000001e86757c000 VMThread "VM Thread" [stack: 0x0000008895500000,0x0000008895600000] [id=12608]
  0x000001e86909a800 WatcherThread [stack: 0x0000008896100000,0x0000008896200000] [id=19156]
  0x000001e84c0d7800 GCTaskThread "GC Thread#0" [stack: 0x0000008895000000,0x0000008895100000] [id=18624]
  0x000001e86915b000 GCTaskThread "GC Thread#1" [stack: 0x0000008896200000,0x0000008896300000] [id=1140]
  0x000001e868490800 GCTaskThread "GC Thread#2" [stack: 0x0000008896300000,0x0000008896400000] [id=20428]
  0x000001e869006800 GCTaskThread "GC Thread#3" [stack: 0x0000008896400000,0x0000008896500000] [id=8092]
  0x000001e86b648800 GCTaskThread "GC Thread#4" [stack: 0x0000008896500000,0x0000008896600000] [id=19612]
  0x000001e86b649000 GCTaskThread "GC Thread#5" [stack: 0x0000008896600000,0x0000008896700000] [id=2432]
  0x000001e84c0ec800 ConcurrentGCThread "G1 Main Marker" [stack: 0x0000008895100000,0x0000008895200000] [id=8140]
  0x000001e84c0ee000 ConcurrentGCThread "G1 Conc#0" [stack: 0x0000008895200000,0x0000008895300000] [id=17148]
  0x000001e8673e4800 ConcurrentGCThread "G1 Refine#0" [stack: 0x0000008895300000,0x0000008895400000] [id=6604]
  0x000001e8673e5000 ConcurrentGCThread "G1 Young RemSet Sampling" [stack: 0x0000008895400000,0x0000008895500000] [id=15060]

Threads with active compile tasks:
C2 CompilerThread0   1336 1565       4       org.jacoco.agent.rt.internal_28bab1d.core.internal.flow.MethodProbesAdapter::visitLabel (113 bytes)
C1 CompilerThread0   1336 1694       3       org.jacoco.agent.rt.internal_28bab1d.ClassFileDumper::dump (235 bytes)
C2 CompilerThread1   1336 1585       4       org.jacoco.agent.rt.internal_28bab1d.asm.commons.AnalyzerAdapter::pushDescriptor (441 bytes)
C2 CompilerThread2   1336 1560 %     4       org.jetbrains.coverage.org.objectweb.asm.ClassReader::readCode @ 71 (5089 bytes)

VM state:not at safepoint (normal execution)

VM Mutex/Monitor currently owned by a thread:  ([mutex/lock_event])
[0x000001e84c0c00e0] CompiledIC_lock - owner thread: 0x0000000000000000

Heap address: 0x00000000e0000000, size: 512 MB, Compressed Oops mode: 32-bit
Narrow klass base: 0x0000000000000000, Narrow klass shift: 3
Compressed class space size: 1073741824 Address: 0x0000000100000000

Heap:
 garbage-first heap   total 262144K, used 64365K [0x00000000e0000000, 0x0000000100000000)
  region size 1024K, 61 young (62464K), 3 survivors (3072K)
 Metaspace       used 15473K, capacity 15736K, committed 16000K, reserved 1062912K
  class space    used 1485K, capacity 1552K, committed 1664K, reserved 1048576K
Heap Regions: E=young(eden), S=young(survivor), O=old, HS=humongous(starts), HC=humongous(continues), CS=collection set, F=free, A=archive, TAMS=top-at-mark-start (previous, next)
|   0|0x00000000e0000000, 0x00000000e0100000, 0x00000000e0100000|100%| O|  |TAMS 0x00000000e0000000, 0x00000000e0000000| Untracked 
|   1|0x00000000e0100000, 0x00000000e0200000, 0x00000000e0200000|100%| O|  |TAMS 0x00000000e0100000, 0x00000000e0100000| Untracked 
|   2|0x00000000e0200000, 0x00000000e02db600, 0x00000000e0300000| 85%| O|  |TAMS 0x00000000e0200000, 0x00000000e0200000| Untracked 
|   3|0x00000000e0300000, 0x00000000e0300000, 0x00000000e0400000|  0%| F|  |TAMS 0x00000000e0300000, 0x00000000e0300000| Untracked 
|   4|0x00000000e0400000, 0x00000000e0400000, 0x00000000e0500000|  0%| F|  |TAMS 0x00000000e0400000, 0x00000000e0400000| Untracked 
|   5|0x00000000e0500000, 0x00000000e0500000, 0x00000000e0600000|  0%| F|  |TAMS 0x00000000e0500000, 0x00000000e0500000| Untracked 
|   6|0x00000000e0600000, 0x00000000e0600000, 0x00000000e0700000|  0%| F|  |TAMS 0x00000000e0600000, 0x00000000e0600000| Untracked 
|   7|0x00000000e0700000, 0x00000000e0700000, 0x00000000e0800000|  0%| F|  |TAMS 0x00000000e0700000, 0x00000000e0700000| Untracked 
|   8|0x00000000e0800000, 0x00000000e0800000, 0x00000000e0900000|  0%| F|  |TAMS 0x00000000e0800000, 0x00000000e0800000| Untracked 
|   9|0x00000000e0900000, 0x00000000e0900000, 0x00000000e0a00000|  0%| F|  |TAMS 0x00000000e0900000, 0x00000000e0900000| Untracked 
|  10|0x00000000e0a00000, 0x00000000e0a00000, 0x00000000e0b00000|  0%| F|  |TAMS 0x00000000e0a00000, 0x00000000e0a00000| Untracked 
|  11|0x00000000e0b00000, 0x00000000e0b00000, 0x00000000e0c00000|  0%| F|  |TAMS 0x00000000e0b00000, 0x00000000e0b00000| Untracked 
|  12|0x00000000e0c00000, 0x00000000e0c00000, 0x00000000e0d00000|  0%| F|  |TAMS 0x00000000e0c00000, 0x00000000e0c00000| Untracked 
|  13|0x00000000e0d00000, 0x00000000e0d00000, 0x00000000e0e00000|  0%| F|  |TAMS 0x00000000e0d00000, 0x00000000e0d00000| Untracked 
|  14|0x00000000e0e00000, 0x00000000e0e00000, 0x00000000e0f00000|  0%| F|  |TAMS 0x00000000e0e00000, 0x00000000e0e00000| Untracked 
|  15|0x00000000e0f00000, 0x00000000e0f00000, 0x00000000e1000000|  0%| F|  |TAMS 0x00000000e0f00000, 0x00000000e0f00000| Untracked 
|  16|0x00000000e1000000, 0x00000000e1000000, 0x00000000e1100000|  0%| F|  |TAMS 0x00000000e1000000, 0x00000000e1000000| Untracked 
|  17|0x00000000e1100000, 0x00000000e1100000, 0x00000000e1200000|  0%| F|  |TAMS 0x00000000e1100000, 0x00000000e1100000| Untracked 
|  18|0x00000000e1200000, 0x00000000e1200000, 0x00000000e1300000|  0%| F|  |TAMS 0x00000000e1200000, 0x00000000e1200000| Untracked 
|  19|0x00000000e1300000, 0x00000000e1300000, 0x00000000e1400000|  0%| F|  |TAMS 0x00000000e1300000, 0x00000000e1300000| Untracked 
|  20|0x00000000e1400000, 0x00000000e1400000, 0x00000000e1500000|  0%| F|  |TAMS 0x00000000e1400000, 0x00000000e1400000| Untracked 
|  21|0x00000000e1500000, 0x00000000e1500000, 0x00000000e1600000|  0%| F|  |TAMS 0x00000000e1500000, 0x00000000e1500000| Untracked 
|  22|0x00000000e1600000, 0x00000000e1600000, 0x00000000e1700000|  0%| F|  |TAMS 0x00000000e1600000, 0x00000000e1600000| Untracked 
|  23|0x00000000e1700000, 0x00000000e1700000, 0x00000000e1800000|  0%| F|  |TAMS 0x00000000e1700000, 0x00000000e1700000| Untracked 
|  24|0x00000000e1800000, 0x00000000e1800000, 0x00000000e1900000|  0%| F|  |TAMS 0x00000000e1800000, 0x00000000e1800000| Untracked 
|  25|0x00000000e1900000, 0x00000000e1900000, 0x00000000e1a00000|  0%| F|  |TAMS 0x00000000e1900000, 0x00000000e1900000| Untracked 
|  26|0x00000000e1a00000, 0x00000000e1a00000, 0x00000000e1b00000|  0%| F|  |TAMS 0x00000000e1a00000, 0x00000000e1a00000| Untracked 
|  27|0x00000000e1b00000, 0x00000000e1b00000, 0x00000000e1c00000|  0%| F|  |TAMS 0x00000000e1b00000, 0x00000000e1b00000| Untracked 
|  28|0x00000000e1c00000, 0x00000000e1c00000, 0x00000000e1d00000|  0%| F|  |TAMS 0x00000000e1c00000, 0x00000000e1c00000| Untracked 
|  29|0x00000000e1d00000, 0x00000000e1d00000, 0x00000000e1e00000|  0%| F|  |TAMS 0x00000000e1d00000, 0x00000000e1d00000| Untracked 
|  30|0x00000000e1e00000, 0x00000000e1e00000, 0x00000000e1f00000|  0%| F|  |TAMS 0x00000000e1e00000, 0x00000000e1e00000| Untracked 
|  31|0x00000000e1f00000, 0x00000000e1f00000, 0x00000000e2000000|  0%| F|  |TAMS 0x00000000e1f00000, 0x00000000e1f00000| Untracked 
|  32|0x00000000e2000000, 0x00000000e2000000, 0x00000000e2100000|  0%| F|  |TAMS 0x00000000e2000000, 0x00000000e2000000| Untracked 
|  33|0x00000000e2100000, 0x00000000e2100000, 0x00000000e2200000|  0%| F|  |TAMS 0x00000000e2100000, 0x00000000e2100000| Untracked 
|  34|0x00000000e2200000, 0x00000000e2200000, 0x00000000e2300000|  0%| F|  |TAMS 0x00000000e2200000, 0x00000000e2200000| Untracked 
|  35|0x00000000e2300000, 0x00000000e2300000, 0x00000000e2400000|  0%| F|  |TAMS 0x00000000e2300000, 0x00000000e2300000| Untracked 
|  36|0x00000000e2400000, 0x00000000e2400000, 0x00000000e2500000|  0%| F|  |TAMS 0x00000000e2400000, 0x00000000e2400000| Untracked 
|  37|0x00000000e2500000, 0x00000000e2500000, 0x00000000e2600000|  0%| F|  |TAMS 0x00000000e2500000, 0x00000000e2500000| Untracked 
|  38|0x00000000e2600000, 0x00000000e2600000, 0x00000000e2700000|  0%| F|  |TAMS 0x00000000e2600000, 0x00000000e2600000| Untracked 
|  39|0x00000000e2700000, 0x00000000e2700000, 0x00000000e2800000|  0%| F|  |TAMS 0x00000000e2700000, 0x00000000e2700000| Untracked 
|  40|0x00000000e2800000, 0x00000000e2800000, 0x00000000e2900000|  0%| F|  |TAMS 0x00000000e2800000, 0x00000000e2800000| Untracked 
|  41|0x00000000e2900000, 0x00000000e2900000, 0x00000000e2a00000|  0%| F|  |TAMS 0x00000000e2900000, 0x00000000e2900000| Untracked 
|  42|0x00000000e2a00000, 0x00000000e2a00000, 0x00000000e2b00000|  0%| F|  |TAMS 0x00000000e2a00000, 0x00000000e2a00000| Untracked 
|  43|0x00000000e2b00000, 0x00000000e2b00000, 0x00000000e2c00000|  0%| F|  |TAMS 0x00000000e2b00000, 0x00000000e2b00000| Untracked 
|  44|0x00000000e2c00000, 0x00000000e2c00000, 0x00000000e2d00000|  0%| F|  |TAMS 0x00000000e2c00000, 0x00000000e2c00000| Untracked 
|  45|0x00000000e2d00000, 0x00000000e2d00000, 0x00000000e2e00000|  0%| F|  |TAMS 0x00000000e2d00000, 0x00000000e2d00000| Untracked 
|  46|0x00000000e2e00000, 0x00000000e2e00000, 0x00000000e2f00000|  0%| F|  |TAMS 0x00000000e2e00000, 0x00000000e2e00000| Untracked 
|  47|0x00000000e2f00000, 0x00000000e2f00000, 0x00000000e3000000|  0%| F|  |TAMS 0x00000000e2f00000, 0x00000000e2f00000| Untracked 
|  48|0x00000000e3000000, 0x00000000e3000000, 0x00000000e3100000|  0%| F|  |TAMS 0x00000000e3000000, 0x00000000e3000000| Untracked 
|  49|0x00000000e3100000, 0x00000000e3100000, 0x00000000e3200000|  0%| F|  |TAMS 0x00000000e3100000, 0x00000000e3100000| Untracked 
|  50|0x00000000e3200000, 0x00000000e3200000, 0x00000000e3300000|  0%| F|  |TAMS 0x00000000e3200000, 0x00000000e3200000| Untracked 
|  51|0x00000000e3300000, 0x00000000e3300000, 0x00000000e3400000|  0%| F|  |TAMS 0x00000000e3300000, 0x00000000e3300000| Untracked 
|  52|0x00000000e3400000, 0x00000000e3400000, 0x00000000e3500000|  0%| F|  |TAMS 0x00000000e3400000, 0x00000000e3400000| Untracked 
|  53|0x00000000e3500000, 0x00000000e3500000, 0x00000000e3600000|  0%| F|  |TAMS 0x00000000e3500000, 0x00000000e3500000| Untracked 
|  54|0x00000000e3600000, 0x00000000e3600000, 0x00000000e3700000|  0%| F|  |TAMS 0x00000000e3600000, 0x00000000e3600000| Untracked 
|  55|0x00000000e3700000, 0x00000000e3700000, 0x00000000e3800000|  0%| F|  |TAMS 0x00000000e3700000, 0x00000000e3700000| Untracked 
|  56|0x00000000e3800000, 0x00000000e3800000, 0x00000000e3900000|  0%| F|  |TAMS 0x00000000e3800000, 0x00000000e3800000| Untracked 
|  57|0x00000000e3900000, 0x00000000e3900000, 0x00000000e3a00000|  0%| F|  |TAMS 0x00000000e3900000, 0x00000000e3900000| Untracked 
|  58|0x00000000e3a00000, 0x00000000e3a00000, 0x00000000e3b00000|  0%| F|  |TAMS 0x00000000e3a00000, 0x00000000e3a00000| Untracked 
|  59|0x00000000e3b00000, 0x00000000e3b00000, 0x00000000e3c00000|  0%| F|  |TAMS 0x00000000e3b00000, 0x00000000e3b00000| Untracked 
|  60|0x00000000e3c00000, 0x00000000e3c00000, 0x00000000e3d00000|  0%| F|  |TAMS 0x00000000e3c00000, 0x00000000e3c00000| Untracked 
|  61|0x00000000e3d00000, 0x00000000e3d00000, 0x00000000e3e00000|  0%| F|  |TAMS 0x00000000e3d00000, 0x00000000e3d00000| Untracked 
|  62|0x00000000e3e00000, 0x00000000e3e00000, 0x00000000e3f00000|  0%| F|  |TAMS 0x00000000e3e00000, 0x00000000e3e00000| Untracked 
|  63|0x00000000e3f00000, 0x00000000e3f00000, 0x00000000e4000000|  0%| F|  |TAMS 0x00000000e3f00000, 0x00000000e3f00000| Untracked 
|  64|0x00000000e4000000, 0x00000000e4000000, 0x00000000e4100000|  0%| F|  |TAMS 0x00000000e4000000, 0x00000000e4000000| Untracked 
|  65|0x00000000e4100000, 0x00000000e4100000, 0x00000000e4200000|  0%| F|  |TAMS 0x00000000e4100000, 0x00000000e4100000| Untracked 
|  66|0x00000000e4200000, 0x00000000e4200000, 0x00000000e4300000|  0%| F|  |TAMS 0x00000000e4200000, 0x00000000e4200000| Untracked 
|  67|0x00000000e4300000, 0x00000000e4300000, 0x00000000e4400000|  0%| F|  |TAMS 0x00000000e4300000, 0x00000000e4300000| Untracked 
|  68|0x00000000e4400000, 0x00000000e4400000, 0x00000000e4500000|  0%| F|  |TAMS 0x00000000e4400000, 0x00000000e4400000| Untracked 
|  69|0x00000000e4500000, 0x00000000e4500000, 0x00000000e4600000|  0%| F|  |TAMS 0x00000000e4500000, 0x00000000e4500000| Untracked 
|  70|0x00000000e4600000, 0x00000000e4600000, 0x00000000e4700000|  0%| F|  |TAMS 0x00000000e4600000, 0x00000000e4600000| Untracked 
|  71|0x00000000e4700000, 0x00000000e4700000, 0x00000000e4800000|  0%| F|  |TAMS 0x00000000e4700000, 0x00000000e4700000| Untracked 
|  72|0x00000000e4800000, 0x00000000e4800000, 0x00000000e4900000|  0%| F|  |TAMS 0x00000000e4800000, 0x00000000e4800000| Untracked 
|  73|0x00000000e4900000, 0x00000000e4900000, 0x00000000e4a00000|  0%| F|  |TAMS 0x00000000e4900000, 0x00000000e4900000| Untracked 
|  74|0x00000000e4a00000, 0x00000000e4a00000, 0x00000000e4b00000|  0%| F|  |TAMS 0x00000000e4a00000, 0x00000000e4a00000| Untracked 
|  75|0x00000000e4b00000, 0x00000000e4b00000, 0x00000000e4c00000|  0%| F|  |TAMS 0x00000000e4b00000, 0x00000000e4b00000| Untracked 
|  76|0x00000000e4c00000, 0x00000000e4c00000, 0x00000000e4d00000|  0%| F|  |TAMS 0x00000000e4c00000, 0x00000000e4c00000| Untracked 
|  77|0x00000000e4d00000, 0x00000000e4d00000, 0x00000000e4e00000|  0%| F|  |TAMS 0x00000000e4d00000, 0x00000000e4d00000| Untracked 
|  78|0x00000000e4e00000, 0x00000000e4e00000, 0x00000000e4f00000|  0%| F|  |TAMS 0x00000000e4e00000, 0x00000000e4e00000| Untracked 
|  79|0x00000000e4f00000, 0x00000000e4f00000, 0x00000000e5000000|  0%| F|  |TAMS 0x00000000e4f00000, 0x00000000e4f00000| Untracked 
|  80|0x00000000e5000000, 0x00000000e5000000, 0x00000000e5100000|  0%| F|  |TAMS 0x00000000e5000000, 0x00000000e5000000| Untracked 
|  81|0x00000000e5100000, 0x00000000e5100000, 0x00000000e5200000|  0%| F|  |TAMS 0x00000000e5100000, 0x00000000e5100000| Untracked 
|  82|0x00000000e5200000, 0x00000000e5200000, 0x00000000e5300000|  0%| F|  |TAMS 0x00000000e5200000, 0x00000000e5200000| Untracked 
|  83|0x00000000e5300000, 0x00000000e5300000, 0x00000000e5400000|  0%| F|  |TAMS 0x00000000e5300000, 0x00000000e5300000| Untracked 
|  84|0x00000000e5400000, 0x00000000e5400000, 0x00000000e5500000|  0%| F|  |TAMS 0x00000000e5400000, 0x00000000e5400000| Untracked 
|  85|0x00000000e5500000, 0x00000000e5500000, 0x00000000e5600000|  0%| F|  |TAMS 0x00000000e5500000, 0x00000000e5500000| Untracked 
|  86|0x00000000e5600000, 0x00000000e5600000, 0x00000000e5700000|  0%| F|  |TAMS 0x00000000e5600000, 0x00000000e5600000| Untracked 
|  87|0x00000000e5700000, 0x00000000e5700000, 0x00000000e5800000|  0%| F|  |TAMS 0x00000000e5700000, 0x00000000e5700000| Untracked 
|  88|0x00000000e5800000, 0x00000000e5800000, 0x00000000e5900000|  0%| F|  |TAMS 0x00000000e5800000, 0x00000000e5800000| Untracked 
|  89|0x00000000e5900000, 0x00000000e5900000, 0x00000000e5a00000|  0%| F|  |TAMS 0x00000000e5900000, 0x00000000e5900000| Untracked 
|  90|0x00000000e5a00000, 0x00000000e5a00000, 0x00000000e5b00000|  0%| F|  |TAMS 0x00000000e5a00000, 0x00000000e5a00000| Untracked 
|  91|0x00000000e5b00000, 0x00000000e5b00000, 0x00000000e5c00000|  0%| F|  |TAMS 0x00000000e5b00000, 0x00000000e5b00000| Untracked 
|  92|0x00000000e5c00000, 0x00000000e5c00000, 0x00000000e5d00000|  0%| F|  |TAMS 0x00000000e5c00000, 0x00000000e5c00000| Untracked 
|  93|0x00000000e5d00000, 0x00000000e5d00000, 0x00000000e5e00000|  0%| F|  |TAMS 0x00000000e5d00000, 0x00000000e5d00000| Untracked 
|  94|0x00000000e5e00000, 0x00000000e5e00000, 0x00000000e5f00000|  0%| F|  |TAMS 0x00000000e5e00000, 0x00000000e5e00000| Untracked 
|  95|0x00000000e5f00000, 0x00000000e5f00000, 0x00000000e6000000|  0%| F|  |TAMS 0x00000000e5f00000, 0x00000000e5f00000| Untracked 
|  96|0x00000000e6000000, 0x00000000e6000000, 0x00000000e6100000|  0%| F|  |TAMS 0x00000000e6000000, 0x00000000e6000000| Untracked 
|  97|0x00000000e6100000, 0x00000000e6100000, 0x00000000e6200000|  0%| F|  |TAMS 0x00000000e6100000, 0x00000000e6100000| Untracked 
|  98|0x00000000e6200000, 0x00000000e6200000, 0x00000000e6300000|  0%| F|  |TAMS 0x00000000e6200000, 0x00000000e6200000| Untracked 
|  99|0x00000000e6300000, 0x00000000e6300000, 0x00000000e6400000|  0%| F|  |TAMS 0x00000000e6300000, 0x00000000e6300000| Untracked 
| 100|0x00000000e6400000, 0x00000000e6400000, 0x00000000e6500000|  0%| F|  |TAMS 0x00000000e6400000, 0x00000000e6400000| Untracked 
| 101|0x00000000e6500000, 0x00000000e6500000, 0x00000000e6600000|  0%| F|  |TAMS 0x00000000e6500000, 0x00000000e6500000| Untracked 
| 102|0x00000000e6600000, 0x00000000e6600000, 0x00000000e6700000|  0%| F|  |TAMS 0x00000000e6600000, 0x00000000e6600000| Untracked 
| 103|0x00000000e6700000, 0x00000000e6700000, 0x00000000e6800000|  0%| F|  |TAMS 0x00000000e6700000, 0x00000000e6700000| Untracked 
| 104|0x00000000e6800000, 0x00000000e6800000, 0x00000000e6900000|  0%| F|  |TAMS 0x00000000e6800000, 0x00000000e6800000| Untracked 
| 105|0x00000000e6900000, 0x00000000e6900000, 0x00000000e6a00000|  0%| F|  |TAMS 0x00000000e6900000, 0x00000000e6900000| Untracked 
| 106|0x00000000e6a00000, 0x00000000e6a00000, 0x00000000e6b00000|  0%| F|  |TAMS 0x00000000e6a00000, 0x00000000e6a00000| Untracked 
| 107|0x00000000e6b00000, 0x00000000e6b00000, 0x00000000e6c00000|  0%| F|  |TAMS 0x00000000e6b00000, 0x00000000e6b00000| Untracked 
| 108|0x00000000e6c00000, 0x00000000e6c00000, 0x00000000e6d00000|  0%| F|  |TAMS 0x00000000e6c00000, 0x00000000e6c00000| Untracked 
| 109|0x00000000e6d00000, 0x00000000e6d00000, 0x00000000e6e00000|  0%| F|  |TAMS 0x00000000e6d00000, 0x00000000e6d00000| Untracked 
| 110|0x00000000e6e00000, 0x00000000e6e00000, 0x00000000e6f00000|  0%| F|  |TAMS 0x00000000e6e00000, 0x00000000e6e00000| Untracked 
| 111|0x00000000e6f00000, 0x00000000e6f00000, 0x00000000e7000000|  0%| F|  |TAMS 0x00000000e6f00000, 0x00000000e6f00000| Untracked 
| 112|0x00000000e7000000, 0x00000000e7000000, 0x00000000e7100000|  0%| F|  |TAMS 0x00000000e7000000, 0x00000000e7000000| Untracked 
| 113|0x00000000e7100000, 0x00000000e7100000, 0x00000000e7200000|  0%| F|  |TAMS 0x00000000e7100000, 0x00000000e7100000| Untracked 
| 114|0x00000000e7200000, 0x00000000e7200000, 0x00000000e7300000|  0%| F|  |TAMS 0x00000000e7200000, 0x00000000e7200000| Untracked 
| 115|0x00000000e7300000, 0x00000000e7300000, 0x00000000e7400000|  0%| F|  |TAMS 0x00000000e7300000, 0x00000000e7300000| Untracked 
| 116|0x00000000e7400000, 0x00000000e7400000, 0x00000000e7500000|  0%| F|  |TAMS 0x00000000e7400000, 0x00000000e7400000| Untracked 
| 117|0x00000000e7500000, 0x00000000e7500000, 0x00000000e7600000|  0%| F|  |TAMS 0x00000000e7500000, 0x00000000e7500000| Untracked 
| 118|0x00000000e7600000, 0x00000000e7600000, 0x00000000e7700000|  0%| F|  |TAMS 0x00000000e7600000, 0x00000000e7600000| Untracked 
| 119|0x00000000e7700000, 0x00000000e7700000, 0x00000000e7800000|  0%| F|  |TAMS 0x00000000e7700000, 0x00000000e7700000| Untracked 
| 120|0x00000000e7800000, 0x00000000e7800000, 0x00000000e7900000|  0%| F|  |TAMS 0x00000000e7800000, 0x00000000e7800000| Untracked 
| 121|0x00000000e7900000, 0x00000000e7900000, 0x00000000e7a00000|  0%| F|  |TAMS 0x00000000e7900000, 0x00000000e7900000| Untracked 
| 122|0x00000000e7a00000, 0x00000000e7a00000, 0x00000000e7b00000|  0%| F|  |TAMS 0x00000000e7a00000, 0x00000000e7a00000| Untracked 
| 123|0x00000000e7b00000, 0x00000000e7b00000, 0x00000000e7c00000|  0%| F|  |TAMS 0x00000000e7b00000, 0x00000000e7b00000| Untracked 
| 124|0x00000000e7c00000, 0x00000000e7c00000, 0x00000000e7d00000|  0%| F|  |TAMS 0x00000000e7c00000, 0x00000000e7c00000| Untracked 
| 125|0x00000000e7d00000, 0x00000000e7d00000, 0x00000000e7e00000|  0%| F|  |TAMS 0x00000000e7d00000, 0x00000000e7d00000| Untracked 
| 126|0x00000000e7e00000, 0x00000000e7e00000, 0x00000000e7f00000|  0%| F|  |TAMS 0x00000000e7e00000, 0x00000000e7e00000| Untracked 
| 127|0x00000000e7f00000, 0x00000000e7f00000, 0x00000000e8000000|  0%| F|  |TAMS 0x00000000e7f00000, 0x00000000e7f00000| Untracked 
| 128|0x00000000e8000000, 0x00000000e8000000, 0x00000000e8100000|  0%| F|  |TAMS 0x00000000e8000000, 0x00000000e8000000| Untracked 
| 129|0x00000000e8100000, 0x00000000e8100000, 0x00000000e8200000|  0%| F|  |TAMS 0x00000000e8100000, 0x00000000e8100000| Untracked 
| 130|0x00000000e8200000, 0x00000000e8200000, 0x00000000e8300000|  0%| F|  |TAMS 0x00000000e8200000, 0x00000000e8200000| Untracked 
| 131|0x00000000e8300000, 0x00000000e8300000, 0x00000000e8400000|  0%| F|  |TAMS 0x00000000e8300000, 0x00000000e8300000| Untracked 
| 132|0x00000000e8400000, 0x00000000e8400000, 0x00000000e8500000|  0%| F|  |TAMS 0x00000000e8400000, 0x00000000e8400000| Untracked 
| 133|0x00000000e8500000, 0x00000000e8500000, 0x00000000e8600000|  0%| F|  |TAMS 0x00000000e8500000, 0x00000000e8500000| Untracked 
| 134|0x00000000e8600000, 0x00000000e8600000, 0x00000000e8700000|  0%| F|  |TAMS 0x00000000e8600000, 0x00000000e8600000| Untracked 
| 135|0x00000000e8700000, 0x00000000e8700000, 0x00000000e8800000|  0%| F|  |TAMS 0x00000000e8700000, 0x00000000e8700000| Untracked 
| 136|0x00000000e8800000, 0x00000000e8800000, 0x00000000e8900000|  0%| F|  |TAMS 0x00000000e8800000, 0x00000000e8800000| Untracked 
| 137|0x00000000e8900000, 0x00000000e8900000, 0x00000000e8a00000|  0%| F|  |TAMS 0x00000000e8900000, 0x00000000e8900000| Untracked 
| 138|0x00000000e8a00000, 0x00000000e8a00000, 0x00000000e8b00000|  0%| F|  |TAMS 0x00000000e8a00000, 0x00000000e8a00000| Untracked 
| 139|0x00000000e8b00000, 0x00000000e8b00000, 0x00000000e8c00000|  0%| F|  |TAMS 0x00000000e8b00000, 0x00000000e8b00000| Untracked 
| 140|0x00000000e8c00000, 0x00000000e8c00000, 0x00000000e8d00000|  0%| F|  |TAMS 0x00000000e8c00000, 0x00000000e8c00000| Untracked 
| 141|0x00000000e8d00000, 0x00000000e8d00000, 0x00000000e8e00000|  0%| F|  |TAMS 0x00000000e8d00000, 0x00000000e8d00000| Untracked 
| 142|0x00000000e8e00000, 0x00000000e8e00000, 0x00000000e8f00000|  0%| F|  |TAMS 0x00000000e8e00000, 0x00000000e8e00000| Untracked 
| 143|0x00000000e8f00000, 0x00000000e8f00000, 0x00000000e9000000|  0%| F|  |TAMS 0x00000000e8f00000, 0x00000000e8f00000| Untracked 
| 144|0x00000000e9000000, 0x00000000e9000000, 0x00000000e9100000|  0%| F|  |TAMS 0x00000000e9000000, 0x00000000e9000000| Untracked 
| 145|0x00000000e9100000, 0x00000000e9100000, 0x00000000e9200000|  0%| F|  |TAMS 0x00000000e9100000, 0x00000000e9100000| Untracked 
| 146|0x00000000e9200000, 0x00000000e9200000, 0x00000000e9300000|  0%| F|  |TAMS 0x00000000e9200000, 0x00000000e9200000| Untracked 
| 147|0x00000000e9300000, 0x00000000e9300000, 0x00000000e9400000|  0%| F|  |TAMS 0x00000000e9300000, 0x00000000e9300000| Untracked 
| 148|0x00000000e9400000, 0x00000000e9400000, 0x00000000e9500000|  0%| F|  |TAMS 0x00000000e9400000, 0x00000000e9400000| Untracked 
| 149|0x00000000e9500000, 0x00000000e9500000, 0x00000000e9600000|  0%| F|  |TAMS 0x00000000e9500000, 0x00000000e9500000| Untracked 
| 150|0x00000000e9600000, 0x00000000e9600000, 0x00000000e9700000|  0%| F|  |TAMS 0x00000000e9600000, 0x00000000e9600000| Untracked 
| 151|0x00000000e9700000, 0x00000000e9700000, 0x00000000e9800000|  0%| F|  |TAMS 0x00000000e9700000, 0x00000000e9700000| Untracked 
| 152|0x00000000e9800000, 0x00000000e9800000, 0x00000000e9900000|  0%| F|  |TAMS 0x00000000e9800000, 0x00000000e9800000| Untracked 
| 153|0x00000000e9900000, 0x00000000e9900000, 0x00000000e9a00000|  0%| F|  |TAMS 0x00000000e9900000, 0x00000000e9900000| Untracked 
| 154|0x00000000e9a00000, 0x00000000e9a00000, 0x00000000e9b00000|  0%| F|  |TAMS 0x00000000e9a00000, 0x00000000e9a00000| Untracked 
| 155|0x00000000e9b00000, 0x00000000e9b00000, 0x00000000e9c00000|  0%| F|  |TAMS 0x00000000e9b00000, 0x00000000e9b00000| Untracked 
| 156|0x00000000e9c00000, 0x00000000e9c00000, 0x00000000e9d00000|  0%| F|  |TAMS 0x00000000e9c00000, 0x00000000e9c00000| Untracked 
| 157|0x00000000e9d00000, 0x00000000e9d00000, 0x00000000e9e00000|  0%| F|  |TAMS 0x00000000e9d00000, 0x00000000e9d00000| Untracked 
| 158|0x00000000e9e00000, 0x00000000e9e00000, 0x00000000e9f00000|  0%| F|  |TAMS 0x00000000e9e00000, 0x00000000e9e00000| Untracked 
| 159|0x00000000e9f00000, 0x00000000e9f00000, 0x00000000ea000000|  0%| F|  |TAMS 0x00000000e9f00000, 0x00000000e9f00000| Untracked 
| 160|0x00000000ea000000, 0x00000000ea000000, 0x00000000ea100000|  0%| F|  |TAMS 0x00000000ea000000, 0x00000000ea000000| Untracked 
| 161|0x00000000ea100000, 0x00000000ea100000, 0x00000000ea200000|  0%| F|  |TAMS 0x00000000ea100000, 0x00000000ea100000| Untracked 
| 162|0x00000000ea200000, 0x00000000ea200000, 0x00000000ea300000|  0%| F|  |TAMS 0x00000000ea200000, 0x00000000ea200000| Untracked 
| 163|0x00000000ea300000, 0x00000000ea300000, 0x00000000ea400000|  0%| F|  |TAMS 0x00000000ea300000, 0x00000000ea300000| Untracked 
| 164|0x00000000ea400000, 0x00000000ea400000, 0x00000000ea500000|  0%| F|  |TAMS 0x00000000ea400000, 0x00000000ea400000| Untracked 
| 165|0x00000000ea500000, 0x00000000ea500000, 0x00000000ea600000|  0%| F|  |TAMS 0x00000000ea500000, 0x00000000ea500000| Untracked 
| 166|0x00000000ea600000, 0x00000000ea600000, 0x00000000ea700000|  0%| F|  |TAMS 0x00000000ea600000, 0x00000000ea600000| Untracked 
| 167|0x00000000ea700000, 0x00000000ea700000, 0x00000000ea800000|  0%| F|  |TAMS 0x00000000ea700000, 0x00000000ea700000| Untracked 
| 168|0x00000000ea800000, 0x00000000ea800000, 0x00000000ea900000|  0%| F|  |TAMS 0x00000000ea800000, 0x00000000ea800000| Untracked 
| 169|0x00000000ea900000, 0x00000000ea900000, 0x00000000eaa00000|  0%| F|  |TAMS 0x00000000ea900000, 0x00000000ea900000| Untracked 
| 170|0x00000000eaa00000, 0x00000000eaa00000, 0x00000000eab00000|  0%| F|  |TAMS 0x00000000eaa00000, 0x00000000eaa00000| Untracked 
| 171|0x00000000eab00000, 0x00000000eab00000, 0x00000000eac00000|  0%| F|  |TAMS 0x00000000eab00000, 0x00000000eab00000| Untracked 
| 172|0x00000000eac00000, 0x00000000eac00000, 0x00000000ead00000|  0%| F|  |TAMS 0x00000000eac00000, 0x00000000eac00000| Untracked 
| 173|0x00000000ead00000, 0x00000000ead00000, 0x00000000eae00000|  0%| F|  |TAMS 0x00000000ead00000, 0x00000000ead00000| Untracked 
| 174|0x00000000eae00000, 0x00000000eae00000, 0x00000000eaf00000|  0%| F|  |TAMS 0x00000000eae00000, 0x00000000eae00000| Untracked 
| 175|0x00000000eaf00000, 0x00000000eaf00000, 0x00000000eb000000|  0%| F|  |TAMS 0x00000000eaf00000, 0x00000000eaf00000| Untracked 
| 176|0x00000000eb000000, 0x00000000eb000000, 0x00000000eb100000|  0%| F|  |TAMS 0x00000000eb000000, 0x00000000eb000000| Untracked 
| 177|0x00000000eb100000, 0x00000000eb100000, 0x00000000eb200000|  0%| F|  |TAMS 0x00000000eb100000, 0x00000000eb100000| Untracked 
| 178|0x00000000eb200000, 0x00000000eb200000, 0x00000000eb300000|  0%| F|  |TAMS 0x00000000eb200000, 0x00000000eb200000| Untracked 
| 179|0x00000000eb300000, 0x00000000eb300000, 0x00000000eb400000|  0%| F|  |TAMS 0x00000000eb300000, 0x00000000eb300000| Untracked 
| 180|0x00000000eb400000, 0x00000000eb400000, 0x00000000eb500000|  0%| F|  |TAMS 0x00000000eb400000, 0x00000000eb400000| Untracked 
| 181|0x00000000eb500000, 0x00000000eb500000, 0x00000000eb600000|  0%| F|  |TAMS 0x00000000eb500000, 0x00000000eb500000| Untracked 
| 182|0x00000000eb600000, 0x00000000eb600000, 0x00000000eb700000|  0%| F|  |TAMS 0x00000000eb600000, 0x00000000eb600000| Untracked 
| 183|0x00000000eb700000, 0x00000000eb700000, 0x00000000eb800000|  0%| F|  |TAMS 0x00000000eb700000, 0x00000000eb700000| Untracked 
| 184|0x00000000eb800000, 0x00000000eb800000, 0x00000000eb900000|  0%| F|  |TAMS 0x00000000eb800000, 0x00000000eb800000| Untracked 
| 185|0x00000000eb900000, 0x00000000eb900000, 0x00000000eba00000|  0%| F|  |TAMS 0x00000000eb900000, 0x00000000eb900000| Untracked 
| 186|0x00000000eba00000, 0x00000000eba00000, 0x00000000ebb00000|  0%| F|  |TAMS 0x00000000eba00000, 0x00000000eba00000| Untracked 
| 187|0x00000000ebb00000, 0x00000000ebb00000, 0x00000000ebc00000|  0%| F|  |TAMS 0x00000000ebb00000, 0x00000000ebb00000| Untracked 
| 188|0x00000000ebc00000, 0x00000000ebc00000, 0x00000000ebd00000|  0%| F|  |TAMS 0x00000000ebc00000, 0x00000000ebc00000| Untracked 
| 189|0x00000000ebd00000, 0x00000000ebd00000, 0x00000000ebe00000|  0%| F|  |TAMS 0x00000000ebd00000, 0x00000000ebd00000| Untracked 
| 190|0x00000000ebe00000, 0x00000000ebe00000, 0x00000000ebf00000|  0%| F|  |TAMS 0x00000000ebe00000, 0x00000000ebe00000| Untracked 
| 191|0x00000000ebf00000, 0x00000000ebf00000, 0x00000000ec000000|  0%| F|  |TAMS 0x00000000ebf00000, 0x00000000ebf00000| Untracked 
| 192|0x00000000ec000000, 0x00000000ec000000, 0x00000000ec100000|  0%| F|  |TAMS 0x00000000ec000000, 0x00000000ec000000| Untracked 
| 193|0x00000000ec100000, 0x00000000ec100000, 0x00000000ec200000|  0%| F|  |TAMS 0x00000000ec100000, 0x00000000ec100000| Untracked 
| 194|0x00000000ec200000, 0x00000000ec200000, 0x00000000ec300000|  0%| F|  |TAMS 0x00000000ec200000, 0x00000000ec200000| Untracked 
| 195|0x00000000ec300000, 0x00000000ec400000, 0x00000000ec400000|100%| E|  |TAMS 0x00000000ec300000, 0x00000000ec300000| Complete 
| 196|0x00000000ec400000, 0x00000000ec500000, 0x00000000ec500000|100%| E|CS|TAMS 0x00000000ec400000, 0x00000000ec400000| Complete 
| 197|0x00000000ec500000, 0x00000000ec600000, 0x00000000ec600000|100%| E|CS|TAMS 0x00000000ec500000, 0x00000000ec500000| Complete 
| 198|0x00000000ec600000, 0x00000000ec700000, 0x00000000ec700000|100%| E|CS|TAMS 0x00000000ec600000, 0x00000000ec600000| Complete 
| 199|0x00000000ec700000, 0x00000000ec800000, 0x00000000ec800000|100%| E|CS|TAMS 0x00000000ec700000, 0x00000000ec700000| Complete 
| 200|0x00000000ec800000, 0x00000000ec900000, 0x00000000ec900000|100%| E|CS|TAMS 0x00000000ec800000, 0x00000000ec800000| Complete 
| 201|0x00000000ec900000, 0x00000000eca00000, 0x00000000eca00000|100%| E|CS|TAMS 0x00000000ec900000, 0x00000000ec900000| Complete 
| 202|0x00000000eca00000, 0x00000000ecb00000, 0x00000000ecb00000|100%| E|CS|TAMS 0x00000000eca00000, 0x00000000eca00000| Complete 
| 203|0x00000000ecb00000, 0x00000000ecc00000, 0x00000000ecc00000|100%| E|CS|TAMS 0x00000000ecb00000, 0x00000000ecb00000| Complete 
| 204|0x00000000ecc00000, 0x00000000ecd00000, 0x00000000ecd00000|100%| E|CS|TAMS 0x00000000ecc00000, 0x00000000ecc00000| Complete 
| 205|0x00000000ecd00000, 0x00000000ece00000, 0x00000000ece00000|100%| E|CS|TAMS 0x00000000ecd00000, 0x00000000ecd00000| Complete 
| 206|0x00000000ece00000, 0x00000000ecf00000, 0x00000000ecf00000|100%| E|CS|TAMS 0x00000000ece00000, 0x00000000ece00000| Complete 
| 207|0x00000000ecf00000, 0x00000000ed000000, 0x00000000ed000000|100%| E|CS|TAMS 0x00000000ecf00000, 0x00000000ecf00000| Complete 
| 208|0x00000000ed000000, 0x00000000ed100000, 0x00000000ed100000|100%| E|CS|TAMS 0x00000000ed000000, 0x00000000ed000000| Complete 
| 209|0x00000000ed100000, 0x00000000ed200000, 0x00000000ed200000|100%| E|CS|TAMS 0x00000000ed100000, 0x00000000ed100000| Complete 
| 210|0x00000000ed200000, 0x00000000ed300000, 0x00000000ed300000|100%| E|CS|TAMS 0x00000000ed200000, 0x00000000ed200000| Complete 
| 211|0x00000000ed300000, 0x00000000ed400000, 0x00000000ed400000|100%| E|CS|TAMS 0x00000000ed300000, 0x00000000ed300000| Complete 
| 212|0x00000000ed400000, 0x00000000ed500000, 0x00000000ed500000|100%| E|CS|TAMS 0x00000000ed400000, 0x00000000ed400000| Complete 
| 213|0x00000000ed500000, 0x00000000ed600000, 0x00000000ed600000|100%| E|CS|TAMS 0x00000000ed500000, 0x00000000ed500000| Complete 
| 214|0x00000000ed600000, 0x00000000ed700000, 0x00000000ed700000|100%| E|CS|TAMS 0x00000000ed600000, 0x00000000ed600000| Complete 
| 215|0x00000000ed700000, 0x00000000ed800000, 0x00000000ed800000|100%| E|CS|TAMS 0x00000000ed700000, 0x00000000ed700000| Complete 
| 216|0x00000000ed800000, 0x00000000ed900000, 0x00000000ed900000|100%| E|CS|TAMS 0x00000000ed800000, 0x00000000ed800000| Complete 
| 217|0x00000000ed900000, 0x00000000eda00000, 0x00000000eda00000|100%| E|CS|TAMS 0x00000000ed900000, 0x00000000ed900000| Complete 
| 218|0x00000000eda00000, 0x00000000edb00000, 0x00000000edb00000|100%| E|CS|TAMS 0x00000000eda00000, 0x00000000eda00000| Complete 
| 219|0x00000000edb00000, 0x00000000edc00000, 0x00000000edc00000|100%| E|CS|TAMS 0x00000000edb00000, 0x00000000edb00000| Complete 
| 220|0x00000000edc00000, 0x00000000edd00000, 0x00000000edd00000|100%| E|CS|TAMS 0x00000000edc00000, 0x00000000edc00000| Complete 
| 221|0x00000000edd00000, 0x00000000ede00000, 0x00000000ede00000|100%| E|CS|TAMS 0x00000000edd00000, 0x00000000edd00000| Complete 
| 222|0x00000000ede00000, 0x00000000edf00000, 0x00000000edf00000|100%| E|CS|TAMS 0x00000000ede00000, 0x00000000ede00000| Complete 
| 223|0x00000000edf00000, 0x00000000ee000000, 0x00000000ee000000|100%| E|CS|TAMS 0x00000000edf00000, 0x00000000edf00000| Complete 
| 224|0x00000000ee000000, 0x00000000ee100000, 0x00000000ee100000|100%| E|CS|TAMS 0x00000000ee000000, 0x00000000ee000000| Complete 
| 225|0x00000000ee100000, 0x00000000ee200000, 0x00000000ee200000|100%| E|CS|TAMS 0x00000000ee100000, 0x00000000ee100000| Complete 
| 226|0x00000000ee200000, 0x00000000ee300000, 0x00000000ee300000|100%| E|CS|TAMS 0x00000000ee200000, 0x00000000ee200000| Complete 
| 227|0x00000000ee300000, 0x00000000ee400000, 0x00000000ee400000|100%| E|CS|TAMS 0x00000000ee300000, 0x00000000ee300000| Complete 
| 228|0x00000000ee400000, 0x00000000ee500000, 0x00000000ee500000|100%| E|CS|TAMS 0x00000000ee400000, 0x00000000ee400000| Complete 
| 229|0x00000000ee500000, 0x00000000ee600000, 0x00000000ee600000|100%| S|CS|TAMS 0x00000000ee500000, 0x00000000ee500000| Complete 
| 230|0x00000000ee600000, 0x00000000ee700000, 0x00000000ee700000|100%| S|CS|TAMS 0x00000000ee600000, 0x00000000ee600000| Complete 
| 231|0x00000000ee700000, 0x00000000ee800000, 0x00000000ee800000|100%| S|CS|TAMS 0x00000000ee700000, 0x00000000ee700000| Complete 
| 232|0x00000000ee800000, 0x00000000ee900000, 0x00000000ee900000|100%| E|CS|TAMS 0x00000000ee800000, 0x00000000ee800000| Complete 
| 233|0x00000000ee900000, 0x00000000eea00000, 0x00000000eea00000|100%| E|CS|TAMS 0x00000000ee900000, 0x00000000ee900000| Complete 
| 234|0x00000000eea00000, 0x00000000eeb00000, 0x00000000eeb00000|100%| E|CS|TAMS 0x00000000eea00000, 0x00000000eea00000| Complete 
| 235|0x00000000eeb00000, 0x00000000eec00000, 0x00000000eec00000|100%| E|CS|TAMS 0x00000000eeb00000, 0x00000000eeb00000| Complete 
| 236|0x00000000eec00000, 0x00000000eed00000, 0x00000000eed00000|100%| E|CS|TAMS 0x00000000eec00000, 0x00000000eec00000| Complete 
| 237|0x00000000eed00000, 0x00000000eee00000, 0x00000000eee00000|100%| E|CS|TAMS 0x00000000eed00000, 0x00000000eed00000| Complete 
| 238|0x00000000eee00000, 0x00000000eef00000, 0x00000000eef00000|100%| E|CS|TAMS 0x00000000eee00000, 0x00000000eee00000| Complete 
| 239|0x00000000eef00000, 0x00000000ef000000, 0x00000000ef000000|100%| E|CS|TAMS 0x00000000eef00000, 0x00000000eef00000| Complete 
| 240|0x00000000ef000000, 0x00000000ef100000, 0x00000000ef100000|100%| E|CS|TAMS 0x00000000ef000000, 0x00000000ef000000| Complete 
| 241|0x00000000ef100000, 0x00000000ef200000, 0x00000000ef200000|100%| E|CS|TAMS 0x00000000ef100000, 0x00000000ef100000| Complete 
| 242|0x00000000ef200000, 0x00000000ef300000, 0x00000000ef300000|100%| E|CS|TAMS 0x00000000ef200000, 0x00000000ef200000| Complete 
| 243|0x00000000ef300000, 0x00000000ef400000, 0x00000000ef400000|100%| E|CS|TAMS 0x00000000ef300000, 0x00000000ef300000| Complete 
| 244|0x00000000ef400000, 0x00000000ef500000, 0x00000000ef500000|100%| E|CS|TAMS 0x00000000ef400000, 0x00000000ef400000| Complete 
| 245|0x00000000ef500000, 0x00000000ef600000, 0x00000000ef600000|100%| E|CS|TAMS 0x00000000ef500000, 0x00000000ef500000| Complete 
| 246|0x00000000ef600000, 0x00000000ef700000, 0x00000000ef700000|100%| E|CS|TAMS 0x00000000ef600000, 0x00000000ef600000| Complete 
| 247|0x00000000ef700000, 0x00000000ef800000, 0x00000000ef800000|100%| E|CS|TAMS 0x00000000ef700000, 0x00000000ef700000| Complete 
| 248|0x00000000ef800000, 0x00000000ef900000, 0x00000000ef900000|100%| E|CS|TAMS 0x00000000ef800000, 0x00000000ef800000| Complete 
| 249|0x00000000ef900000, 0x00000000efa00000, 0x00000000efa00000|100%| E|CS|TAMS 0x00000000ef900000, 0x00000000ef900000| Complete 
| 250|0x00000000efa00000, 0x00000000efb00000, 0x00000000efb00000|100%| E|CS|TAMS 0x00000000efa00000, 0x00000000efa00000| Complete 
| 251|0x00000000efb00000, 0x00000000efc00000, 0x00000000efc00000|100%| E|CS|TAMS 0x00000000efb00000, 0x00000000efb00000| Complete 
| 252|0x00000000efc00000, 0x00000000efd00000, 0x00000000efd00000|100%| E|CS|TAMS 0x00000000efc00000, 0x00000000efc00000| Complete 
| 253|0x00000000efd00000, 0x00000000efe00000, 0x00000000efe00000|100%| E|CS|TAMS 0x00000000efd00000, 0x00000000efd00000| Complete 
| 254|0x00000000efe00000, 0x00000000eff00000, 0x00000000eff00000|100%| E|CS|TAMS 0x00000000efe00000, 0x00000000efe00000| Complete 
| 255|0x00000000eff00000, 0x00000000f0000000, 0x00000000f0000000|100%| E|CS|TAMS 0x00000000eff00000, 0x00000000eff00000| Complete 

Card table byte_map: [0x000001e863900000,0x000001e863a00000] _byte_map_base: 0x000001e863200000

Marking Bits (Prev, Next): (CMBitMap*) 0x000001e84c0e9fa8, (CMBitMap*) 0x000001e84c0e9fe0
 Prev Bits: [0x000001e863b00000, 0x000001e864300000)
 Next Bits: [0x000001e864300000, 0x000001e864b00000)

Polling page: 0x000001e849ea0000

Metaspace:

Usage:
  Non-class:     13.85 MB capacity,    13.67 MB ( 99%) used,   166.81 KB (  1%) free+waste,    19.88 KB ( <1%) overhead. 
      Class:      1.52 MB capacity,     1.45 MB ( 96%) used,    57.54 KB (  4%) free+waste,     8.31 KB ( <1%) overhead. 
       Both:     15.37 MB capacity,    15.12 MB ( 98%) used,   224.35 KB (  1%) free+waste,    28.19 KB ( <1%) overhead. 

Virtual space:
  Non-class space:       14.00 MB reserved,      14.00 MB (100%) committed 
      Class space:        1.00 GB reserved,       1.63 MB ( <1%) committed 
             Both:        1.01 GB reserved,      15.63 MB (  2%) committed 

Chunk freelists:
   Non-Class:  3.00 KB
       Class:  2.00 KB
        Both:  5.00 KB

CodeHeap 'non-profiled nmethods': size=120000Kb used=1119Kb max_used=1119Kb free=118880Kb
 bounds [0x000001e85bf90000, 0x000001e85c200000, 0x000001e8634c0000]
CodeHeap 'profiled nmethods': size=120000Kb used=9927Kb max_used=9927Kb free=110072Kb
 bounds [0x000001e854a60000, 0x000001e855420000, 0x000001e85bf90000]
CodeHeap 'non-nmethods': size=5760Kb used=1107Kb max_used=1182Kb free=4652Kb
 bounds [0x000001e8544c0000, 0x000001e854730000, 0x000001e854a60000]
 total_blobs=2088 nmethods=1666 adapters=334
 compilation: enabled
              stopped_count=0, restarted_count=0
 full_count=0

Compilation events (10 events):
Event: 1.262 Thread 0x000001e867e26000 1610   !   3       java.util.zip.Inflater::needsInput (55 bytes)
Event: 1.262 Thread 0x000001e867e26000 nmethod 1610 0x000001e8553c3b10 code [0x000001e8553c3ce0, 0x000001e8553c4198]
Event: 1.262 Thread 0x000001e867e26000 1611       3       java.lang.StringCoding$Result::with (12 bytes)
Event: 1.262 Thread 0x000001e867e26000 nmethod 1611 0x000001e8553c4310 code [0x000001e8553c44c0, 0x000001e8553c4678]
Event: 1.264 Thread 0x000001e867fb2000 nmethod 1592 0x000001e85c092210 code [0x000001e85c0923e0, 0x000001e85c092738]
Event: 1.264 Thread 0x000001e867fb2000 1571       4       org.jetbrains.coverage.org.objectweb.asm.MethodVisitor::visitInsn (16 bytes)
Event: 1.264 Thread 0x000001e867fb2000 nmethod 1571 0x000001e85c092c90 code [0x000001e85c092e20, 0x000001e85c092ee8]
Event: 1.264 Thread 0x000001e867fb2000 1591       4       org.jacoco.agent.rt.internal_28bab1d.asm.commons.AnalyzerAdapter::visitVarInsn (109 bytes)
Event: 1.265 Thread 0x000001e867e26000 1613       3       java.lang.ClassLoader::definePackage (84 bytes)
Event: 1.267 Thread 0x000001e867e26000 nmethod 1613 0x000001e8553c4710 code [0x000001e8553c4a60, 0x000001e8553c6330]

GC Heap History (2 events):
Event: 0.446 GC heap before
{Heap before GC invocations=0 (full 0):
 garbage-first heap   total 262144K, used 23552K [0x00000000e0000000, 0x0000000100000000)
  region size 1024K, 24 young (24576K), 0 survivors (0K)
 Metaspace       used 10302K, capacity 10413K, committed 10496K, reserved 1058816K
  class space    used 897K, capacity 955K, committed 1024K, reserved 1048576K
}
Event: 0.449 GC heap after
{Heap after GC invocations=1 (full 0):
 garbage-first heap   total 262144K, used 5997K [0x00000000e0000000, 0x0000000100000000)
  region size 1024K, 3 young (3072K), 3 survivors (3072K)
 Metaspace       used 10302K, capacity 10413K, committed 10496K, reserved 1058816K
  class space    used 897K, capacity 955K, committed 1024K, reserved 1048576K
}

Deoptimization events (10 events):
Event: 0.747 Thread 0x000001e84c0c3000 Uncommon trap: reason=bimorphic_or_optimized_type_check action=maybe_recompile pc=0x000001e85bf98e14 method=java.util.AbstractCollection.isEmpty()Z @ 1 c2
Event: 0.747 Thread 0x000001e84c0c3000 Uncommon trap: reason=bimorphic_or_optimized_type_check action=maybe_recompile pc=0x000001e85bf98e14 method=java.util.AbstractCollection.isEmpty()Z @ 1 c2
Event: 0.747 Thread 0x000001e84c0c3000 Uncommon trap: reason=bimorphic_or_optimized_type_check action=maybe_recompile pc=0x000001e85bf98e14 method=java.util.AbstractCollection.isEmpty()Z @ 1 c2
Event: 0.748 Thread 0x000001e84c0c3000 Uncommon trap: reason=bimorphic_or_optimized_type_check action=maybe_recompile pc=0x000001e85bf98e14 method=java.util.AbstractCollection.isEmpty()Z @ 1 c2
Event: 0.816 Thread 0x000001e84c0c3000 Uncommon trap: reason=unstable_if action=reinterpret pc=0x000001e85bfc3160 method=java.lang.String.startsWith(Ljava/lang/String;I)Z @ 1 c2
Event: 0.817 Thread 0x000001e84c0c3000 Uncommon trap: reason=unstable_if action=reinterpret pc=0x000001e85bf9dbfc method=java.util.HashMap.putVal(ILjava/lang/Object;Ljava/lang/Object;ZZ)Ljava/lang/Object; @ 181 c2
Event: 0.843 Thread 0x000001e84c0c3000 Uncommon trap: reason=unstable_if action=reinterpret pc=0x000001e85c01a9d8 method=org.jetbrains.coverage.org.objectweb.asm.Frame.merge(Lorg/jetbrains/coverage/org/objectweb/asm/SymbolTable;I[II)Z @ 287 c2
Event: 0.889 Thread 0x000001e84c0c3000 Uncommon trap: reason=unstable_if action=reinterpret pc=0x000001e85c033400 method=org.jacoco.agent.rt.internal_28bab1d.asm.commons.AnalyzerAdapter.execute(IILjava/lang/String;)V @ 53 c2
Event: 0.951 Thread 0x000001e84c0c3000 Uncommon trap: reason=unstable_if action=reinterpret pc=0x000001e85c02c214 method=java.util.HashMap.getNode(ILjava/lang/Object;)Ljava/util/HashMap$Node; @ 129 c2
Event: 1.256 Thread 0x000001e86e432000 Uncommon trap: reason=unstable_if action=reinterpret pc=0x000001e85c0653e0 method=org.jetbrains.coverage.org.objectweb.asm.Frame.execute(IILorg/jetbrains/coverage/org/objectweb/asm/Symbol;Lorg/jetbrains/coverage/org/objectweb/asm/SymbolTable;)V @ 2039 c2

Classes redefined (0 events):
No events

Internal exceptions (7 events):
Event: 0.276 Thread 0x000001e84c0c3000 Exception <a 'java/lang/NoSuchMethodError'{0x00000000ef144908}: java.lang.invoke.DirectMethodHandle$Holder.invokeSpecialIFC(Ljava/lang/Object;Ljava/lang/Object;I)I> (0x00000000ef144908) thrown at [./open/src/hotspot/share/interpreter/linkResolver.cpp, lin
Event: 0.834 Thread 0x000001e84c0c3000 Exception <a 'java/lang/NoSuchMethodError'{0x00000000ee420e30}: static Lorg/gradle/api/internal/tasks/testing/junitplatform/JUnitPlatformTestFramework$JUnitPlatformTestClassProcessorFactory;.<clinit>()V> (0x00000000ee420e30) thrown at [./open/src/hotspot/
Event: 0.835 Thread 0x000001e84c0c3000 Exception <a 'java/lang/NoSuchMethodError'{0x00000000ee42ab48}: static Lorg/gradle/api/internal/tasks/testing/junit/AbstractJUnitSpec;.<clinit>()V> (0x00000000ee42ab48) thrown at [./open/src/hotspot/share/prims/jni.cpp, line 1362]
Event: 0.836 Thread 0x000001e84c0c3000 Exception <a 'java/lang/NoSuchMethodError'{0x00000000ee434d08}: static Lorg/gradle/api/internal/tasks/testing/junitplatform/JUnitPlatformSpec;.<clinit>()V> (0x00000000ee434d08) thrown at [./open/src/hotspot/share/prims/jni.cpp, line 1362]
Event: 0.991 Thread 0x000001e84c0c3000 Exception <a 'java/lang/NoSuchMethodError'{0x00000000ed878138}: java.lang.invoke.DirectMethodHandle$Holder.invokeVirtual(Ljava/lang/Object;Ljava/lang/Object;Ljava/lang/Object;Ljava/lang/Object;Ljava/lang/Object;)Ljava/lang/Object;> (0x00000000ed878138) th
Event: 1.087 Thread 0x000001e84c0c3000 Exception <a 'java/lang/NoSuchMethodError'{0x00000000ed1f8320}: java.lang.invoke.DirectMethodHandle$Holder.invokeStaticInit(Ljava/lang/Object;IIII)Ljava/lang/Object;> (0x00000000ed1f8320) thrown at [./open/src/hotspot/share/interpreter/linkResolver.cpp, l
Event: 1.206 Thread 0x000001e84c0c3000 Exception <a 'java/lang/NoSuchMethodError'{0x00000000ed0b1400}: java.lang.invoke.DirectMethodHandle$Holder.invokeStaticInit(Ljava/lang/Object;Ljava/lang/Object;IIII)Ljava/lang/Object;> (0x00000000ed0b1400) thrown at [./open/src/hotspot/share/interpreter/l

Events (10 events):
Event: 1.262 Executing VM operation: RevokeBias
Event: 1.262 Executing VM operation: RevokeBias done
Event: 1.262 Executing VM operation: RevokeBias
Event: 1.262 Executing VM operation: RevokeBias done
Event: 1.262 Executing VM operation: RevokeBias
Event: 1.262 Executing VM operation: RevokeBias done
Event: 1.264 loading class org/gradle/api/internal/tasks/testing/JULRedirector
Event: 1.264 loading class org/gradle/api/internal/tasks/testing/JULRedirector done
Event: 1.265 loading class org/gradle/api/internal/tasks/testing/processors/DefaultStandardOutputRedirector
Event: 1.265 loading class org/gradle/api/internal/tasks/testing/processors/DefaultStandardOutputRedirector done


Dynamic libraries:
0x00007ff6968c0000 - 0x00007ff6968cf000 	C:\Program Files\Java\jdk-11.0.8\bin\java.exe
0x00007ffae3700000 - 0x00007ffae38f0000 	C:\WINDOWS\SYSTEM32\ntdll.dll
0x00007ffae2c60000 - 0x00007ffae2d12000 	C:\WINDOWS\System32\KERNEL32.DLL
0x00007ffae06f0000 - 0x00007ffae0995000 	C:\WINDOWS\System32\KERNELBASE.dll
0x00007ffae1390000 - 0x00007ffae148a000 	C:\WINDOWS\System32\ucrtbase.dll
0x00007ffad1900000 - 0x00007ffad1918000 	C:\Program Files\Java\jdk-11.0.8\bin\jli.dll
0x00007ffad18a0000 - 0x00007ffad18b5000 	C:\Program Files\Java\jdk-11.0.8\bin\VCRUNTIME140.dll
0x00007ffae3080000 - 0x00007ffae3123000 	C:\WINDOWS\System32\ADVAPI32.dll
0x00007ffae2930000 - 0x00007ffae29ce000 	C:\WINDOWS\System32\msvcrt.dll
0x00007ffae1ab0000 - 0x00007ffae1b47000 	C:\WINDOWS\System32\sechost.dll
0x00007ffae3130000 - 0x00007ffae3250000 	C:\WINDOWS\System32\RPCRT4.dll
0x00007ffae17b0000 - 0x00007ffae1945000 	C:\WINDOWS\System32\USER32.dll
0x00007ffae1600000 - 0x00007ffae1621000 	C:\WINDOWS\System32\win32u.dll
0x00007ffadfa10000 - 0x00007ffadfc94000 	C:\WINDOWS\WinSxS\amd64_microsoft.windows.common-controls_6595b64144ccf1df_6.0.18362.1082_none_9e8193e1e45b25c1\COMCTL32.dll
0x00007ffae2880000 - 0x00007ffae28a6000 	C:\WINDOWS\System32\GDI32.dll
0x00007ffae11f0000 - 0x00007ffae1386000 	C:\WINDOWS\System32\gdi32full.dll
0x00007ffae3380000 - 0x00007ffae36b5000 	C:\WINDOWS\System32\combase.dll
0x00007ffae14e0000 - 0x00007ffae157e000 	C:\WINDOWS\System32\msvcp_win.dll
0x00007ffae1580000 - 0x00007ffae1600000 	C:\WINDOWS\System32\bcryptPrimitives.dll
0x00007ffad7c80000 - 0x00007ffad7c8a000 	C:\WINDOWS\SYSTEM32\VERSION.dll
0x00007ffae2310000 - 0x00007ffae233e000 	C:\WINDOWS\System32\IMM32.DLL
0x00007ffac48b0000 - 0x00007ffac494b000 	C:\Program Files\Java\jdk-11.0.8\bin\msvcp140.dll
0x00007ffa7e550000 - 0x00007ffa7f036000 	C:\Program Files\Java\jdk-11.0.8\bin\server\jvm.dll
0x00007ffae2d20000 - 0x00007ffae2d28000 	C:\WINDOWS\System32\PSAPI.DLL
0x00007ffaddb30000 - 0x00007ffaddb54000 	C:\WINDOWS\SYSTEM32\WINMM.dll
0x00007ffacf930000 - 0x00007ffacf939000 	C:\WINDOWS\SYSTEM32\WSOCK32.dll
0x00007ffae2d30000 - 0x00007ffae2d9f000 	C:\WINDOWS\System32\WS2_32.dll
0x00007ffaddb00000 - 0x00007ffaddb2d000 	C:\WINDOWS\SYSTEM32\WINMMBASE.dll
0x00007ffae1490000 - 0x00007ffae14da000 	C:\WINDOWS\System32\cfgmgr32.dll
0x00007ffae05d0000 - 0x00007ffae05e1000 	C:\WINDOWS\System32\kernel.appcore.dll
0x00007ffad1980000 - 0x00007ffad1990000 	C:\Program Files\Java\jdk-11.0.8\bin\verify.dll
0x00007ffae00d0000 - 0x00007ffae02c4000 	C:\WINDOWS\SYSTEM32\DBGHELP.DLL
0x00007ffadfd40000 - 0x00007ffadfd6a000 	C:\WINDOWS\SYSTEM32\dbgcore.DLL
0x00007ffac4880000 - 0x00007ffac48a8000 	C:\Program Files\Java\jdk-11.0.8\bin\java.dll
0x00007ffad1890000 - 0x00007ffad189a000 	C:\Program Files\Java\jdk-11.0.8\bin\jimage.dll
0x00007ffac6890000 - 0x00007ffac689e000 	C:\Program Files\Java\jdk-11.0.8\bin\instrument.dll
0x00007ffac4860000 - 0x00007ffac4876000 	C:\Program Files\Java\jdk-11.0.8\bin\zip.dll
0x00007ffae1c20000 - 0x00007ffae2307000 	C:\WINDOWS\System32\SHELL32.dll
0x00007ffae32d0000 - 0x00007ffae3379000 	C:\WINDOWS\System32\shcore.dll
0x00007ffae0a70000 - 0x00007ffae11f0000 	C:\WINDOWS\System32\windows.storage.dll
0x00007ffae0660000 - 0x00007ffae0683000 	C:\WINDOWS\System32\profapi.dll
0x00007ffae0610000 - 0x00007ffae065a000 	C:\WINDOWS\System32\powrprof.dll
0x00007ffae05c0000 - 0x00007ffae05d0000 	C:\WINDOWS\System32\UMPDC.dll
0x00007ffae2fa0000 - 0x00007ffae2ff2000 	C:\WINDOWS\System32\shlwapi.dll
0x00007ffae09a0000 - 0x00007ffae09b7000 	C:\WINDOWS\System32\cryptsp.dll
0x00007ffac4840000 - 0x00007ffac4859000 	C:\Program Files\Java\jdk-11.0.8\bin\net.dll
0x00007ffad7630000 - 0x00007ffad7720000 	C:\WINDOWS\SYSTEM32\WINHTTP.dll
0x00007ffadf7b0000 - 0x00007ffadf817000 	C:\WINDOWS\system32\mswsock.dll
0x00007ffac4820000 - 0x00007ffac4832000 	C:\Program Files\Java\jdk-11.0.8\bin\nio.dll
0x00007ffacec00000 - 0x00007ffacec16000 	C:\WINDOWS\system32\napinsp.dll
0x00007ffacebe0000 - 0x00007ffacebfa000 	C:\WINDOWS\system32\pnrpnsp.dll
0x00007ffadf4e0000 - 0x00007ffadf5ab000 	C:\WINDOWS\SYSTEM32\DNSAPI.dll
0x00007ffae2e50000 - 0x00007ffae2e58000 	C:\WINDOWS\System32\NSI.dll
0x00007ffadf4a0000 - 0x00007ffadf4da000 	C:\WINDOWS\SYSTEM32\IPHLPAPI.DLL
0x00007ffacebd0000 - 0x00007ffacebde000 	C:\WINDOWS\System32\winrnr.dll
0x00007ffadc840000 - 0x00007ffadc85c000 	C:\WINDOWS\system32\NLAapi.dll
0x00007ffacebb0000 - 0x00007ffacebc5000 	C:\WINDOWS\system32\wshbth.dll
0x00007ffad75f0000 - 0x00007ffad75fa000 	C:\Windows\System32\rasadhlp.dll
0x00007ffad7890000 - 0x00007ffad7907000 	C:\WINDOWS\System32\fwpuclnt.dll
0x00007ffae1780000 - 0x00007ffae17a6000 	C:\WINDOWS\System32\bcrypt.dll
0x00007ffadf300000 - 0x00007ffadf333000 	C:\WINDOWS\system32\rsaenh.dll
0x00007ffae04e0000 - 0x00007ffae0505000 	C:\WINDOWS\SYSTEM32\USERENV.dll
0x00007ffadf980000 - 0x00007ffadf98c000 	C:\WINDOWS\SYSTEM32\CRYPTBASE.dll
0x00007ffad7aa0000 - 0x00007ffad7ab6000 	C:\WINDOWS\SYSTEM32\dhcpcsvc6.DLL
0x00007ffad7a80000 - 0x00007ffad7a9c000 	C:\WINDOWS\SYSTEM32\dhcpcsvc.DLL

dbghelp: loaded successfully - version: 4.0.5 - missing functions: none
symbol engine: initialized successfully - sym options: 0x614 - pdb path: .;C:\Program Files\Java\jdk-11.0.8\bin;C:\WINDOWS\SYSTEM32;C:\WINDOWS\WinSxS\amd64_microsoft.windows.common-controls_6595b64144ccf1df_6.0.18362.1082_none_9e8193e1e45b25c1;C:\Program Files\Java\jdk-11.0.8\bin\server

VM Arguments:
jvm_args: -Dorg.gradle.native=false -javaagent:C:\Users\Administrator\AppData\Local\JetBrains\IntelliJIdea2020.1\testAgent\intellij-coverage-agent-1.0.508.jar=C:\Users\Administrator\AppData\Local\Temp\coverage10args -javaagent:build/tmp/expandedArchives/org.jacoco.agent-0.8.2.jar_2aca8b620b19ecd063f63feff8caaa38/jacocoagent.jar=destfile=build/jacoco/test.exec,append=true,inclnolocationclasses=false,dumponexit=true,output=file,jmx=false -Xmx512m -Dfile.encoding=UTF-8 -Duser.country=US -Duser.language=en -Duser.variant -ea 
java_command: worker.org.gradle.process.internal.worker.GradleWorkerMain 'Gradle Test Executor 16'
java_class_path (initial): C:\\Users\\Administrator\\.gradle\\caches\\5.2.1\\workerMain\\gradle-worker.jar;D:\\repo\\tp\\build\\classes\\java\\test;D:\\repo\\tp\\build\\resources\\test;D:\\repo\\tp\\build\\classes\\java\\main;D:\\repo\\tp\\build\\resources\\main;C:\\Users\\Administrator\\.gradle\\caches\\modules-2\\files-2.1\\org.openjfx\\javafx-fxml\\11\\d5ff9262ef49d166db658d15f37e3ecff38fde4b\\javafx-fxml-11-win.jar;C:\\Users\\Administrator\\.gradle\\caches\\modules-2\\files-2.1\\org.openjfx\\javafx-fxml\\11\\e0f5bb81e21054b59f2ebfa727d40a90ee0260d3\\javafx-fxml-11-mac.jar;C:\\Users\\Administrator\\.gradle\\caches\\modules-2\\files-2.1\\org.openjfx\\javafx-fxml\\11\\e7a757b580fc3e2e1a121768606c7836eef418c\\javafx-fxml-11-linux.jar;C:\\Users\\Administrator\\.gradle\\caches\\modules-2\\files-2.1\\org.openjfx\\javafx-controls\\11\\af8d24de44e16a19ae959028eb23a48c145fb682\\javafx-controls-11-win.jar;C:\\Users\\Administrator\\.gradle\\caches\\modules-2\\files-2.1\\org.openjfx\\javafx-controls\\11\\e3a24a14e8732abc6dc173f15872dc63e2a32e16\\javafx-controls-11-mac.jar;C:\\Users\\Administrator\\.gradle\\caches\\modules-2\\files-2.1\\org.openjfx\\javafx-controls\\11\\794488e3b1f4635d9a1b842bdc872a5eb8fd54ca\\javafx-controls-11-linux.jar;C:\\Users\\Administrator\\.gradle\\caches\\modules-2\\files-2.1\\org.openjfx\\javafx-controls\\11\\58d961774262ec972bf304e16c154a8e18c2050b\\javafx-controls-11.jar;C:\\Users\\Administrator\\.gradle\\caches\\modules-2\\files-2.1\\org.openjfx\\javafx-graphics\\11\\9345c7ea43dbcc73a62eca5332717b4ce617e6c6\\javafx-graphics-11-win.jar;C:\\Users\\Administrator\\.gradle\\caches\\modules-2\\files-2.1\\org.openjfx\\javafx-graphics\\11\\af47a6d3668d3ce1c61e1fe13c44471b6f8d469\\javafx-graphics-11-mac.jar;C:\\Users\\Administrator\\.gradle\\caches\\modules-2\\files-2.1\\org.openjfx\\javafx-graphics\\11\\4ab9edd8d481a420044c473fdb5718ccdd35c836\\javafx-graphics-11-linux.jar;C:\\Users\\Administrator\\.gradle\\caches\\modules-2\\files-2.1\\org.openjfx\\j
Launcher Type: SUN_STANDARD

[Global flags]
     intx CICompilerCount                          = 4                                         {product} {ergonomic}
     uint ConcGCThreads                            = 2                                         {product} {ergonomic}
     uint G1ConcRefinementThreads                  = 8                                         {product} {ergonomic}
   size_t G1HeapRegionSize                         = 1048576                                   {product} {ergonomic}
    uintx GCDrainStackTargetSize                   = 64                                        {product} {ergonomic}
   size_t InitialHeapSize                          = 268435456                                 {product} {ergonomic}
   size_t MarkStackSize                            = 4194304                                   {product} {ergonomic}
   size_t MaxHeapSize                              = 536870912                                 {product} {command line}
   size_t MaxNewSize                               = 321912832                                 {product} {ergonomic}
   size_t MinHeapDeltaBytes                        = 1048576                                   {product} {ergonomic}
    uintx NonNMethodCodeHeapSize                   = 5836300                                {pd product} {ergonomic}
    uintx NonProfiledCodeHeapSize                  = 122910970                              {pd product} {ergonomic}
    uintx ProfiledCodeHeapSize                     = 122910970                              {pd product} {ergonomic}
    uintx ReservedCodeCacheSize                    = 251658240                              {pd product} {ergonomic}
     bool SegmentedCodeCache                       = true                                      {product} {ergonomic}
     bool UseCompressedClassPointers               = true                                 {lp64_product} {ergonomic}
     bool UseCompressedOops                        = true                                 {lp64_product} {ergonomic}
     bool UseG1GC                                  = true                                      {product} {ergonomic}
     bool UseLargePagesIndividualAllocation        = false                                  {pd product} {ergonomic}

Logging:
Log output configuration:
 #0: stdout all=warning uptime,level,tags
 #1: stderr all=off uptime,level,tags

Environment Variables:
JAVA_HOME=C:\Program Files\Java\jdk-11.0.8
JRE_HOME=C:\Program Files\Java\jre1.8.0_251
PATH=C:\Program Files\Common Files\Oracle\Java\javapath;D:\Program Files\VanDyke Software\Clients\;C:\Program Files (x86)\Common Files\Intel\Shared Libraries\redist\intel64\compiler;C:\Program Files (x86)\Common Files\Oracle\Java\javapath;C:\Program Files\Java\jdk-11.0.8\bin;C:\windows\system32;C:\windows;C:\windows\System32\Wbem;C:\windows\System32\WindowsPowerShell\v1.0\;C:\windows\System32\OpenSSH\;C:\Program Files (x86)\NVIDIA Corporation\PhysX\Common;C:\Program Files\NVIDIA Corporation\NVIDIA NvDLISR;C:\Program Files (x86)\Vim\vim82;C:\WINDOWS\system32;C:\WINDOWS;C:\WINDOWS\System32\Wbem;C:\WINDOWS\System32\WindowsPowerShell\v1.0\;C:\WINDOWS\System32\OpenSSH\;D:\mysql-8.0.20-winx64\bin\;D:\apache-maven-3.3.9\bin;D:\Program Files\PuTTY\;C:\Program Files\nodejs\;C:\Program Files\Git\cmd;C:\Program Files\dotnet\;C:\Program Files\Microsoft SQL Server\130\Tools\Binn\;C:\Program Files\Microsoft SQL Server\Client SDK\ODBC\170\Tools\Binn\;C:\Users\Administrator\AppData\Local\Programs\Python\Python37\Scripts\;C:\Users\Administrator\AppData\Local\Programs\Python\Python37\;C:\Users\Administrator\AppData\Local\Microsoft\WindowsApps;D:\Program Files (x86)\Microsoft VS Code\bin;C:\Users\Administrator\AppData\Roaming\npm;C:\Program Files (x86)\SSH Communications Security\SSH Secure Shell;C:\Users\Administrator\.dotnet\tools;D:\Program Files (x86)\mingw64\bin;
USERNAME=Administrator
OS=Windows_NT
PROCESSOR_IDENTIFIER=Intel64 Family 6 Model 158 Stepping 9, GenuineIntel



---------------  S Y S T E M  ---------------

OS: Windows 10 , 64 bit Build 18362 (10.0.18362.1082)

CPU:total 8 (initial active 8) (4 cores per cpu, 2 threads per core) family 6 model 158 stepping 9, cmov, cx8, fxsr, mmx, sse, sse2, sse3, ssse3, sse4.1, sse4.2, popcnt, avx, avx2, aes, clmul, erms, rtm, 3dnowpref, lzcnt, ht, tsc, tscinvbit, bmi1, bmi2, adx, fma

Memory: 4k page, system-wide physical 16314M (7659M free)
TotalPageFile size 18407M (AvailPageFile size 3661M)
current process WorkingSet (physical memory assigned to process): 221M, peak: 221M
current process commit charge ("private bytes"): 453M, peak: 461M

vm_info: Java HotSpot(TM) 64-Bit Server VM (11.0.8+10-LTS) for windows-amd64 JRE (11.0.8+10-LTS), built on Jun 16 2020 05:53:08 by "mach5one" with unknown MS VC++:1916

END.
