#
# A fatal error has been detected by the Java Runtime Environment:
#
#  EXCEPTION_ACCESS_VIOLATION (0xc0000005) at pc=0x00007ffa7eba5710, pid=15412, tid=18268
#
# JRE version: Java(TM) SE Runtime Environment 18.9 (11.0.8+10) (build 11.0.8+10-LTS)
# Java VM: Java HotSpot(TM) 64-Bit Server VM 18.9 (11.0.8+10-LTS, mixed mode, tiered, compressed oops, g1 gc, windows-amd64)
# Problematic frame:
# V  [jvm.dll+0x655710]
#
# No core dump will be written. Minidumps are not enabled by default on client versions of Windows
#
# If you would like to submit a bug report, please visit:
#   https://bugreport.java.com/bugreport/crash.jsp
#

---------------  S U M M A R Y ------------

Command Line: -Dorg.gradle.native=false -javaagent:build/tmp/expandedArchives/org.jacoco.agent-0.8.2.jar_2aca8b620b19ecd063f63feff8caaa38/jacocoagent.jar=destfile=build/jacoco/test.exec,append=true,inclnolocationclasses=false,dumponexit=true,output=file,jmx=false -Xmx512m -Dfile.encoding=UTF-8 -Duser.country=US -Duser.language=en -Duser.variant -ea worker.org.gradle.process.internal.worker.GradleWorkerMain 'Gradle Test Executor 27'

Host: Intel(R) Core(TM) i7-7700K CPU @ 4.20GHz, 8 cores, 15G,  Windows 10 , 64 bit Build 18362 (10.0.18362.1082)
Time: Sun Oct 11 17:14:05 2020 China Standard Time elapsed time: 1 seconds (0d 0h 0m 1s)

---------------  T H R E A D  ---------------

Current thread (0x0000021321823000):  JavaThread "C2 CompilerThread0" daemon [_thread_in_native, id=18268, stack(0x0000001c35000000,0x0000001c35100000)]


Current CompileTask:
C2:   1279 2375 %     4       org.jacoco.agent.rt.internal_28bab1d.asm.SymbolTable::<init> @ 95 (773 bytes)

Stack: [0x0000001c35000000,0x0000001c35100000],  sp=0x0000001c350fb860,  free space=1006k
Native frames: (J=compiled Java code, j=interpreted, Vv=VM code, C=native code)
V  [jvm.dll+0x655710]
V  [jvm.dll+0x193190]
V  [jvm.dll+0x1fc3f2]
V  [jvm.dll+0x1fb49f]
V  [jvm.dll+0x17e0fc]
V  [jvm.dll+0x20aaa4]
V  [jvm.dll+0x208b7b]
V  [jvm.dll+0x6ff90c]
V  [jvm.dll+0x6f845c]
V  [jvm.dll+0x600d66]
C  [ucrtbase.dll+0x20e82]
C  [KERNEL32.DLL+0x17bd4]
C  [ntdll.dll+0x6ce51]


siginfo: EXCEPTION_ACCESS_VIOLATION (0xc0000005), reading address 0x0000021322f77ff8


Register to memory mapping:

RIP=0x00007ffa7eba5710 jvm.dll
RAX=0x0000000000000036 is an unknown value
RBX=0x0000001c350fe7d8 is pointing into the stack for thread: 0x0000021321823000
RCX=0x0000021323de2ec0 points into unknown readable memory: a8 7d d6 7e fa 7f 00 00
RDX=0x0000021322f78000 points into unknown readable memory: 00 1a 00 3f 00 40 00 01
RSP=0x0000001c350fb860 is pointing into the stack for thread: 0x0000021321823000
RBP=0x0000001c350fb960 is pointing into the stack for thread: 0x0000021321823000
RSI=0x0 is NULL
RDI=0x0000021322837870 points into unknown readable memory: a8 7d d6 7e fa 7f 00 00
R8 =0x00000213230fca18 points into unknown readable memory: 78 e6 1c 22 13 02 00 00
R9 =0x0000021323e9ba18 points into unknown readable memory: 00 00 00 00 00 00 00 00
R10=0x0000021323e9bc18 points into unknown readable memory: f0 b4 39 23 13 02 00 00
R11=0x0000000000000017 is an unknown value
R12=0x00007ffa7eef9fb0 jvm.dll
R13=0x0000021323e9b9b8 points into unknown readable memory: a8 7d d6 7e fa 7f 00 00
R14=0x0000021322a618d8 points into unknown readable memory: 55 54 55 05 01 00 01 00
R15=0x0000000000000001 is an unknown value


Registers:
RAX=0x0000000000000036, RBX=0x0000001c350fe7d8, RCX=0x0000021323de2ec0, RDX=0x0000021322f78000
RSP=0x0000001c350fb860, RBP=0x0000001c350fb960, RSI=0x0000000000000000, RDI=0x0000021322837870
R8 =0x00000213230fca18, R9 =0x0000021323e9ba18, R10=0x0000021323e9bc18, R11=0x0000000000000017
R12=0x00007ffa7eef9fb0, R13=0x0000021323e9b9b8, R14=0x0000021322a618d8, R15=0x0000000000000001
RIP=0x00007ffa7eba5710, EFLAGS=0x0000000000010216

Top of Stack: (sp=0x0000001c350fb860)
0x0000001c350fb860:   0000001c350fe7d8 0000001c350fe7d8
0x0000001c350fb870:   0000000000000000 00000213228377d0
0x0000001c350fb880:   0000021300002afe 0000021300000002
0x0000001c350fb890:   0000021300002aad 0000001c350fba01
0x0000001c350fb8a0:   0000021300000001 0000001c350fbb70
0x0000001c350fb8b0:   0000000000000011 0000000000000400
0x0000001c350fb8c0:   000000020000000c 000002132339b550
0x0000001c350fb8d0:   00000017000028ec 0000000000000000
0x0000001c350fb8e0:   0000001c00000002 0000021327bda3f0
0x0000001c350fb8f0:   000002132420b600 000004fd00000000
0x0000001c350fb900:   000002132420b6c0 00000213243416f0
0x0000001c350fb910:   0000021323e9b9b8 0000299100000000
0x0000001c350fb920:   0000001c350fbe10 0000001c00000013
0x0000001c350fb930:   0000021326e7ac90 000002132433af70
0x0000001c350fb940:   000002132433e330 00000000000021b9
0x0000001c350fb950:   0000000100000001 0000021326787c70 

Instructions: (pc=0x00007ffa7eba5710)
0x00007ffa7eba56f0:   8b 0c f9 48 85 c9 74 2e 4c 8b 41 10 4d 85 c0 74
0x00007ffa7eba5700:   25 8b 41 20 49 8d 14 c0 0f 1f 84 00 00 00 00 00
0x00007ffa7eba5710:   4c 39 6a f8 48 8d 52 f8 75 f6 ff c8 89 41 20 49
0x00007ffa7eba5720:   8b 0c c0 48 89 0a 4b 89 3c f9 48 85 ff 74 29 48 


Stack slot to memory mapping:
stack at sp + 0 slots: 0x0000001c350fe7d8 is pointing into the stack for thread: 0x0000021321823000
stack at sp + 1 slots: 0x0000001c350fe7d8 is pointing into the stack for thread: 0x0000021321823000
stack at sp + 2 slots: 0x0 is NULL
stack at sp + 3 slots: 0x00000213228377d0 points into unknown readable memory: a8 7d d6 7e fa 7f 00 00
stack at sp + 4 slots: 0x0000021300002afe is an unknown value
stack at sp + 5 slots: 0x0000021300000002 is an unknown value
stack at sp + 6 slots: 0x0000021300002aad is an unknown value
stack at sp + 7 slots: 0x0000001c350fba01 is pointing into the stack for thread: 0x0000021321823000


---------------  P R O C E S S  ---------------

Threads class SMR info:
_java_thread_list=0x0000021324507650, length=16, elements={
0x0000021305ae6000, 0x0000021320f8b800, 0x00000213217b8800, 0x000002132181f000,
0x0000021321820000, 0x0000021321823000, 0x0000021321826800, 0x000002132182e000,
0x0000021321931800, 0x00000213219d6800, 0x0000021321aba000, 0x000002132360a000,
0x00000213246fc800, 0x0000021322bac800, 0x00000213245c7000, 0x00000213255c7000
}

Java Threads: ( => current thread )
  0x0000021305ae6000 JavaThread "main" [_thread_blocked, id=16848, stack(0x0000001c34500000,0x0000001c34600000)]
  0x0000021320f8b800 JavaThread "Reference Handler" daemon [_thread_blocked, id=8092, stack(0x0000001c34c00000,0x0000001c34d00000)]
  0x00000213217b8800 JavaThread "Finalizer" daemon [_thread_blocked, id=14376, stack(0x0000001c34d00000,0x0000001c34e00000)]
  0x000002132181f000 JavaThread "Signal Dispatcher" daemon [_thread_blocked, id=14240, stack(0x0000001c34e00000,0x0000001c34f00000)]
  0x0000021321820000 JavaThread "Attach Listener" daemon [_thread_blocked, id=13784, stack(0x0000001c34f00000,0x0000001c35000000)]
=>0x0000021321823000 JavaThread "C2 CompilerThread0" daemon [_thread_in_native, id=18268, stack(0x0000001c35000000,0x0000001c35100000)]
  0x0000021321826800 JavaThread "C1 CompilerThread0" daemon [_thread_blocked, id=18000, stack(0x0000001c35100000,0x0000001c35200000)]
  0x000002132182e000 JavaThread "Sweeper thread" daemon [_thread_blocked, id=16376, stack(0x0000001c35200000,0x0000001c35300000)]
  0x0000021321931800 JavaThread "Common-Cleaner" daemon [_thread_blocked, id=18820, stack(0x0000001c35300000,0x0000001c35400000)]
  0x00000213219d6800 JavaThread "C2 CompilerThread1" daemon [_thread_in_native, id=7800, stack(0x0000001c35400000,0x0000001c35500000)]
  0x0000021321aba000 JavaThread "Service Thread" daemon [_thread_blocked, id=18848, stack(0x0000001c35500000,0x0000001c35600000)]
  0x000002132360a000 JavaThread "C2 CompilerThread2" daemon [_thread_in_native, id=12420, stack(0x0000001c35c00000,0x0000001c35d00000)]
  0x00000213246fc800 JavaThread "Test worker" [_thread_in_Java, id=7492, stack(0x0000001c35e00000,0x0000001c35f00000)]
  0x0000021322bac800 JavaThread "/127.0.0.1:52719 to /127.0.0.1:52718 workers Thread 2" [_thread_blocked, id=9136, stack(0x0000001c35f00000,0x0000001c36000000)]
  0x00000213245c7000 JavaThread "/127.0.0.1:52719 to /127.0.0.1:52718 workers Thread 3" [_thread_in_native, id=18340, stack(0x0000001c36000000,0x0000001c36100000)]
  0x00000213255c7000 JavaThread "QuantumRenderer-0" daemon [_thread_blocked, id=6572, stack(0x0000001c36100000,0x0000001c36200000)]

Other Threads:
  0x0000021320f87800 VMThread "VM Thread" [stack: 0x0000001c34b00000,0x0000001c34c00000] [id=16124]
  0x0000021321e09000 WatcherThread [stack: 0x0000001c35600000,0x0000001c35700000] [id=8096]
  0x0000021305afb800 GCTaskThread "GC Thread#0" [stack: 0x0000001c34600000,0x0000001c34700000] [id=19932]
  0x0000021322dcf800 GCTaskThread "GC Thread#1" [stack: 0x0000001c35700000,0x0000001c35800000] [id=9192]
  0x0000021322f20800 GCTaskThread "GC Thread#2" [stack: 0x0000001c35800000,0x0000001c35900000] [id=17148]
  0x0000021322c48800 GCTaskThread "GC Thread#3" [stack: 0x0000001c35900000,0x0000001c35a00000] [id=13376]
  0x0000021322c49000 GCTaskThread "GC Thread#4" [stack: 0x0000001c35a00000,0x0000001c35b00000] [id=3272]
  0x00000213222d3800 GCTaskThread "GC Thread#5" [stack: 0x0000001c35b00000,0x0000001c35c00000] [id=7424]
  0x0000021305b0e000 ConcurrentGCThread "G1 Main Marker" [stack: 0x0000001c34700000,0x0000001c34800000] [id=20140]
  0x0000021305b0f800 ConcurrentGCThread "G1 Conc#0" [stack: 0x0000001c34800000,0x0000001c34900000] [id=15900]
  0x0000021320dec800 ConcurrentGCThread "G1 Refine#0" [stack: 0x0000001c34900000,0x0000001c34a00000] [id=1780]
  0x0000021320ded000 ConcurrentGCThread "G1 Young RemSet Sampling" [stack: 0x0000001c34a00000,0x0000001c34b00000] [id=8920]

Threads with active compile tasks:
C2 CompilerThread0   1402 2375 %     4       org.jacoco.agent.rt.internal_28bab1d.asm.SymbolTable::<init> @ 95 (773 bytes)
C2 CompilerThread1   1402 2641 %     4       org.jacoco.agent.rt.internal_28bab1d.asm.ClassReader::readCode @ 2165 (5071 bytes)
C2 CompilerThread2   1402 2467       4       org.junit.platform.commons.util.AnnotationUtils::findRepeatableAnnotations (269 bytes)

VM state:not at safepoint (normal execution)

VM Mutex/Monitor currently owned by a thread: None

Heap address: 0x00000000e0000000, size: 512 MB, Compressed Oops mode: 32-bit
Narrow klass base: 0x0000000000000000, Narrow klass shift: 3
Compressed class space size: 1073741824 Address: 0x0000000100000000

Heap:
 garbage-first heap   total 262144K, used 150943K [0x00000000e0000000, 0x0000000100000000)
  region size 1024K, 147 young (150528K), 3 survivors (3072K)
 Metaspace       used 20006K, capacity 20704K, committed 20864K, reserved 1067008K
  class space    used 2123K, capacity 2402K, committed 2432K, reserved 1048576K
Heap Regions: E=young(eden), S=young(survivor), O=old, HS=humongous(starts), HC=humongous(continues), CS=collection set, F=free, A=archive, TAMS=top-at-mark-start (previous, next)
|   0|0x00000000e0000000, 0x00000000e0100000, 0x00000000e0100000|100%| O|  |TAMS 0x00000000e0000000, 0x00000000e0000000| Untracked 
|   1|0x00000000e0100000, 0x00000000e0167e00, 0x00000000e0200000| 40%| O|  |TAMS 0x00000000e0100000, 0x00000000e0100000| Untracked 
|   2|0x00000000e0200000, 0x00000000e0200000, 0x00000000e0300000|  0%| F|  |TAMS 0x00000000e0200000, 0x00000000e0200000| Untracked 
|   3|0x00000000e0300000, 0x00000000e0300000, 0x00000000e0400000|  0%| F|  |TAMS 0x00000000e0300000, 0x00000000e0300000| Untracked 
|   4|0x00000000e0400000, 0x00000000e0400000, 0x00000000e0500000|  0%| F|  |TAMS 0x00000000e0400000, 0x00000000e0400000| Untracked 
|   5|0x00000000e0500000, 0x00000000e0500000, 0x00000000e0600000|  0%| F|  |TAMS 0x00000000e0500000, 0x00000000e0500000| Untracked 
|   6|0x00000000e0600000, 0x00000000e0600000, 0x00000000e0700000|  0%| F|  |TAMS 0x00000000e0600000, 0x00000000e0600000| Untracked 
|   7|0x00000000e0700000, 0x00000000e0700000, 0x00000000e0800000|  0%| F|  |TAMS 0x00000000e0700000, 0x00000000e0700000| Untracked 
|   8|0x00000000e0800000, 0x00000000e0800000, 0x00000000e0900000|  0%| F|  |TAMS 0x00000000e0800000, 0x00000000e0800000| Untracked 
|   9|0x00000000e0900000, 0x00000000e0900000, 0x00000000e0a00000|  0%| F|  |TAMS 0x00000000e0900000, 0x00000000e0900000| Untracked 
|  10|0x00000000e0a00000, 0x00000000e0a00000, 0x00000000e0b00000|  0%| F|  |TAMS 0x00000000e0a00000, 0x00000000e0a00000| Untracked 
|  11|0x00000000e0b00000, 0x00000000e0b00000, 0x00000000e0c00000|  0%| F|  |TAMS 0x00000000e0b00000, 0x00000000e0b00000| Untracked 
|  12|0x00000000e0c00000, 0x00000000e0c00000, 0x00000000e0d00000|  0%| F|  |TAMS 0x00000000e0c00000, 0x00000000e0c00000| Untracked 
|  13|0x00000000e0d00000, 0x00000000e0d00000, 0x00000000e0e00000|  0%| F|  |TAMS 0x00000000e0d00000, 0x00000000e0d00000| Untracked 
|  14|0x00000000e0e00000, 0x00000000e0e00000, 0x00000000e0f00000|  0%| F|  |TAMS 0x00000000e0e00000, 0x00000000e0e00000| Untracked 
|  15|0x00000000e0f00000, 0x00000000e0f00000, 0x00000000e1000000|  0%| F|  |TAMS 0x00000000e0f00000, 0x00000000e0f00000| Untracked 
|  16|0x00000000e1000000, 0x00000000e1000000, 0x00000000e1100000|  0%| F|  |TAMS 0x00000000e1000000, 0x00000000e1000000| Untracked 
|  17|0x00000000e1100000, 0x00000000e1100000, 0x00000000e1200000|  0%| F|  |TAMS 0x00000000e1100000, 0x00000000e1100000| Untracked 
|  18|0x00000000e1200000, 0x00000000e1200000, 0x00000000e1300000|  0%| F|  |TAMS 0x00000000e1200000, 0x00000000e1200000| Untracked 
|  19|0x00000000e1300000, 0x00000000e1300000, 0x00000000e1400000|  0%| F|  |TAMS 0x00000000e1300000, 0x00000000e1300000| Untracked 
|  20|0x00000000e1400000, 0x00000000e1400000, 0x00000000e1500000|  0%| F|  |TAMS 0x00000000e1400000, 0x00000000e1400000| Untracked 
|  21|0x00000000e1500000, 0x00000000e1500000, 0x00000000e1600000|  0%| F|  |TAMS 0x00000000e1500000, 0x00000000e1500000| Untracked 
|  22|0x00000000e1600000, 0x00000000e1600000, 0x00000000e1700000|  0%| F|  |TAMS 0x00000000e1600000, 0x00000000e1600000| Untracked 
|  23|0x00000000e1700000, 0x00000000e1700000, 0x00000000e1800000|  0%| F|  |TAMS 0x00000000e1700000, 0x00000000e1700000| Untracked 
|  24|0x00000000e1800000, 0x00000000e1800000, 0x00000000e1900000|  0%| F|  |TAMS 0x00000000e1800000, 0x00000000e1800000| Untracked 
|  25|0x00000000e1900000, 0x00000000e1900000, 0x00000000e1a00000|  0%| F|  |TAMS 0x00000000e1900000, 0x00000000e1900000| Untracked 
|  26|0x00000000e1a00000, 0x00000000e1a00000, 0x00000000e1b00000|  0%| F|  |TAMS 0x00000000e1a00000, 0x00000000e1a00000| Untracked 
|  27|0x00000000e1b00000, 0x00000000e1b00000, 0x00000000e1c00000|  0%| F|  |TAMS 0x00000000e1b00000, 0x00000000e1b00000| Untracked 
|  28|0x00000000e1c00000, 0x00000000e1c00000, 0x00000000e1d00000|  0%| F|  |TAMS 0x00000000e1c00000, 0x00000000e1c00000| Untracked 
|  29|0x00000000e1d00000, 0x00000000e1d00000, 0x00000000e1e00000|  0%| F|  |TAMS 0x00000000e1d00000, 0x00000000e1d00000| Untracked 
|  30|0x00000000e1e00000, 0x00000000e1e00000, 0x00000000e1f00000|  0%| F|  |TAMS 0x00000000e1e00000, 0x00000000e1e00000| Untracked 
|  31|0x00000000e1f00000, 0x00000000e1f00000, 0x00000000e2000000|  0%| F|  |TAMS 0x00000000e1f00000, 0x00000000e1f00000| Untracked 
|  32|0x00000000e2000000, 0x00000000e2000000, 0x00000000e2100000|  0%| F|  |TAMS 0x00000000e2000000, 0x00000000e2000000| Untracked 
|  33|0x00000000e2100000, 0x00000000e2100000, 0x00000000e2200000|  0%| F|  |TAMS 0x00000000e2100000, 0x00000000e2100000| Untracked 
|  34|0x00000000e2200000, 0x00000000e2200000, 0x00000000e2300000|  0%| F|  |TAMS 0x00000000e2200000, 0x00000000e2200000| Untracked 
|  35|0x00000000e2300000, 0x00000000e2300000, 0x00000000e2400000|  0%| F|  |TAMS 0x00000000e2300000, 0x00000000e2300000| Untracked 
|  36|0x00000000e2400000, 0x00000000e2400000, 0x00000000e2500000|  0%| F|  |TAMS 0x00000000e2400000, 0x00000000e2400000| Untracked 
|  37|0x00000000e2500000, 0x00000000e2500000, 0x00000000e2600000|  0%| F|  |TAMS 0x00000000e2500000, 0x00000000e2500000| Untracked 
|  38|0x00000000e2600000, 0x00000000e2600000, 0x00000000e2700000|  0%| F|  |TAMS 0x00000000e2600000, 0x00000000e2600000| Untracked 
|  39|0x00000000e2700000, 0x00000000e2700000, 0x00000000e2800000|  0%| F|  |TAMS 0x00000000e2700000, 0x00000000e2700000| Untracked 
|  40|0x00000000e2800000, 0x00000000e2800000, 0x00000000e2900000|  0%| F|  |TAMS 0x00000000e2800000, 0x00000000e2800000| Untracked 
|  41|0x00000000e2900000, 0x00000000e2900000, 0x00000000e2a00000|  0%| F|  |TAMS 0x00000000e2900000, 0x00000000e2900000| Untracked 
|  42|0x00000000e2a00000, 0x00000000e2a00000, 0x00000000e2b00000|  0%| F|  |TAMS 0x00000000e2a00000, 0x00000000e2a00000| Untracked 
|  43|0x00000000e2b00000, 0x00000000e2b00000, 0x00000000e2c00000|  0%| F|  |TAMS 0x00000000e2b00000, 0x00000000e2b00000| Untracked 
|  44|0x00000000e2c00000, 0x00000000e2c00000, 0x00000000e2d00000|  0%| F|  |TAMS 0x00000000e2c00000, 0x00000000e2c00000| Untracked 
|  45|0x00000000e2d00000, 0x00000000e2d00000, 0x00000000e2e00000|  0%| F|  |TAMS 0x00000000e2d00000, 0x00000000e2d00000| Untracked 
|  46|0x00000000e2e00000, 0x00000000e2e00000, 0x00000000e2f00000|  0%| F|  |TAMS 0x00000000e2e00000, 0x00000000e2e00000| Untracked 
|  47|0x00000000e2f00000, 0x00000000e2f00000, 0x00000000e3000000|  0%| F|  |TAMS 0x00000000e2f00000, 0x00000000e2f00000| Untracked 
|  48|0x00000000e3000000, 0x00000000e3000000, 0x00000000e3100000|  0%| F|  |TAMS 0x00000000e3000000, 0x00000000e3000000| Untracked 
|  49|0x00000000e3100000, 0x00000000e3100000, 0x00000000e3200000|  0%| F|  |TAMS 0x00000000e3100000, 0x00000000e3100000| Untracked 
|  50|0x00000000e3200000, 0x00000000e3200000, 0x00000000e3300000|  0%| F|  |TAMS 0x00000000e3200000, 0x00000000e3200000| Untracked 
|  51|0x00000000e3300000, 0x00000000e3300000, 0x00000000e3400000|  0%| F|  |TAMS 0x00000000e3300000, 0x00000000e3300000| Untracked 
|  52|0x00000000e3400000, 0x00000000e3400000, 0x00000000e3500000|  0%| F|  |TAMS 0x00000000e3400000, 0x00000000e3400000| Untracked 
|  53|0x00000000e3500000, 0x00000000e3500000, 0x00000000e3600000|  0%| F|  |TAMS 0x00000000e3500000, 0x00000000e3500000| Untracked 
|  54|0x00000000e3600000, 0x00000000e3600000, 0x00000000e3700000|  0%| F|  |TAMS 0x00000000e3600000, 0x00000000e3600000| Untracked 
|  55|0x00000000e3700000, 0x00000000e3700000, 0x00000000e3800000|  0%| F|  |TAMS 0x00000000e3700000, 0x00000000e3700000| Untracked 
|  56|0x00000000e3800000, 0x00000000e3800000, 0x00000000e3900000|  0%| F|  |TAMS 0x00000000e3800000, 0x00000000e3800000| Untracked 
|  57|0x00000000e3900000, 0x00000000e3900000, 0x00000000e3a00000|  0%| F|  |TAMS 0x00000000e3900000, 0x00000000e3900000| Untracked 
|  58|0x00000000e3a00000, 0x00000000e3a00000, 0x00000000e3b00000|  0%| F|  |TAMS 0x00000000e3a00000, 0x00000000e3a00000| Untracked 
|  59|0x00000000e3b00000, 0x00000000e3b00000, 0x00000000e3c00000|  0%| F|  |TAMS 0x00000000e3b00000, 0x00000000e3b00000| Untracked 
|  60|0x00000000e3c00000, 0x00000000e3c00000, 0x00000000e3d00000|  0%| F|  |TAMS 0x00000000e3c00000, 0x00000000e3c00000| Untracked 
|  61|0x00000000e3d00000, 0x00000000e3d00000, 0x00000000e3e00000|  0%| F|  |TAMS 0x00000000e3d00000, 0x00000000e3d00000| Untracked 
|  62|0x00000000e3e00000, 0x00000000e3e00000, 0x00000000e3f00000|  0%| F|  |TAMS 0x00000000e3e00000, 0x00000000e3e00000| Untracked 
|  63|0x00000000e3f00000, 0x00000000e3f00000, 0x00000000e4000000|  0%| F|  |TAMS 0x00000000e3f00000, 0x00000000e3f00000| Untracked 
|  64|0x00000000e4000000, 0x00000000e4000000, 0x00000000e4100000|  0%| F|  |TAMS 0x00000000e4000000, 0x00000000e4000000| Untracked 
|  65|0x00000000e4100000, 0x00000000e4100000, 0x00000000e4200000|  0%| F|  |TAMS 0x00000000e4100000, 0x00000000e4100000| Untracked 
|  66|0x00000000e4200000, 0x00000000e4200000, 0x00000000e4300000|  0%| F|  |TAMS 0x00000000e4200000, 0x00000000e4200000| Untracked 
|  67|0x00000000e4300000, 0x00000000e4300000, 0x00000000e4400000|  0%| F|  |TAMS 0x00000000e4300000, 0x00000000e4300000| Untracked 
|  68|0x00000000e4400000, 0x00000000e4400000, 0x00000000e4500000|  0%| F|  |TAMS 0x00000000e4400000, 0x00000000e4400000| Untracked 
|  69|0x00000000e4500000, 0x00000000e4500000, 0x00000000e4600000|  0%| F|  |TAMS 0x00000000e4500000, 0x00000000e4500000| Untracked 
|  70|0x00000000e4600000, 0x00000000e4600000, 0x00000000e4700000|  0%| F|  |TAMS 0x00000000e4600000, 0x00000000e4600000| Untracked 
|  71|0x00000000e4700000, 0x00000000e4700000, 0x00000000e4800000|  0%| F|  |TAMS 0x00000000e4700000, 0x00000000e4700000| Untracked 
|  72|0x00000000e4800000, 0x00000000e4800000, 0x00000000e4900000|  0%| F|  |TAMS 0x00000000e4800000, 0x00000000e4800000| Untracked 
|  73|0x00000000e4900000, 0x00000000e4900000, 0x00000000e4a00000|  0%| F|  |TAMS 0x00000000e4900000, 0x00000000e4900000| Untracked 
|  74|0x00000000e4a00000, 0x00000000e4a00000, 0x00000000e4b00000|  0%| F|  |TAMS 0x00000000e4a00000, 0x00000000e4a00000| Untracked 
|  75|0x00000000e4b00000, 0x00000000e4b00000, 0x00000000e4c00000|  0%| F|  |TAMS 0x00000000e4b00000, 0x00000000e4b00000| Untracked 
|  76|0x00000000e4c00000, 0x00000000e4c00000, 0x00000000e4d00000|  0%| F|  |TAMS 0x00000000e4c00000, 0x00000000e4c00000| Untracked 
|  77|0x00000000e4d00000, 0x00000000e4d00000, 0x00000000e4e00000|  0%| F|  |TAMS 0x00000000e4d00000, 0x00000000e4d00000| Untracked 
|  78|0x00000000e4e00000, 0x00000000e4e00000, 0x00000000e4f00000|  0%| F|  |TAMS 0x00000000e4e00000, 0x00000000e4e00000| Untracked 
|  79|0x00000000e4f00000, 0x00000000e4f00000, 0x00000000e5000000|  0%| F|  |TAMS 0x00000000e4f00000, 0x00000000e4f00000| Untracked 
|  80|0x00000000e5000000, 0x00000000e5000000, 0x00000000e5100000|  0%| F|  |TAMS 0x00000000e5000000, 0x00000000e5000000| Untracked 
|  81|0x00000000e5100000, 0x00000000e5100000, 0x00000000e5200000|  0%| F|  |TAMS 0x00000000e5100000, 0x00000000e5100000| Untracked 
|  82|0x00000000e5200000, 0x00000000e5200000, 0x00000000e5300000|  0%| F|  |TAMS 0x00000000e5200000, 0x00000000e5200000| Untracked 
|  83|0x00000000e5300000, 0x00000000e5300000, 0x00000000e5400000|  0%| F|  |TAMS 0x00000000e5300000, 0x00000000e5300000| Untracked 
|  84|0x00000000e5400000, 0x00000000e5400000, 0x00000000e5500000|  0%| F|  |TAMS 0x00000000e5400000, 0x00000000e5400000| Untracked 
|  85|0x00000000e5500000, 0x00000000e5500000, 0x00000000e5600000|  0%| F|  |TAMS 0x00000000e5500000, 0x00000000e5500000| Untracked 
|  86|0x00000000e5600000, 0x00000000e5600000, 0x00000000e5700000|  0%| F|  |TAMS 0x00000000e5600000, 0x00000000e5600000| Untracked 
|  87|0x00000000e5700000, 0x00000000e5700000, 0x00000000e5800000|  0%| F|  |TAMS 0x00000000e5700000, 0x00000000e5700000| Untracked 
|  88|0x00000000e5800000, 0x00000000e5800000, 0x00000000e5900000|  0%| F|  |TAMS 0x00000000e5800000, 0x00000000e5800000| Untracked 
|  89|0x00000000e5900000, 0x00000000e5900000, 0x00000000e5a00000|  0%| F|  |TAMS 0x00000000e5900000, 0x00000000e5900000| Untracked 
|  90|0x00000000e5a00000, 0x00000000e5a00000, 0x00000000e5b00000|  0%| F|  |TAMS 0x00000000e5a00000, 0x00000000e5a00000| Untracked 
|  91|0x00000000e5b00000, 0x00000000e5b00000, 0x00000000e5c00000|  0%| F|  |TAMS 0x00000000e5b00000, 0x00000000e5b00000| Untracked 
|  92|0x00000000e5c00000, 0x00000000e5c00000, 0x00000000e5d00000|  0%| F|  |TAMS 0x00000000e5c00000, 0x00000000e5c00000| Untracked 
|  93|0x00000000e5d00000, 0x00000000e5d00000, 0x00000000e5e00000|  0%| F|  |TAMS 0x00000000e5d00000, 0x00000000e5d00000| Untracked 
|  94|0x00000000e5e00000, 0x00000000e5e00000, 0x00000000e5f00000|  0%| F|  |TAMS 0x00000000e5e00000, 0x00000000e5e00000| Untracked 
|  95|0x00000000e5f00000, 0x00000000e5f00000, 0x00000000e6000000|  0%| F|  |TAMS 0x00000000e5f00000, 0x00000000e5f00000| Untracked 
|  96|0x00000000e6000000, 0x00000000e6000000, 0x00000000e6100000|  0%| F|  |TAMS 0x00000000e6000000, 0x00000000e6000000| Untracked 
|  97|0x00000000e6100000, 0x00000000e6100000, 0x00000000e6200000|  0%| F|  |TAMS 0x00000000e6100000, 0x00000000e6100000| Untracked 
|  98|0x00000000e6200000, 0x00000000e6200000, 0x00000000e6300000|  0%| F|  |TAMS 0x00000000e6200000, 0x00000000e6200000| Untracked 
|  99|0x00000000e6300000, 0x00000000e6300000, 0x00000000e6400000|  0%| F|  |TAMS 0x00000000e6300000, 0x00000000e6300000| Untracked 
| 100|0x00000000e6400000, 0x00000000e6400000, 0x00000000e6500000|  0%| F|  |TAMS 0x00000000e6400000, 0x00000000e6400000| Untracked 
| 101|0x00000000e6500000, 0x00000000e6500000, 0x00000000e6600000|  0%| F|  |TAMS 0x00000000e6500000, 0x00000000e6500000| Untracked 
| 102|0x00000000e6600000, 0x00000000e6600000, 0x00000000e6700000|  0%| F|  |TAMS 0x00000000e6600000, 0x00000000e6600000| Untracked 
| 103|0x00000000e6700000, 0x00000000e6700000, 0x00000000e6800000|  0%| F|  |TAMS 0x00000000e6700000, 0x00000000e6700000| Untracked 
| 104|0x00000000e6800000, 0x00000000e6800000, 0x00000000e6900000|  0%| F|  |TAMS 0x00000000e6800000, 0x00000000e6800000| Untracked 
| 105|0x00000000e6900000, 0x00000000e6900000, 0x00000000e6a00000|  0%| F|  |TAMS 0x00000000e6900000, 0x00000000e6900000| Untracked 
| 106|0x00000000e6a00000, 0x00000000e6a00000, 0x00000000e6b00000|  0%| F|  |TAMS 0x00000000e6a00000, 0x00000000e6a00000| Untracked 
| 107|0x00000000e6b00000, 0x00000000e6b00000, 0x00000000e6c00000|  0%| F|  |TAMS 0x00000000e6b00000, 0x00000000e6b00000| Untracked 
| 108|0x00000000e6c00000, 0x00000000e6c00000, 0x00000000e6d00000|  0%| F|  |TAMS 0x00000000e6c00000, 0x00000000e6c00000| Untracked 
| 109|0x00000000e6d00000, 0x00000000e6e00000, 0x00000000e6e00000|100%| E|  |TAMS 0x00000000e6d00000, 0x00000000e6d00000| Complete 
| 110|0x00000000e6e00000, 0x00000000e6f00000, 0x00000000e6f00000|100%| E|CS|TAMS 0x00000000e6e00000, 0x00000000e6e00000| Complete 
| 111|0x00000000e6f00000, 0x00000000e7000000, 0x00000000e7000000|100%| E|CS|TAMS 0x00000000e6f00000, 0x00000000e6f00000| Complete 
| 112|0x00000000e7000000, 0x00000000e7100000, 0x00000000e7100000|100%| E|CS|TAMS 0x00000000e7000000, 0x00000000e7000000| Complete 
| 113|0x00000000e7100000, 0x00000000e7200000, 0x00000000e7200000|100%| E|CS|TAMS 0x00000000e7100000, 0x00000000e7100000| Complete 
| 114|0x00000000e7200000, 0x00000000e7300000, 0x00000000e7300000|100%| E|CS|TAMS 0x00000000e7200000, 0x00000000e7200000| Complete 
| 115|0x00000000e7300000, 0x00000000e7400000, 0x00000000e7400000|100%| E|CS|TAMS 0x00000000e7300000, 0x00000000e7300000| Complete 
| 116|0x00000000e7400000, 0x00000000e7500000, 0x00000000e7500000|100%| E|CS|TAMS 0x00000000e7400000, 0x00000000e7400000| Complete 
| 117|0x00000000e7500000, 0x00000000e7600000, 0x00000000e7600000|100%| E|CS|TAMS 0x00000000e7500000, 0x00000000e7500000| Complete 
| 118|0x00000000e7600000, 0x00000000e7700000, 0x00000000e7700000|100%| E|CS|TAMS 0x00000000e7600000, 0x00000000e7600000| Complete 
| 119|0x00000000e7700000, 0x00000000e7800000, 0x00000000e7800000|100%| E|CS|TAMS 0x00000000e7700000, 0x00000000e7700000| Complete 
| 120|0x00000000e7800000, 0x00000000e7900000, 0x00000000e7900000|100%| E|CS|TAMS 0x00000000e7800000, 0x00000000e7800000| Complete 
| 121|0x00000000e7900000, 0x00000000e7a00000, 0x00000000e7a00000|100%| E|CS|TAMS 0x00000000e7900000, 0x00000000e7900000| Complete 
| 122|0x00000000e7a00000, 0x00000000e7b00000, 0x00000000e7b00000|100%| E|CS|TAMS 0x00000000e7a00000, 0x00000000e7a00000| Complete 
| 123|0x00000000e7b00000, 0x00000000e7c00000, 0x00000000e7c00000|100%| E|CS|TAMS 0x00000000e7b00000, 0x00000000e7b00000| Complete 
| 124|0x00000000e7c00000, 0x00000000e7d00000, 0x00000000e7d00000|100%| E|CS|TAMS 0x00000000e7c00000, 0x00000000e7c00000| Complete 
| 125|0x00000000e7d00000, 0x00000000e7e00000, 0x00000000e7e00000|100%| E|CS|TAMS 0x00000000e7d00000, 0x00000000e7d00000| Complete 
| 126|0x00000000e7e00000, 0x00000000e7f00000, 0x00000000e7f00000|100%| E|CS|TAMS 0x00000000e7e00000, 0x00000000e7e00000| Complete 
| 127|0x00000000e7f00000, 0x00000000e8000000, 0x00000000e8000000|100%| E|CS|TAMS 0x00000000e7f00000, 0x00000000e7f00000| Complete 
| 128|0x00000000e8000000, 0x00000000e8100000, 0x00000000e8100000|100%| E|CS|TAMS 0x00000000e8000000, 0x00000000e8000000| Complete 
| 129|0x00000000e8100000, 0x00000000e8200000, 0x00000000e8200000|100%| E|CS|TAMS 0x00000000e8100000, 0x00000000e8100000| Complete 
| 130|0x00000000e8200000, 0x00000000e8300000, 0x00000000e8300000|100%| E|CS|TAMS 0x00000000e8200000, 0x00000000e8200000| Complete 
| 131|0x00000000e8300000, 0x00000000e8400000, 0x00000000e8400000|100%| E|CS|TAMS 0x00000000e8300000, 0x00000000e8300000| Complete 
| 132|0x00000000e8400000, 0x00000000e8500000, 0x00000000e8500000|100%| E|CS|TAMS 0x00000000e8400000, 0x00000000e8400000| Complete 
| 133|0x00000000e8500000, 0x00000000e8600000, 0x00000000e8600000|100%| E|CS|TAMS 0x00000000e8500000, 0x00000000e8500000| Complete 
| 134|0x00000000e8600000, 0x00000000e8700000, 0x00000000e8700000|100%| E|CS|TAMS 0x00000000e8600000, 0x00000000e8600000| Complete 
| 135|0x00000000e8700000, 0x00000000e8800000, 0x00000000e8800000|100%| E|CS|TAMS 0x00000000e8700000, 0x00000000e8700000| Complete 
| 136|0x00000000e8800000, 0x00000000e8900000, 0x00000000e8900000|100%| E|CS|TAMS 0x00000000e8800000, 0x00000000e8800000| Complete 
| 137|0x00000000e8900000, 0x00000000e8a00000, 0x00000000e8a00000|100%| E|CS|TAMS 0x00000000e8900000, 0x00000000e8900000| Complete 
| 138|0x00000000e8a00000, 0x00000000e8b00000, 0x00000000e8b00000|100%| E|CS|TAMS 0x00000000e8a00000, 0x00000000e8a00000| Complete 
| 139|0x00000000e8b00000, 0x00000000e8c00000, 0x00000000e8c00000|100%| E|CS|TAMS 0x00000000e8b00000, 0x00000000e8b00000| Complete 
| 140|0x00000000e8c00000, 0x00000000e8d00000, 0x00000000e8d00000|100%| E|CS|TAMS 0x00000000e8c00000, 0x00000000e8c00000| Complete 
| 141|0x00000000e8d00000, 0x00000000e8e00000, 0x00000000e8e00000|100%| E|CS|TAMS 0x00000000e8d00000, 0x00000000e8d00000| Complete 
| 142|0x00000000e8e00000, 0x00000000e8f00000, 0x00000000e8f00000|100%| E|CS|TAMS 0x00000000e8e00000, 0x00000000e8e00000| Complete 
| 143|0x00000000e8f00000, 0x00000000e9000000, 0x00000000e9000000|100%| E|CS|TAMS 0x00000000e8f00000, 0x00000000e8f00000| Complete 
| 144|0x00000000e9000000, 0x00000000e9100000, 0x00000000e9100000|100%| E|CS|TAMS 0x00000000e9000000, 0x00000000e9000000| Complete 
| 145|0x00000000e9100000, 0x00000000e9200000, 0x00000000e9200000|100%| E|CS|TAMS 0x00000000e9100000, 0x00000000e9100000| Complete 
| 146|0x00000000e9200000, 0x00000000e9300000, 0x00000000e9300000|100%| E|CS|TAMS 0x00000000e9200000, 0x00000000e9200000| Complete 
| 147|0x00000000e9300000, 0x00000000e9400000, 0x00000000e9400000|100%| E|CS|TAMS 0x00000000e9300000, 0x00000000e9300000| Complete 
| 148|0x00000000e9400000, 0x00000000e9500000, 0x00000000e9500000|100%| E|CS|TAMS 0x00000000e9400000, 0x00000000e9400000| Complete 
| 149|0x00000000e9500000, 0x00000000e9600000, 0x00000000e9600000|100%| E|CS|TAMS 0x00000000e9500000, 0x00000000e9500000| Complete 
| 150|0x00000000e9600000, 0x00000000e9700000, 0x00000000e9700000|100%| E|CS|TAMS 0x00000000e9600000, 0x00000000e9600000| Complete 
| 151|0x00000000e9700000, 0x00000000e9800000, 0x00000000e9800000|100%| E|CS|TAMS 0x00000000e9700000, 0x00000000e9700000| Complete 
| 152|0x00000000e9800000, 0x00000000e9900000, 0x00000000e9900000|100%| E|CS|TAMS 0x00000000e9800000, 0x00000000e9800000| Complete 
| 153|0x00000000e9900000, 0x00000000e9a00000, 0x00000000e9a00000|100%| E|CS|TAMS 0x00000000e9900000, 0x00000000e9900000| Complete 
| 154|0x00000000e9a00000, 0x00000000e9b00000, 0x00000000e9b00000|100%| E|CS|TAMS 0x00000000e9a00000, 0x00000000e9a00000| Complete 
| 155|0x00000000e9b00000, 0x00000000e9c00000, 0x00000000e9c00000|100%| E|CS|TAMS 0x00000000e9b00000, 0x00000000e9b00000| Complete 
| 156|0x00000000e9c00000, 0x00000000e9d00000, 0x00000000e9d00000|100%| E|CS|TAMS 0x00000000e9c00000, 0x00000000e9c00000| Complete 
| 157|0x00000000e9d00000, 0x00000000e9e00000, 0x00000000e9e00000|100%| E|CS|TAMS 0x00000000e9d00000, 0x00000000e9d00000| Complete 
| 158|0x00000000e9e00000, 0x00000000e9f00000, 0x00000000e9f00000|100%| E|CS|TAMS 0x00000000e9e00000, 0x00000000e9e00000| Complete 
| 159|0x00000000e9f00000, 0x00000000ea000000, 0x00000000ea000000|100%| E|CS|TAMS 0x00000000e9f00000, 0x00000000e9f00000| Complete 
| 160|0x00000000ea000000, 0x00000000ea100000, 0x00000000ea100000|100%| E|CS|TAMS 0x00000000ea000000, 0x00000000ea000000| Complete 
| 161|0x00000000ea100000, 0x00000000ea200000, 0x00000000ea200000|100%| E|CS|TAMS 0x00000000ea100000, 0x00000000ea100000| Complete 
| 162|0x00000000ea200000, 0x00000000ea300000, 0x00000000ea300000|100%| E|CS|TAMS 0x00000000ea200000, 0x00000000ea200000| Complete 
| 163|0x00000000ea300000, 0x00000000ea400000, 0x00000000ea400000|100%| E|CS|TAMS 0x00000000ea300000, 0x00000000ea300000| Complete 
| 164|0x00000000ea400000, 0x00000000ea500000, 0x00000000ea500000|100%| E|CS|TAMS 0x00000000ea400000, 0x00000000ea400000| Complete 
| 165|0x00000000ea500000, 0x00000000ea600000, 0x00000000ea600000|100%| E|CS|TAMS 0x00000000ea500000, 0x00000000ea500000| Complete 
| 166|0x00000000ea600000, 0x00000000ea700000, 0x00000000ea700000|100%| E|CS|TAMS 0x00000000ea600000, 0x00000000ea600000| Complete 
| 167|0x00000000ea700000, 0x00000000ea800000, 0x00000000ea800000|100%| E|CS|TAMS 0x00000000ea700000, 0x00000000ea700000| Complete 
| 168|0x00000000ea800000, 0x00000000ea900000, 0x00000000ea900000|100%| E|CS|TAMS 0x00000000ea800000, 0x00000000ea800000| Complete 
| 169|0x00000000ea900000, 0x00000000eaa00000, 0x00000000eaa00000|100%| E|CS|TAMS 0x00000000ea900000, 0x00000000ea900000| Complete 
| 170|0x00000000eaa00000, 0x00000000eab00000, 0x00000000eab00000|100%| E|CS|TAMS 0x00000000eaa00000, 0x00000000eaa00000| Complete 
| 171|0x00000000eab00000, 0x00000000eac00000, 0x00000000eac00000|100%| E|CS|TAMS 0x00000000eab00000, 0x00000000eab00000| Complete 
| 172|0x00000000eac00000, 0x00000000ead00000, 0x00000000ead00000|100%| E|CS|TAMS 0x00000000eac00000, 0x00000000eac00000| Complete 
| 173|0x00000000ead00000, 0x00000000eae00000, 0x00000000eae00000|100%| E|CS|TAMS 0x00000000ead00000, 0x00000000ead00000| Complete 
| 174|0x00000000eae00000, 0x00000000eaf00000, 0x00000000eaf00000|100%| E|CS|TAMS 0x00000000eae00000, 0x00000000eae00000| Complete 
| 175|0x00000000eaf00000, 0x00000000eb000000, 0x00000000eb000000|100%| E|CS|TAMS 0x00000000eaf00000, 0x00000000eaf00000| Complete 
| 176|0x00000000eb000000, 0x00000000eb100000, 0x00000000eb100000|100%| E|CS|TAMS 0x00000000eb000000, 0x00000000eb000000| Complete 
| 177|0x00000000eb100000, 0x00000000eb200000, 0x00000000eb200000|100%| E|CS|TAMS 0x00000000eb100000, 0x00000000eb100000| Complete 
| 178|0x00000000eb200000, 0x00000000eb300000, 0x00000000eb300000|100%| E|CS|TAMS 0x00000000eb200000, 0x00000000eb200000| Complete 
| 179|0x00000000eb300000, 0x00000000eb400000, 0x00000000eb400000|100%| E|CS|TAMS 0x00000000eb300000, 0x00000000eb300000| Complete 
| 180|0x00000000eb400000, 0x00000000eb500000, 0x00000000eb500000|100%| E|CS|TAMS 0x00000000eb400000, 0x00000000eb400000| Complete 
| 181|0x00000000eb500000, 0x00000000eb600000, 0x00000000eb600000|100%| E|CS|TAMS 0x00000000eb500000, 0x00000000eb500000| Complete 
| 182|0x00000000eb600000, 0x00000000eb700000, 0x00000000eb700000|100%| E|CS|TAMS 0x00000000eb600000, 0x00000000eb600000| Complete 
| 183|0x00000000eb700000, 0x00000000eb800000, 0x00000000eb800000|100%| E|CS|TAMS 0x00000000eb700000, 0x00000000eb700000| Complete 
| 184|0x00000000eb800000, 0x00000000eb900000, 0x00000000eb900000|100%| E|CS|TAMS 0x00000000eb800000, 0x00000000eb800000| Complete 
| 185|0x00000000eb900000, 0x00000000eba00000, 0x00000000eba00000|100%| E|CS|TAMS 0x00000000eb900000, 0x00000000eb900000| Complete 
| 186|0x00000000eba00000, 0x00000000ebb00000, 0x00000000ebb00000|100%| E|CS|TAMS 0x00000000eba00000, 0x00000000eba00000| Complete 
| 187|0x00000000ebb00000, 0x00000000ebc00000, 0x00000000ebc00000|100%| E|CS|TAMS 0x00000000ebb00000, 0x00000000ebb00000| Complete 
| 188|0x00000000ebc00000, 0x00000000ebd00000, 0x00000000ebd00000|100%| E|CS|TAMS 0x00000000ebc00000, 0x00000000ebc00000| Complete 
| 189|0x00000000ebd00000, 0x00000000ebe00000, 0x00000000ebe00000|100%| E|CS|TAMS 0x00000000ebd00000, 0x00000000ebd00000| Complete 
| 190|0x00000000ebe00000, 0x00000000ebf00000, 0x00000000ebf00000|100%| E|CS|TAMS 0x00000000ebe00000, 0x00000000ebe00000| Complete 
| 191|0x00000000ebf00000, 0x00000000ec000000, 0x00000000ec000000|100%| E|CS|TAMS 0x00000000ebf00000, 0x00000000ebf00000| Complete 
| 192|0x00000000ec000000, 0x00000000ec100000, 0x00000000ec100000|100%| E|CS|TAMS 0x00000000ec000000, 0x00000000ec000000| Complete 
| 193|0x00000000ec100000, 0x00000000ec200000, 0x00000000ec200000|100%| E|CS|TAMS 0x00000000ec100000, 0x00000000ec100000| Complete 
| 194|0x00000000ec200000, 0x00000000ec300000, 0x00000000ec300000|100%| E|CS|TAMS 0x00000000ec200000, 0x00000000ec200000| Complete 
| 195|0x00000000ec300000, 0x00000000ec400000, 0x00000000ec400000|100%| E|CS|TAMS 0x00000000ec300000, 0x00000000ec300000| Complete 
| 196|0x00000000ec400000, 0x00000000ec500000, 0x00000000ec500000|100%| E|CS|TAMS 0x00000000ec400000, 0x00000000ec400000| Complete 
| 197|0x00000000ec500000, 0x00000000ec600000, 0x00000000ec600000|100%| E|CS|TAMS 0x00000000ec500000, 0x00000000ec500000| Complete 
| 198|0x00000000ec600000, 0x00000000ec700000, 0x00000000ec700000|100%| E|CS|TAMS 0x00000000ec600000, 0x00000000ec600000| Complete 
| 199|0x00000000ec700000, 0x00000000ec800000, 0x00000000ec800000|100%| E|CS|TAMS 0x00000000ec700000, 0x00000000ec700000| Complete 
| 200|0x00000000ec800000, 0x00000000ec900000, 0x00000000ec900000|100%| E|CS|TAMS 0x00000000ec800000, 0x00000000ec800000| Complete 
| 201|0x00000000ec900000, 0x00000000eca00000, 0x00000000eca00000|100%| E|CS|TAMS 0x00000000ec900000, 0x00000000ec900000| Complete 
| 202|0x00000000eca00000, 0x00000000ecb00000, 0x00000000ecb00000|100%| E|CS|TAMS 0x00000000eca00000, 0x00000000eca00000| Complete 
| 203|0x00000000ecb00000, 0x00000000ecc00000, 0x00000000ecc00000|100%| E|CS|TAMS 0x00000000ecb00000, 0x00000000ecb00000| Complete 
| 204|0x00000000ecc00000, 0x00000000ecd00000, 0x00000000ecd00000|100%| E|CS|TAMS 0x00000000ecc00000, 0x00000000ecc00000| Complete 
| 205|0x00000000ecd00000, 0x00000000ece00000, 0x00000000ece00000|100%| E|CS|TAMS 0x00000000ecd00000, 0x00000000ecd00000| Complete 
| 206|0x00000000ece00000, 0x00000000ecf00000, 0x00000000ecf00000|100%| E|CS|TAMS 0x00000000ece00000, 0x00000000ece00000| Complete 
| 207|0x00000000ecf00000, 0x00000000ed000000, 0x00000000ed000000|100%| E|CS|TAMS 0x00000000ecf00000, 0x00000000ecf00000| Complete 
| 208|0x00000000ed000000, 0x00000000ed100000, 0x00000000ed100000|100%| E|CS|TAMS 0x00000000ed000000, 0x00000000ed000000| Complete 
| 209|0x00000000ed100000, 0x00000000ed200000, 0x00000000ed200000|100%| E|CS|TAMS 0x00000000ed100000, 0x00000000ed100000| Complete 
| 210|0x00000000ed200000, 0x00000000ed300000, 0x00000000ed300000|100%| E|CS|TAMS 0x00000000ed200000, 0x00000000ed200000| Complete 
| 211|0x00000000ed300000, 0x00000000ed400000, 0x00000000ed400000|100%| E|CS|TAMS 0x00000000ed300000, 0x00000000ed300000| Complete 
| 212|0x00000000ed400000, 0x00000000ed500000, 0x00000000ed500000|100%| E|CS|TAMS 0x00000000ed400000, 0x00000000ed400000| Complete 
| 213|0x00000000ed500000, 0x00000000ed600000, 0x00000000ed600000|100%| E|CS|TAMS 0x00000000ed500000, 0x00000000ed500000| Complete 
| 214|0x00000000ed600000, 0x00000000ed700000, 0x00000000ed700000|100%| E|CS|TAMS 0x00000000ed600000, 0x00000000ed600000| Complete 
| 215|0x00000000ed700000, 0x00000000ed800000, 0x00000000ed800000|100%| E|CS|TAMS 0x00000000ed700000, 0x00000000ed700000| Complete 
| 216|0x00000000ed800000, 0x00000000ed900000, 0x00000000ed900000|100%| E|CS|TAMS 0x00000000ed800000, 0x00000000ed800000| Complete 
| 217|0x00000000ed900000, 0x00000000eda00000, 0x00000000eda00000|100%| E|CS|TAMS 0x00000000ed900000, 0x00000000ed900000| Complete 
| 218|0x00000000eda00000, 0x00000000edb00000, 0x00000000edb00000|100%| E|CS|TAMS 0x00000000eda00000, 0x00000000eda00000| Complete 
| 219|0x00000000edb00000, 0x00000000edc00000, 0x00000000edc00000|100%| E|CS|TAMS 0x00000000edb00000, 0x00000000edb00000| Complete 
| 220|0x00000000edc00000, 0x00000000edd00000, 0x00000000edd00000|100%| E|CS|TAMS 0x00000000edc00000, 0x00000000edc00000| Complete 
| 221|0x00000000edd00000, 0x00000000ede00000, 0x00000000ede00000|100%| E|CS|TAMS 0x00000000edd00000, 0x00000000edd00000| Complete 
| 222|0x00000000ede00000, 0x00000000edf00000, 0x00000000edf00000|100%| E|CS|TAMS 0x00000000ede00000, 0x00000000ede00000| Complete 
| 223|0x00000000edf00000, 0x00000000ee000000, 0x00000000ee000000|100%| E|CS|TAMS 0x00000000edf00000, 0x00000000edf00000| Complete 
| 224|0x00000000ee000000, 0x00000000ee100000, 0x00000000ee100000|100%| E|CS|TAMS 0x00000000ee000000, 0x00000000ee000000| Complete 
| 225|0x00000000ee100000, 0x00000000ee200000, 0x00000000ee200000|100%| E|CS|TAMS 0x00000000ee100000, 0x00000000ee100000| Complete 
| 226|0x00000000ee200000, 0x00000000ee300000, 0x00000000ee300000|100%| E|CS|TAMS 0x00000000ee200000, 0x00000000ee200000| Complete 
| 227|0x00000000ee300000, 0x00000000ee400000, 0x00000000ee400000|100%| E|CS|TAMS 0x00000000ee300000, 0x00000000ee300000| Complete 
| 228|0x00000000ee400000, 0x00000000ee500000, 0x00000000ee500000|100%| E|CS|TAMS 0x00000000ee400000, 0x00000000ee400000| Complete 
| 229|0x00000000ee500000, 0x00000000ee600000, 0x00000000ee600000|100%| S|CS|TAMS 0x00000000ee500000, 0x00000000ee500000| Complete 
| 230|0x00000000ee600000, 0x00000000ee700000, 0x00000000ee700000|100%| S|CS|TAMS 0x00000000ee600000, 0x00000000ee600000| Complete 
| 231|0x00000000ee700000, 0x00000000ee800000, 0x00000000ee800000|100%| S|CS|TAMS 0x00000000ee700000, 0x00000000ee700000| Complete 
| 232|0x00000000ee800000, 0x00000000ee900000, 0x00000000ee900000|100%| E|CS|TAMS 0x00000000ee800000, 0x00000000ee800000| Complete 
| 233|0x00000000ee900000, 0x00000000eea00000, 0x00000000eea00000|100%| E|CS|TAMS 0x00000000ee900000, 0x00000000ee900000| Complete 
| 234|0x00000000eea00000, 0x00000000eeb00000, 0x00000000eeb00000|100%| E|CS|TAMS 0x00000000eea00000, 0x00000000eea00000| Complete 
| 235|0x00000000eeb00000, 0x00000000eec00000, 0x00000000eec00000|100%| E|CS|TAMS 0x00000000eeb00000, 0x00000000eeb00000| Complete 
| 236|0x00000000eec00000, 0x00000000eed00000, 0x00000000eed00000|100%| E|CS|TAMS 0x00000000eec00000, 0x00000000eec00000| Complete 
| 237|0x00000000eed00000, 0x00000000eee00000, 0x00000000eee00000|100%| E|CS|TAMS 0x00000000eed00000, 0x00000000eed00000| Complete 
| 238|0x00000000eee00000, 0x00000000eef00000, 0x00000000eef00000|100%| E|CS|TAMS 0x00000000eee00000, 0x00000000eee00000| Complete 
| 239|0x00000000eef00000, 0x00000000ef000000, 0x00000000ef000000|100%| E|CS|TAMS 0x00000000eef00000, 0x00000000eef00000| Complete 
| 240|0x00000000ef000000, 0x00000000ef100000, 0x00000000ef100000|100%| E|CS|TAMS 0x00000000ef000000, 0x00000000ef000000| Complete 
| 241|0x00000000ef100000, 0x00000000ef200000, 0x00000000ef200000|100%| E|CS|TAMS 0x00000000ef100000, 0x00000000ef100000| Complete 
| 242|0x00000000ef200000, 0x00000000ef300000, 0x00000000ef300000|100%| E|CS|TAMS 0x00000000ef200000, 0x00000000ef200000| Complete 
| 243|0x00000000ef300000, 0x00000000ef400000, 0x00000000ef400000|100%| E|CS|TAMS 0x00000000ef300000, 0x00000000ef300000| Complete 
| 244|0x00000000ef400000, 0x00000000ef500000, 0x00000000ef500000|100%| E|CS|TAMS 0x00000000ef400000, 0x00000000ef400000| Complete 
| 245|0x00000000ef500000, 0x00000000ef600000, 0x00000000ef600000|100%| E|CS|TAMS 0x00000000ef500000, 0x00000000ef500000| Complete 
| 246|0x00000000ef600000, 0x00000000ef700000, 0x00000000ef700000|100%| E|CS|TAMS 0x00000000ef600000, 0x00000000ef600000| Complete 
| 247|0x00000000ef700000, 0x00000000ef800000, 0x00000000ef800000|100%| E|CS|TAMS 0x00000000ef700000, 0x00000000ef700000| Complete 
| 248|0x00000000ef800000, 0x00000000ef900000, 0x00000000ef900000|100%| E|CS|TAMS 0x00000000ef800000, 0x00000000ef800000| Complete 
| 249|0x00000000ef900000, 0x00000000efa00000, 0x00000000efa00000|100%| E|CS|TAMS 0x00000000ef900000, 0x00000000ef900000| Complete 
| 250|0x00000000efa00000, 0x00000000efb00000, 0x00000000efb00000|100%| E|CS|TAMS 0x00000000efa00000, 0x00000000efa00000| Complete 
| 251|0x00000000efb00000, 0x00000000efc00000, 0x00000000efc00000|100%| E|CS|TAMS 0x00000000efb00000, 0x00000000efb00000| Complete 
| 252|0x00000000efc00000, 0x00000000efd00000, 0x00000000efd00000|100%| E|CS|TAMS 0x00000000efc00000, 0x00000000efc00000| Complete 
| 253|0x00000000efd00000, 0x00000000efe00000, 0x00000000efe00000|100%| E|CS|TAMS 0x00000000efd00000, 0x00000000efd00000| Complete 
| 254|0x00000000efe00000, 0x00000000eff00000, 0x00000000eff00000|100%| E|CS|TAMS 0x00000000efe00000, 0x00000000efe00000| Complete 
| 255|0x00000000eff00000, 0x00000000f0000000, 0x00000000f0000000|100%| E|CS|TAMS 0x00000000eff00000, 0x00000000eff00000| Complete 

Card table byte_map: [0x000002131d310000,0x000002131d410000] _byte_map_base: 0x000002131cc10000

Marking Bits (Prev, Next): (CMBitMap*) 0x0000021305b0b3f8, (CMBitMap*) 0x0000021305b0b430
 Prev Bits: [0x000002131d510000, 0x000002131dd10000)
 Next Bits: [0x000002131dd10000, 0x000002131e510000)

Polling page: 0x00000213039b0000

Metaspace:

Usage:
  Non-class:     17.94 MB capacity,    17.48 MB ( 97%) used,   393.58 KB (  2%) free+waste,    70.31 KB ( <1%) overhead. 
      Class:      2.35 MB capacity,     2.08 MB ( 89%) used,   240.99 KB ( 10%) free+waste,    34.13 KB (  1%) overhead. 
       Both:     20.28 MB capacity,    19.56 MB ( 96%) used,   634.57 KB (  3%) free+waste,   104.44 KB ( <1%) overhead. 

Virtual space:
  Non-class space:       18.00 MB reserved,      18.00 MB (100%) committed 
      Class space:        1.00 GB reserved,       2.38 MB ( <1%) committed 
             Both:        1.02 GB reserved,      20.38 MB (  2%) committed 

Chunk freelists:
   Non-Class:  256 bytes
       Class:  3.75 KB
        Both:  4.00 KB

CodeHeap 'non-profiled nmethods': size=120000Kb used=1146Kb max_used=1146Kb free=118853Kb
 bounds [0x00000213159b0000, 0x0000021315c20000, 0x000002131cee0000]
CodeHeap 'profiled nmethods': size=120000Kb used=6230Kb max_used=6230Kb free=113769Kb
 bounds [0x000002130e480000, 0x000002130eaa0000, 0x00000213159b0000]
CodeHeap 'non-nmethods': size=5760Kb used=1165Kb max_used=1178Kb free=4594Kb
 bounds [0x000002130dee0000, 0x000002130e150000, 0x000002130e480000]
 total_blobs=3267 nmethods=2763 adapters=415
 compilation: enabled
              stopped_count=0, restarted_count=0
 full_count=0

Compilation events (10 events):
Event: 1.257 Thread 0x0000021321826800 nmethod 2737 0x000002130ea7dc90 code [0x000002130ea7de40, 0x000002130ea7dfe0]
Event: 1.257 Thread 0x0000021321826800 2738       2       java.lang.StringConcatHelper::newString (46 bytes)
Event: 1.257 Thread 0x0000021321826800 nmethod 2738 0x000002130ea7e110 code [0x000002130ea7e320, 0x000002130ea7e850]
Event: 1.257 Thread 0x0000021321826800 2739       2       jdk.internal.misc.Unsafe::allocateUninitializedArray (52 bytes)
Event: 1.257 Thread 0x0000021321826800 nmethod 2739 0x000002130ea7ea90 code [0x000002130ea7ec80, 0x000002130ea7f040]
Event: 1.261 Thread 0x0000021321826800 2740       2       org.jacoco.agent.rt.internal_28bab1d.core.internal.flow.LabelInfo::resetDone (15 bytes)
Event: 1.261 Thread 0x0000021321826800 nmethod 2740 0x000002130ea7f210 code [0x000002130ea7f3c0, 0x000002130ea7f598]
Event: 1.266 Thread 0x0000021321826800 2741       2       jdk.internal.loader.BuiltinClassLoader::isSealed (70 bytes)
Event: 1.266 Thread 0x0000021321826800 nmethod 2741 0x000002130ea7f690 code [0x000002130ea7f8a0, 0x000002130ea7fc70]
Event: 1.275 Thread 0x0000021321826800 2743       2       java.lang.reflect.Constructor::<init> (50 bytes)

GC Heap History (2 events):
Event: 0.342 GC heap before
{Heap before GC invocations=0 (full 0):
 garbage-first heap   total 262144K, used 23552K [0x00000000e0000000, 0x0000000100000000)
  region size 1024K, 24 young (24576K), 0 survivors (0K)
 Metaspace       used 10443K, capacity 10646K, committed 10880K, reserved 1058816K
  class space    used 1003K, capacity 1101K, committed 1152K, reserved 1048576K
}
Event: 0.345 GC heap after
{Heap after GC invocations=1 (full 0):
 garbage-first heap   total 262144K, used 4511K [0x00000000e0000000, 0x0000000100000000)
  region size 1024K, 3 young (3072K), 3 survivors (3072K)
 Metaspace       used 10443K, capacity 10646K, committed 10880K, reserved 1058816K
  class space    used 1003K, capacity 1101K, committed 1152K, reserved 1048576K
}

Deoptimization events (10 events):
Event: 1.159 Thread 0x00000213246fc800 Uncommon trap: reason=class_check action=maybe_recompile pc=0x0000021315a5ddb0 method=org.jacoco.agent.rt.internal_28bab1d.asm.Frame.getAbstractTypeFromApiFormat(Lorg/jacoco/agent/rt/internal_28bab1d/asm/SymbolTable;Ljava/lang/Object;)I @ 19 c2
Event: 1.159 Thread 0x00000213246fc800 Uncommon trap: reason=class_check action=maybe_recompile pc=0x0000021315a5ddb0 method=org.jacoco.agent.rt.internal_28bab1d.asm.Frame.getAbstractTypeFromApiFormat(Lorg/jacoco/agent/rt/internal_28bab1d/asm/SymbolTable;Ljava/lang/Object;)I @ 19 c2
Event: 1.159 Thread 0x00000213246fc800 Uncommon trap: reason=class_check action=maybe_recompile pc=0x0000021315a5ddb0 method=org.jacoco.agent.rt.internal_28bab1d.asm.Frame.getAbstractTypeFromApiFormat(Lorg/jacoco/agent/rt/internal_28bab1d/asm/SymbolTable;Ljava/lang/Object;)I @ 19 c2
Event: 1.159 Thread 0x00000213246fc800 Uncommon trap: reason=class_check action=maybe_recompile pc=0x0000021315a5ddb0 method=org.jacoco.agent.rt.internal_28bab1d.asm.Frame.getAbstractTypeFromApiFormat(Lorg/jacoco/agent/rt/internal_28bab1d/asm/SymbolTable;Ljava/lang/Object;)I @ 19 c2
Event: 1.168 Thread 0x00000213246fc800 Uncommon trap: reason=unstable_if action=reinterpret pc=0x0000021315a47cc4 method=org.jacoco.agent.rt.internal_28bab1d.asm.commons.AnalyzerAdapter.pop(Ljava/lang/String;)V @ 65 c2
Event: 1.168 Thread 0x00000213246fc800 Uncommon trap: reason=unstable_if action=reinterpret pc=0x0000021315a33d78 method=org.jacoco.agent.rt.internal_28bab1d.asm.Type.getArgumentsAndReturnSizes(Ljava/lang/String;)I @ 121 c2
Event: 1.168 Thread 0x00000213246fc800 Uncommon trap: reason=unstable_if action=reinterpret pc=0x0000021315a487f4 method=org.jacoco.agent.rt.internal_28bab1d.asm.commons.AnalyzerAdapter.visitVarInsn(II)V @ 27 c2
Event: 1.168 Thread 0x00000213246fc800 Uncommon trap: reason=unstable_if action=reinterpret pc=0x0000021315a51754 method=org.jacoco.agent.rt.internal_28bab1d.asm.Type.getArgumentsAndReturnSizes(Ljava/lang/String;)I @ 121 c2
Event: 1.183 Thread 0x00000213246fc800 Uncommon trap: reason=unstable_if action=reinterpret pc=0x0000021315a764a8 method=org.jacoco.agent.rt.internal_28bab1d.asm.commons.AnalyzerAdapter.execute(IILjava/lang/String;)V @ 1740 c2
Event: 1.191 Thread 0x00000213246fc800 Uncommon trap: reason=unstable_if action=reinterpret pc=0x0000021315abcd3c method=jdk.internal.org.objectweb.asm.Type.getArgumentsAndReturnSizes(Ljava/lang/String;)I @ 136 c2

Classes redefined (0 events):
No events

Internal exceptions (10 events):
Event: 1.077 Thread 0x00000213246fc800 Exception <a 'java/lang/NoSuchMethodError'{0x00000000e90073c8}: java.lang.invoke.DirectMethodHandle$Holder.invokeInterface(Ljava/lang/Object;Ljava/lang/Object;Ljava/lang/Object;)Ljava/lang/Object;> (0x00000000e90073c8) thrown at [./open/src/hotspot/share/
Event: 1.101 Thread 0x00000213246fc800 Exception <a 'java/lang/NoSuchMethodError'{0x00000000e8eda2d0}: java.lang.invoke.DirectMethodHandle$Holder.invokeStatic(Ljava/lang/Object;Ljava/lang/Object;Ljava/lang/Object;Ljava/lang/Object;Ljava/lang/Object;)V> (0x00000000e8eda2d0) thrown at [./open/sr
Event: 1.127 Thread 0x00000213246fc800 Exception <a 'java/lang/ClassNotFoundException'{0x00000000e8cd0810}: sun/util/logging/resources/spi/loggingProvider> (0x00000000e8cd0810) thrown at [./open/src/hotspot/share/classfile/systemDictionary.cpp, line 228]
Event: 1.191 Thread 0x00000213246fc800 Exception <a 'java/lang/NoSuchMethodError'{0x00000000e8478398}: java.lang.invoke.DirectMethodHandle$Holder.invokeStatic(Ljava/lang/Object;Ljava/lang/Object;Ljava/lang/Object;Ljava/lang/Object;Ljava/lang/Object;Ljava/lang/Object;Ljava/lang/Object;Ljava/lan
Event: 1.192 Thread 0x00000213246fc800 Exception <a 'java/lang/NoSuchMethodError'{0x00000000e8493a40}: java.lang.invoke.DirectMethodHandle$Holder.invokeStatic(Ljava/lang/Object;Ljava/lang/Object;Ljava/lang/Object;Ljava/lang/Object;Ljava/lang/Object;Ljava/lang/Object;Ljava/lang/Object;Ljava/lan
Event: 1.193 Thread 0x00000213246fc800 Exception <a 'java/lang/NoSuchMethodError'{0x00000000e84aff80}: java.lang.invoke.DirectMethodHandle$Holder.invokeStatic(Ljava/lang/Object;Ljava/lang/Object;Ljava/lang/Object;Ljava/lang/Object;Ljava/lang/Object;Ljava/lang/Object;Ljava/lang/Object;Ljava/lan
Event: 1.208 Thread 0x00000213246fc800 Exception <a 'java/lang/NoSuchMethodError'{0x00000000e8254278}: java.lang.invoke.DirectMethodHandle$Holder.invokeStatic(Ljava/lang/Object;Ljava/lang/Object;Ljava/lang/Object;Ljava/lang/Object;Ljava/lang/Object;Ljava/lang/Object;Ljava/lang/Object;Ljava/lan
Event: 1.209 Thread 0x00000213246fc800 Exception <a 'java/lang/NoSuchMethodError'{0x00000000e8273570}: java.lang.invoke.DirectMethodHandle$Holder.invokeStatic(Ljava/lang/Object;Ljava/lang/Object;Ljava/lang/Object;Ljava/lang/Object;Ljava/lang/Object;Ljava/lang/Object;Ljava/lang/Object;Ljava/lan
Event: 1.210 Thread 0x00000213246fc800 Exception <a 'java/lang/NoSuchMethodError'{0x00000000e8293c38}: java.lang.invoke.DirectMethodHandle$Holder.invokeStatic(Ljava/lang/Object;Ljava/lang/Object;Ljava/lang/Object;Ljava/lang/Object;Ljava/lang/Object;Ljava/lang/Object;Ljava/lang/Object;Ljava/lan
Event: 1.211 Thread 0x00000213246fc800 Exception <a 'java/lang/NoSuchMethodError'{0x00000000e82b5800}: java.lang.invoke.DirectMethodHandle$Holder.invokeStatic(Ljava/lang/Object;Ljava/lang/Object;Ljava/lang/Object;Ljava/lang/Object;Ljava/lang/Object;Ljava/lang/Object;Ljava/lang/Object;Ljava/lan

Events (10 events):
Event: 1.272 loading class com/sun/javafx/font/PrismFontLoader
Event: 1.272 loading class com/sun/javafx/font/PrismFontLoader done
Event: 1.272 loading class com/sun/scenario/effect/FilterContext
Event: 1.272 loading class com/sun/scenario/effect/FilterContext done
Event: 1.273 loading class com/sun/scenario/effect/impl/prism/PrFilterContext
Event: 1.273 loading class com/sun/scenario/effect/impl/prism/PrFilterContext done
Event: 1.273 loading class com/sun/scenario/animation/AbstractMasterTimer
Event: 1.273 loading class com/sun/scenario/animation/AbstractMasterTimer done
Event: 1.274 loading class com/sun/javafx/tk/quantum/MasterTimer
Event: 1.274 loading class com/sun/javafx/tk/quantum/MasterTimer done


Dynamic libraries:
0x00007ff6968c0000 - 0x00007ff6968cf000 	C:\Program Files\Java\jdk-11.0.8\bin\java.exe
0x00007ffae3700000 - 0x00007ffae38f0000 	C:\WINDOWS\SYSTEM32\ntdll.dll
0x00007ffae2c60000 - 0x00007ffae2d12000 	C:\WINDOWS\System32\KERNEL32.DLL
0x00007ffae06f0000 - 0x00007ffae0995000 	C:\WINDOWS\System32\KERNELBASE.dll
0x00007ffae1390000 - 0x00007ffae148a000 	C:\WINDOWS\System32\ucrtbase.dll
0x00007ffad18a0000 - 0x00007ffad18b5000 	C:\Program Files\Java\jdk-11.0.8\bin\VCRUNTIME140.dll
0x00007ffad1900000 - 0x00007ffad1918000 	C:\Program Files\Java\jdk-11.0.8\bin\jli.dll
0x00007ffae3080000 - 0x00007ffae3123000 	C:\WINDOWS\System32\ADVAPI32.dll
0x00007ffae2930000 - 0x00007ffae29ce000 	C:\WINDOWS\System32\msvcrt.dll
0x00007ffae1ab0000 - 0x00007ffae1b47000 	C:\WINDOWS\System32\sechost.dll
0x00007ffae3130000 - 0x00007ffae3250000 	C:\WINDOWS\System32\RPCRT4.dll
0x00007ffae17b0000 - 0x00007ffae1945000 	C:\WINDOWS\System32\USER32.dll
0x00007ffae1600000 - 0x00007ffae1621000 	C:\WINDOWS\System32\win32u.dll
0x00007ffadfa10000 - 0x00007ffadfc94000 	C:\WINDOWS\WinSxS\amd64_microsoft.windows.common-controls_6595b64144ccf1df_6.0.18362.1082_none_9e8193e1e45b25c1\COMCTL32.dll
0x00007ffae2880000 - 0x00007ffae28a6000 	C:\WINDOWS\System32\GDI32.dll
0x00007ffae3380000 - 0x00007ffae36b5000 	C:\WINDOWS\System32\combase.dll
0x00007ffae11f0000 - 0x00007ffae1386000 	C:\WINDOWS\System32\gdi32full.dll
0x00007ffae14e0000 - 0x00007ffae157e000 	C:\WINDOWS\System32\msvcp_win.dll
0x00007ffae1580000 - 0x00007ffae1600000 	C:\WINDOWS\System32\bcryptPrimitives.dll
0x00007ffad7c80000 - 0x00007ffad7c8a000 	C:\WINDOWS\SYSTEM32\VERSION.dll
0x00007ffae2310000 - 0x00007ffae233e000 	C:\WINDOWS\System32\IMM32.DLL
0x00007ffac48b0000 - 0x00007ffac494b000 	C:\Program Files\Java\jdk-11.0.8\bin\msvcp140.dll
0x00007ffa7e550000 - 0x00007ffa7f036000 	C:\Program Files\Java\jdk-11.0.8\bin\server\jvm.dll
0x00007ffae2d20000 - 0x00007ffae2d28000 	C:\WINDOWS\System32\PSAPI.DLL
0x00007ffacf930000 - 0x00007ffacf939000 	C:\WINDOWS\SYSTEM32\WSOCK32.dll
0x00007ffaddb30000 - 0x00007ffaddb54000 	C:\WINDOWS\SYSTEM32\WINMM.dll
0x00007ffae2d30000 - 0x00007ffae2d9f000 	C:\WINDOWS\System32\WS2_32.dll
0x00007ffaddb00000 - 0x00007ffaddb2d000 	C:\WINDOWS\SYSTEM32\WINMMBASE.dll
0x00007ffae1490000 - 0x00007ffae14da000 	C:\WINDOWS\System32\cfgmgr32.dll
0x00007ffae05d0000 - 0x00007ffae05e1000 	C:\WINDOWS\System32\kernel.appcore.dll
0x00007ffad1980000 - 0x00007ffad1990000 	C:\Program Files\Java\jdk-11.0.8\bin\verify.dll
0x00007ffae00d0000 - 0x00007ffae02c4000 	C:\WINDOWS\SYSTEM32\DBGHELP.DLL
0x00007ffadfd40000 - 0x00007ffadfd6a000 	C:\WINDOWS\SYSTEM32\dbgcore.DLL
0x00007ffac4880000 - 0x00007ffac48a8000 	C:\Program Files\Java\jdk-11.0.8\bin\java.dll
0x00007ffad1890000 - 0x00007ffad189a000 	C:\Program Files\Java\jdk-11.0.8\bin\jimage.dll
0x00007ffac6890000 - 0x00007ffac689e000 	C:\Program Files\Java\jdk-11.0.8\bin\instrument.dll
0x00007ffac4860000 - 0x00007ffac4876000 	C:\Program Files\Java\jdk-11.0.8\bin\zip.dll
0x00007ffae1c20000 - 0x00007ffae2307000 	C:\WINDOWS\System32\SHELL32.dll
0x00007ffae32d0000 - 0x00007ffae3379000 	C:\WINDOWS\System32\shcore.dll
0x00007ffae0a70000 - 0x00007ffae11f0000 	C:\WINDOWS\System32\windows.storage.dll
0x00007ffae0660000 - 0x00007ffae0683000 	C:\WINDOWS\System32\profapi.dll
0x00007ffae0610000 - 0x00007ffae065a000 	C:\WINDOWS\System32\powrprof.dll
0x00007ffae05c0000 - 0x00007ffae05d0000 	C:\WINDOWS\System32\UMPDC.dll
0x00007ffae2fa0000 - 0x00007ffae2ff2000 	C:\WINDOWS\System32\shlwapi.dll
0x00007ffae09a0000 - 0x00007ffae09b7000 	C:\WINDOWS\System32\cryptsp.dll
0x00007ffac4840000 - 0x00007ffac4859000 	C:\Program Files\Java\jdk-11.0.8\bin\net.dll
0x00007ffad7630000 - 0x00007ffad7720000 	C:\WINDOWS\SYSTEM32\WINHTTP.dll
0x00007ffadf7b0000 - 0x00007ffadf817000 	C:\WINDOWS\system32\mswsock.dll
0x00007ffac4820000 - 0x00007ffac4832000 	C:\Program Files\Java\jdk-11.0.8\bin\nio.dll
0x00007ffacec00000 - 0x00007ffacec16000 	C:\WINDOWS\system32\napinsp.dll
0x00007ffacebe0000 - 0x00007ffacebfa000 	C:\WINDOWS\system32\pnrpnsp.dll
0x00007ffadf4e0000 - 0x00007ffadf5ab000 	C:\WINDOWS\SYSTEM32\DNSAPI.dll
0x00007ffae2e50000 - 0x00007ffae2e58000 	C:\WINDOWS\System32\NSI.dll
0x00007ffadf4a0000 - 0x00007ffadf4da000 	C:\WINDOWS\SYSTEM32\IPHLPAPI.DLL
0x00007ffacebd0000 - 0x00007ffacebde000 	C:\WINDOWS\System32\winrnr.dll
0x00007ffadc840000 - 0x00007ffadc85c000 	C:\WINDOWS\system32\NLAapi.dll
0x00007ffacebb0000 - 0x00007ffacebc5000 	C:\WINDOWS\system32\wshbth.dll
0x00007ffad75f0000 - 0x00007ffad75fa000 	C:\Windows\System32\rasadhlp.dll
0x00007ffad7890000 - 0x00007ffad7907000 	C:\WINDOWS\System32\fwpuclnt.dll
0x00007ffae1780000 - 0x00007ffae17a6000 	C:\WINDOWS\System32\bcrypt.dll
0x00007ffadf300000 - 0x00007ffadf333000 	C:\WINDOWS\system32\rsaenh.dll
0x00007ffae04e0000 - 0x00007ffae0505000 	C:\WINDOWS\SYSTEM32\USERENV.dll
0x00007ffadf980000 - 0x00007ffadf98c000 	C:\WINDOWS\SYSTEM32\CRYPTBASE.dll
0x00007ffad7aa0000 - 0x00007ffad7ab6000 	C:\WINDOWS\SYSTEM32\dhcpcsvc6.DLL
0x00007ffad7a80000 - 0x00007ffad7a9c000 	C:\WINDOWS\SYSTEM32\dhcpcsvc.DLL
0x0000021303a00000 - 0x0000021303a03000 	C:\Program Files\Java\jdk-11.0.8\bin\api-ms-win-core-console-l1-1-0.dll
0x0000021305a30000 - 0x0000021305a33000 	C:\Program Files\Java\jdk-11.0.8\bin\api-ms-win-core-datetime-l1-1-0.dll
0x0000021305a40000 - 0x0000021305a43000 	C:\Program Files\Java\jdk-11.0.8\bin\api-ms-win-core-debug-l1-1-0.dll
0x0000021305a50000 - 0x0000021305a53000 	C:\Program Files\Java\jdk-11.0.8\bin\api-ms-win-core-errorhandling-l1-1-0.dll
0x0000021305a60000 - 0x0000021305a64000 	C:\Program Files\Java\jdk-11.0.8\bin\api-ms-win-core-file-l1-1-0.dll
0x0000021305a70000 - 0x0000021305a73000 	C:\Program Files\Java\jdk-11.0.8\bin\api-ms-win-core-file-l1-2-0.dll
0x0000021305a80000 - 0x0000021305a83000 	C:\Program Files\Java\jdk-11.0.8\bin\api-ms-win-core-file-l2-1-0.dll
0x0000021305a90000 - 0x0000021305a93000 	C:\Program Files\Java\jdk-11.0.8\bin\api-ms-win-core-handle-l1-1-0.dll
0x0000021305aa0000 - 0x0000021305aa3000 	C:\Program Files\Java\jdk-11.0.8\bin\api-ms-win-core-heap-l1-1-0.dll
0x0000021326040000 - 0x0000021326043000 	C:\Program Files\Java\jdk-11.0.8\bin\api-ms-win-core-interlocked-l1-1-0.dll
0x0000021326050000 - 0x0000021326053000 	C:\Program Files\Java\jdk-11.0.8\bin\api-ms-win-core-libraryloader-l1-1-0.dll
0x0000021326060000 - 0x0000021326063000 	C:\Program Files\Java\jdk-11.0.8\bin\api-ms-win-core-localization-l1-2-0.dll
0x0000021326070000 - 0x0000021326073000 	C:\Program Files\Java\jdk-11.0.8\bin\api-ms-win-core-memory-l1-1-0.dll
0x0000021326080000 - 0x0000021326083000 	C:\Program Files\Java\jdk-11.0.8\bin\api-ms-win-core-namedpipe-l1-1-0.dll
0x00000213261a0000 - 0x00000213261a3000 	C:\Program Files\Java\jdk-11.0.8\bin\api-ms-win-core-processenvironment-l1-1-0.dll
0x0000021326090000 - 0x0000021326093000 	C:\Program Files\Java\jdk-11.0.8\bin\api-ms-win-core-processthreads-l1-1-0.dll
0x00000213260a0000 - 0x00000213260a3000 	C:\Program Files\Java\jdk-11.0.8\bin\api-ms-win-core-processthreads-l1-1-1.dll
0x00000213260b0000 - 0x00000213260b3000 	C:\Program Files\Java\jdk-11.0.8\bin\api-ms-win-core-profile-l1-1-0.dll
0x00000213260c0000 - 0x00000213260c3000 	C:\Program Files\Java\jdk-11.0.8\bin\api-ms-win-core-rtlsupport-l1-1-0.dll
0x00000213260d0000 - 0x00000213260d3000 	C:\Program Files\Java\jdk-11.0.8\bin\api-ms-win-core-string-l1-1-0.dll
0x00000213260e0000 - 0x00000213260e3000 	C:\Program Files\Java\jdk-11.0.8\bin\api-ms-win-core-synch-l1-1-0.dll
0x00000213260f0000 - 0x00000213260f3000 	C:\Program Files\Java\jdk-11.0.8\bin\api-ms-win-core-synch-l1-2-0.dll
0x0000021326100000 - 0x0000021326103000 	C:\Program Files\Java\jdk-11.0.8\bin\api-ms-win-core-sysinfo-l1-1-0.dll
0x0000021326110000 - 0x0000021326113000 	C:\Program Files\Java\jdk-11.0.8\bin\api-ms-win-core-timezone-l1-1-0.dll
0x0000021326120000 - 0x0000021326123000 	C:\Program Files\Java\jdk-11.0.8\bin\api-ms-win-core-util-l1-1-0.dll
0x0000021326130000 - 0x0000021326133000 	C:\Program Files\Java\jdk-11.0.8\bin\api-ms-win-crt-conio-l1-1-0.dll
0x0000021326140000 - 0x0000021326144000 	C:\Program Files\Java\jdk-11.0.8\bin\api-ms-win-crt-convert-l1-1-0.dll
0x0000021326150000 - 0x0000021326153000 	C:\Program Files\Java\jdk-11.0.8\bin\api-ms-win-crt-environment-l1-1-0.dll
0x0000021326160000 - 0x0000021326163000 	C:\Program Files\Java\jdk-11.0.8\bin\api-ms-win-crt-filesystem-l1-1-0.dll
0x0000021326170000 - 0x0000021326173000 	C:\Program Files\Java\jdk-11.0.8\bin\api-ms-win-crt-heap-l1-1-0.dll
0x0000021326180000 - 0x0000021326183000 	C:\Program Files\Java\jdk-11.0.8\bin\api-ms-win-crt-locale-l1-1-0.dll
0x0000021326190000 - 0x0000021326195000 	C:\Program Files\Java\jdk-11.0.8\bin\api-ms-win-crt-math-l1-1-0.dll
0x0000021327580000 - 0x0000021327585000 	C:\Program Files\Java\jdk-11.0.8\bin\api-ms-win-crt-multibyte-l1-1-0.dll
0x0000021327590000 - 0x00000213275a0000 	C:\Program Files\Java\jdk-11.0.8\bin\api-ms-win-crt-private-l1-1-0.dll
0x00000213275a0000 - 0x00000213275a3000 	C:\Program Files\Java\jdk-11.0.8\bin\api-ms-win-crt-process-l1-1-0.dll
0x00000213275b0000 - 0x00000213275b4000 	C:\Program Files\Java\jdk-11.0.8\bin\api-ms-win-crt-runtime-l1-1-0.dll
0x00000213275c0000 - 0x00000213275c4000 	C:\Program Files\Java\jdk-11.0.8\bin\api-ms-win-crt-stdio-l1-1-0.dll
0x00000213275d0000 - 0x00000213275d4000 	C:\Program Files\Java\jdk-11.0.8\bin\api-ms-win-crt-string-l1-1-0.dll
0x00000213275e0000 - 0x00000213275e3000 	C:\Program Files\Java\jdk-11.0.8\bin\api-ms-win-crt-time-l1-1-0.dll
0x0000021327180000 - 0x0000021327183000 	C:\Program Files\Java\jdk-11.0.8\bin\api-ms-win-crt-utility-l1-1-0.dll
0x00007ffaa2f20000 - 0x00007ffaa301c000 	C:\Program Files\Java\jdk-11.0.8\bin\ucrtbase.dll
0x00007ffac0fb0000 - 0x00007ffac0ffd000 	C:\Windows\System32\concrt140.dll
0x00007fface710000 - 0x00007fface71c000 	C:\WINDOWS\SYSTEM32\VCRUNTIME140_1.dll
0x00007ffabd650000 - 0x00007ffabd673000 	C:\Users\Administrator\.openjfx\cache\11\prism_d3d.dll
0x00007ffad57b0000 - 0x00007ffad5977000 	C:\WINDOWS\system32\d3d9.dll
0x00007ffade7b0000 - 0x00007ffade7dd000 	C:\WINDOWS\SYSTEM32\dwmapi.dll
0x00007ffadeba0000 - 0x00007ffadebc0000 	C:\WINDOWS\SYSTEM32\dxcore.dll
0x00007ffade380000 - 0x00007ffade419000 	C:\WINDOWS\system32\uxtheme.dll
0x00007ffad7d00000 - 0x00007ffad7def000 	C:\WINDOWS\System32\DriverStore\FileRepository\nv_dispi.inf_amd64_93eff437a314841a\nvldumdx.dll
0x00007ffae1630000 - 0x00007ffae1779000 	C:\WINDOWS\System32\crypt32.dll
0x00007ffae05f0000 - 0x00007ffae0602000 	C:\WINDOWS\System32\MSASN1.dll
0x00007ffae0690000 - 0x00007ffae06ec000 	C:\WINDOWS\System32\WINTRUST.DLL
0x00007ffae3000000 - 0x00007ffae301d000 	C:\WINDOWS\System32\imagehlp.dll
0x00007ffa81be0000 - 0x00007ffa830e3000 	C:\WINDOWS\System32\DriverStore\FileRepository\nv_dispi.inf_amd64_93eff437a314841a\nvd3dumx.dll

dbghelp: loaded successfully - version: 4.0.5 - missing functions: none
symbol engine: initialized successfully - sym options: 0x614 - pdb path: .;C:\Program Files\Java\jdk-11.0.8\bin;C:\WINDOWS\SYSTEM32;C:\WINDOWS\WinSxS\amd64_microsoft.windows.common-controls_6595b64144ccf1df_6.0.18362.1082_none_9e8193e1e45b25c1;C:\Program Files\Java\jdk-11.0.8\bin\server;C:\Users\Administrator\.openjfx\cache\11;C:\WINDOWS\System32\DriverStore\FileRepository\nv_dispi.inf_amd64_93eff437a314841a

VM Arguments:
jvm_args: -Dorg.gradle.native=false -javaagent:build/tmp/expandedArchives/org.jacoco.agent-0.8.2.jar_2aca8b620b19ecd063f63feff8caaa38/jacocoagent.jar=destfile=build/jacoco/test.exec,append=true,inclnolocationclasses=false,dumponexit=true,output=file,jmx=false -Xmx512m -Dfile.encoding=UTF-8 -Duser.country=US -Duser.language=en -Duser.variant -ea 
java_command: worker.org.gradle.process.internal.worker.GradleWorkerMain 'Gradle Test Executor 27'
java_class_path (initial): C:\\Users\\Administrator\\.gradle\\caches\\5.2.1\\workerMain\\gradle-worker.jar;D:\\repo\\tp\\build\\classes\\java\\test;D:\\repo\\tp\\build\\resources\\test;D:\\repo\\tp\\build\\classes\\java\\main;D:\\repo\\tp\\build\\resources\\main;C:\\Users\\Administrator\\.gradle\\caches\\modules-2\\files-2.1\\org.openjfx\\javafx-fxml\\11\\d5ff9262ef49d166db658d15f37e3ecff38fde4b\\javafx-fxml-11-win.jar;C:\\Users\\Administrator\\.gradle\\caches\\modules-2\\files-2.1\\org.openjfx\\javafx-fxml\\11\\e0f5bb81e21054b59f2ebfa727d40a90ee0260d3\\javafx-fxml-11-mac.jar;C:\\Users\\Administrator\\.gradle\\caches\\modules-2\\files-2.1\\org.openjfx\\javafx-fxml\\11\\e7a757b580fc3e2e1a121768606c7836eef418c\\javafx-fxml-11-linux.jar;C:\\Users\\Administrator\\.gradle\\caches\\modules-2\\files-2.1\\org.openjfx\\javafx-controls\\11\\af8d24de44e16a19ae959028eb23a48c145fb682\\javafx-controls-11-win.jar;C:\\Users\\Administrator\\.gradle\\caches\\modules-2\\files-2.1\\org.openjfx\\javafx-controls\\11\\e3a24a14e8732abc6dc173f15872dc63e2a32e16\\javafx-controls-11-mac.jar;C:\\Users\\Administrator\\.gradle\\caches\\modules-2\\files-2.1\\org.openjfx\\javafx-controls\\11\\794488e3b1f4635d9a1b842bdc872a5eb8fd54ca\\javafx-controls-11-linux.jar;C:\\Users\\Administrator\\.gradle\\caches\\modules-2\\files-2.1\\org.openjfx\\javafx-controls\\11\\58d961774262ec972bf304e16c154a8e18c2050b\\javafx-controls-11.jar;C:\\Users\\Administrator\\.gradle\\caches\\modules-2\\files-2.1\\org.openjfx\\javafx-graphics\\11\\9345c7ea43dbcc73a62eca5332717b4ce617e6c6\\javafx-graphics-11-win.jar;C:\\Users\\Administrator\\.gradle\\caches\\modules-2\\files-2.1\\org.openjfx\\javafx-graphics\\11\\af47a6d3668d3ce1c61e1fe13c44471b6f8d469\\javafx-graphics-11-mac.jar;C:\\Users\\Administrator\\.gradle\\caches\\modules-2\\files-2.1\\org.openjfx\\javafx-graphics\\11\\4ab9edd8d481a420044c473fdb5718ccdd35c836\\javafx-graphics-11-linux.jar;C:\\Users\\Administrator\\.gradle\\caches\\modules-2\\files-2.1\\org.openjfx\\j
Launcher Type: SUN_STANDARD

[Global flags]
     intx CICompilerCount                          = 4                                         {product} {ergonomic}
     uint ConcGCThreads                            = 2                                         {product} {ergonomic}
     uint G1ConcRefinementThreads                  = 8                                         {product} {ergonomic}
   size_t G1HeapRegionSize                         = 1048576                                   {product} {ergonomic}
    uintx GCDrainStackTargetSize                   = 64                                        {product} {ergonomic}
   size_t InitialHeapSize                          = 268435456                                 {product} {ergonomic}
   size_t MarkStackSize                            = 4194304                                   {product} {ergonomic}
   size_t MaxHeapSize                              = 536870912                                 {product} {command line}
   size_t MaxNewSize                               = 321912832                                 {product} {ergonomic}
   size_t MinHeapDeltaBytes                        = 1048576                                   {product} {ergonomic}
    uintx NonNMethodCodeHeapSize                   = 5836300                                {pd product} {ergonomic}
    uintx NonProfiledCodeHeapSize                  = 122910970                              {pd product} {ergonomic}
    uintx ProfiledCodeHeapSize                     = 122910970                              {pd product} {ergonomic}
    uintx ReservedCodeCacheSize                    = 251658240                              {pd product} {ergonomic}
     bool SegmentedCodeCache                       = true                                      {product} {ergonomic}
     bool UseCompressedClassPointers               = true                                 {lp64_product} {ergonomic}
     bool UseCompressedOops                        = true                                 {lp64_product} {ergonomic}
     bool UseG1GC                                  = true                                      {product} {ergonomic}
     bool UseLargePagesIndividualAllocation        = false                                  {pd product} {ergonomic}

Logging:
Log output configuration:
 #0: stdout all=warning uptime,level,tags
 #1: stderr all=off uptime,level,tags

Environment Variables:
JAVA_HOME=C:\Program Files\Java\jdk-11.0.8
JRE_HOME=C:\Program Files\Java\jre1.8.0_251
PATH=C:\Program Files\Common Files\Oracle\Java\javapath;D:\Program Files\VanDyke Software\Clients\;C:\Program Files (x86)\Common Files\Intel\Shared Libraries\redist\intel64\compiler;C:\Program Files (x86)\Common Files\Oracle\Java\javapath;C:\Program Files\Java\jdk-11.0.8\bin;C:\windows\system32;C:\windows;C:\windows\System32\Wbem;C:\windows\System32\WindowsPowerShell\v1.0\;C:\windows\System32\OpenSSH\;C:\Program Files (x86)\NVIDIA Corporation\PhysX\Common;C:\Program Files\NVIDIA Corporation\NVIDIA NvDLISR;C:\Program Files (x86)\Vim\vim82;C:\WINDOWS\system32;C:\WINDOWS;C:\WINDOWS\System32\Wbem;C:\WINDOWS\System32\WindowsPowerShell\v1.0\;C:\WINDOWS\System32\OpenSSH\;D:\mysql-8.0.20-winx64\bin\;D:\apache-maven-3.3.9\bin;D:\Program Files\PuTTY\;C:\Program Files\nodejs\;C:\Program Files\Git\cmd;C:\Program Files\dotnet\;C:\Program Files\Microsoft SQL Server\130\Tools\Binn\;C:\Program Files\Microsoft SQL Server\Client SDK\ODBC\170\Tools\Binn\;C:\Users\Administrator\AppData\Local\Programs\Python\Python37\Scripts\;C:\Users\Administrator\AppData\Local\Programs\Python\Python37\;C:\Users\Administrator\AppData\Local\Microsoft\WindowsApps;D:\Program Files (x86)\Microsoft VS Code\bin;C:\Users\Administrator\AppData\Roaming\npm;C:\Program Files (x86)\SSH Communications Security\SSH Secure Shell;C:\Users\Administrator\.dotnet\tools;D:\Program Files (x86)\mingw64\bin;
USERNAME=Administrator
OS=Windows_NT
PROCESSOR_IDENTIFIER=Intel64 Family 6 Model 158 Stepping 9, GenuineIntel



---------------  S Y S T E M  ---------------

OS: Windows 10 , 64 bit Build 18362 (10.0.18362.1082)

CPU:total 8 (initial active 8) (4 cores per cpu, 2 threads per core) family 6 model 158 stepping 9, cmov, cx8, fxsr, mmx, sse, sse2, sse3, ssse3, sse4.1, sse4.2, popcnt, avx, avx2, aes, clmul, erms, rtm, 3dnowpref, lzcnt, ht, tsc, tscinvbit, bmi1, bmi2, adx, fma

Memory: 4k page, system-wide physical 16314M (7398M free)
TotalPageFile size 18407M (AvailPageFile size 3513M)
current process WorkingSet (physical memory assigned to process): 307M, peak: 307M
current process commit charge ("private bytes"): 454M, peak: 454M

vm_info: Java HotSpot(TM) 64-Bit Server VM (11.0.8+10-LTS) for windows-amd64 JRE (11.0.8+10-LTS), built on Jun 16 2020 05:53:08 by "mach5one" with unknown MS VC++:1916

END.
